This is pdfTeX, Version 3.14159265-2.6-1.40.21 (TeX Live 2020) (preloaded format=pdflatex 2020.10.2)  14 APR 2023 10:56
entering extended mode
 restricted \write18 enabled.
 file:line:error style messages enabled.
 %&-line parsing enabled.
**/lustre/fs22/group/atlas/freder/hh/thesis/main.tex
(/lustre/fs22/group/atlas/freder/hh/thesis/main.tex
LaTeX2e <2020-02-02> patch level 5
L3 programming layer <2020-09-24> (/cvmfs/sft.cern.ch/lcg/external/texlive/2020/texmf-dist/tex/latex/base/book.cls
Document Class: book 2019/12/20 v1.4l Standard LaTeX document class
(/cvmfs/sft.cern.ch/lcg/external/texlive/2020/texmf-dist/tex/latex/base/bk12.clo
File: bk12.clo 2019/12/20 v1.4l Standard LaTeX file (size option)
)
\c@part=\count168
\c@chapter=\count169
\c@section=\count170
\c@subsection=\count171
\c@subsubsection=\count172
\c@paragraph=\count173
\c@subparagraph=\count174
\c@figure=\count175
\c@table=\count176
\abovecaptionskip=\skip47
\belowcaptionskip=\skip48
\bibindent=\dimen134
) (/cvmfs/sft.cern.ch/lcg/external/texlive/2020/texmf-dist/tex/generic/babel/babel.sty
Package: babel 2020/09/01 3.48 The Babel package
 (/cvmfs/sft.cern.ch/lcg/external/texlive/2020/texmf-dist/tex/generic/babel/babel.def
File: babel.def 2020/09/01 3.48 Babel common definitions
\babel@savecnt=\count177
\U@D=\dimen135
\l@babelnohyphens=\language86
 (/cvmfs/sft.cern.ch/lcg/external/texlive/2020/texmf-dist/tex/generic/babel/txtbabel.def)
\bbl@readstream=\read2
)
\bbl@dirlevel=\count178
 (/cvmfs/sft.cern.ch/lcg/external/texlive/2020/texmf-dist/tex/generic/babel-english/english.ldf
Language: english 2017/06/06 v3.3r English support from the babel system
Package babel Info: \l@canadian = using hyphenrules for english
(babel)             (\language0) on input line 102.
Package babel Info: \l@australian = using hyphenrules for ukenglish
(babel)             (\language21) on input line 105.
Package babel Info: \l@newzealand = using hyphenrules for ukenglish
(babel)             (\language21) on input line 108.
)) (/cvmfs/sft.cern.ch/lcg/external/texlive/2020/texmf-dist/tex/latex/base/inputenc.sty
Package: inputenc 2018/08/11 v1.3c Input encoding file
\inpenc@prehook=\toks15
\inpenc@posthook=\toks16
) (/cvmfs/sft.cern.ch/lcg/external/texlive/2020/texmf-dist/tex/latex/base/fontenc.sty
Package: fontenc 2020/02/11 v2.0o Standard LaTeX package
) (/cvmfs/sft.cern.ch/lcg/external/texlive/2020/texmf-dist/tex/latex/amsmath/amsmath.sty
Package: amsmath 2020/01/20 v2.17e AMS math features
\@mathmargin=\skip49

For additional information on amsmath, use the `?' option.
(/cvmfs/sft.cern.ch/lcg/external/texlive/2020/texmf-dist/tex/latex/amsmath/amstext.sty
Package: amstext 2000/06/29 v2.01 AMS text
 (/cvmfs/sft.cern.ch/lcg/external/texlive/2020/texmf-dist/tex/latex/amsmath/amsgen.sty
File: amsgen.sty 1999/11/30 v2.0 generic functions
\@emptytoks=\toks17
\ex@=\dimen136
)) (/cvmfs/sft.cern.ch/lcg/external/texlive/2020/texmf-dist/tex/latex/amsmath/amsbsy.sty
Package: amsbsy 1999/11/29 v1.2d Bold Symbols
\pmbraise@=\dimen137
) (/cvmfs/sft.cern.ch/lcg/external/texlive/2020/texmf-dist/tex/latex/amsmath/amsopn.sty
Package: amsopn 2016/03/08 v2.02 operator names
)
\inf@bad=\count179
LaTeX Info: Redefining \frac on input line 227.
\uproot@=\count180
\leftroot@=\count181
LaTeX Info: Redefining \overline on input line 389.
\classnum@=\count182
\DOTSCASE@=\count183
LaTeX Info: Redefining \ldots on input line 486.
LaTeX Info: Redefining \dots on input line 489.
LaTeX Info: Redefining \cdots on input line 610.
\Mathstrutbox@=\box45
\strutbox@=\box46
\big@size=\dimen138
LaTeX Font Info:    Redeclaring font encoding OML on input line 733.
LaTeX Font Info:    Redeclaring font encoding OMS on input line 734.
\macc@depth=\count184
\c@MaxMatrixCols=\count185
\dotsspace@=\muskip16
\c@parentequation=\count186
\dspbrk@lvl=\count187
\tag@help=\toks18
\row@=\count188
\column@=\count189
\maxfields@=\count190
\andhelp@=\toks19
\eqnshift@=\dimen139
\alignsep@=\dimen140
\tagshift@=\dimen141
\tagwidth@=\dimen142
\totwidth@=\dimen143
\lineht@=\dimen144
\@envbody=\toks20
\multlinegap=\skip50
\multlinetaggap=\skip51
\mathdisplay@stack=\toks21
LaTeX Info: Redefining \[ on input line 2859.
LaTeX Info: Redefining \] on input line 2860.
) (/cvmfs/sft.cern.ch/lcg/external/texlive/2020/texmf-dist/tex/latex/mathtools/mathtools.sty
Package: mathtools 2020/03/24 v1.24 mathematical typesetting tools
 (/cvmfs/sft.cern.ch/lcg/external/texlive/2020/texmf-dist/tex/latex/graphics/keyval.sty
Package: keyval 2014/10/28 v1.15 key=value parser (DPC)
\KV@toks@=\toks22
) (/cvmfs/sft.cern.ch/lcg/external/texlive/2020/texmf-dist/tex/latex/tools/calc.sty
Package: calc 2017/05/25 v4.3 Infix arithmetic (KKT,FJ)
\calc@Acount=\count191
\calc@Bcount=\count192
\calc@Adimen=\dimen145
\calc@Bdimen=\dimen146
\calc@Askip=\skip52
\calc@Bskip=\skip53
LaTeX Info: Redefining \setlength on input line 80.
LaTeX Info: Redefining \addtolength on input line 81.
\calc@Ccount=\count193
\calc@Cskip=\skip54
) (/cvmfs/sft.cern.ch/lcg/external/texlive/2020/texmf-dist/tex/latex/mathtools/mhsetup.sty
Package: mhsetup 2017/03/31 v1.3 programming setup (MH)
)
LaTeX Info: Thecontrolsequence`\('isalreadyrobust on input line 130.
LaTeX Info: Thecontrolsequence`\)'isalreadyrobust on input line 130.
LaTeX Info: Thecontrolsequence`\['isalreadyrobust on input line 130.
LaTeX Info: Thecontrolsequence`\]'isalreadyrobust on input line 130.
\g_MT_multlinerow_int=\count194
\l_MT_multwidth_dim=\dimen147
\origjot=\skip55
\l_MT_shortvdotswithinadjustabove_dim=\dimen148
\l_MT_shortvdotswithinadjustbelow_dim=\dimen149
\l_MT_above_intertext_sep=\dimen150
\l_MT_below_intertext_sep=\dimen151
\l_MT_above_shortintertext_sep=\dimen152
\l_MT_below_shortintertext_sep=\dimen153
\xmathstrut@box=\box47
\xmathstrut@dim=\dimen154
) (/cvmfs/sft.cern.ch/lcg/external/texlive/2020/texmf-dist/tex/latex/amsfonts/amsfonts.sty
Package: amsfonts 2013/01/14 v3.01 Basic AMSFonts support
\symAMSa=\mathgroup4
\symAMSb=\mathgroup5
LaTeX Font Info:    Redeclaring math symbol \hbar on input line 98.
LaTeX Font Info:    Overwriting math alphabet `\mathfrak' in version `bold'
(Font)                  U/euf/m/n --> U/euf/b/n on input line 106.
) (/cvmfs/sft.cern.ch/lcg/external/texlive/2020/texmf-dist/tex/latex/amsfonts/amssymb.sty
Package: amssymb 2013/01/14 v3.01 AMS font symbols
) (/cvmfs/sft.cern.ch/lcg/external/texlive/2020/texmf-dist/tex/latex/bbold/bbold.sty
Package: bbold 1994/04/06 Bbold symbol package
LaTeX Font Info:    Redeclaring math alphabet \mathbb on input line 42.
) (/cvmfs/sft.cern.ch/lcg/external/texlive/2020/texmf-dist/tex/latex/esdiff/esdiff.sty
Package: esdiff 
) (/cvmfs/sft.cern.ch/lcg/external/texlive/2020/texmf-dist/tex/latex/graphics/graphicx.sty
Package: graphicx 2019/11/30 v1.2a Enhanced LaTeX Graphics (DPC,SPQR)
 (/cvmfs/sft.cern.ch/lcg/external/texlive/2020/texmf-dist/tex/latex/graphics/graphics.sty
Package: graphics 2019/11/30 v1.4a Standard LaTeX Graphics (DPC,SPQR)
 (/cvmfs/sft.cern.ch/lcg/external/texlive/2020/texmf-dist/tex/latex/graphics/trig.sty
Package: trig 2016/01/03 v1.10 sin cos tan (DPC)
) (/cvmfs/sft.cern.ch/lcg/external/texlive/2020/texmf-dist/tex/latex/graphics-cfg/graphics.cfg
File: graphics.cfg 2016/06/04 v1.11 sample graphics configuration
)
Package graphics Info: Driver file: pdftex.def on input line 105.
 (/cvmfs/sft.cern.ch/lcg/external/texlive/2020/texmf-dist/tex/latex/graphics-def/pdftex.def
File: pdftex.def 2020/08/26 v1.2 Graphics/color driver for pdftex
))
\Gin@req@height=\dimen155
\Gin@req@width=\dimen156
) (/cvmfs/sft.cern.ch/lcg/external/texlive/2020/texmf-dist/tex/latex/natbib/natbib.sty
Package: natbib 2010/09/13 8.31b (PWD, AO)
\bibhang=\skip56
\bibsep=\skip57
LaTeX Info: Redefining \cite on input line 694.
\c@NAT@ctr=\count195
) (/cvmfs/sft.cern.ch/lcg/external/texlive/2020/texmf-dist/tex/latex/doi/doi.sty
Package: doi 2018/09/09 handle doi numbers
 (/cvmfs/sft.cern.ch/lcg/external/texlive/2020/texmf-dist/tex/latex/hyperref/hyperref.sty
Package: hyperref 2020-05-15 v7.00e Hypertext links for LaTeX
 (/cvmfs/sft.cern.ch/lcg/external/texlive/2020/texmf-dist/tex/generic/ltxcmds/ltxcmds.sty
Package: ltxcmds 2020-05-10 v1.25 LaTeX kernel commands for general use (HO)
) (/cvmfs/sft.cern.ch/lcg/external/texlive/2020/texmf-dist/tex/generic/iftex/iftex.sty
Package: iftex 2020/03/06 v1.0d TeX engine tests
) (/cvmfs/sft.cern.ch/lcg/external/texlive/2020/texmf-dist/tex/generic/pdftexcmds/pdftexcmds.sty
Package: pdftexcmds 2020-06-27 v0.33 Utility functions of pdfTeX for LuaTeX (HO)
 (/cvmfs/sft.cern.ch/lcg/external/texlive/2020/texmf-dist/tex/generic/infwarerr/infwarerr.sty
Package: infwarerr 2019/12/03 v1.5 Providing info/warning/error messages (HO)
)
Package pdftexcmds Info: \pdf@primitive is available.
Package pdftexcmds Info: \pdf@ifprimitive is available.
Package pdftexcmds Info: \pdfdraftmode found.
) (/cvmfs/sft.cern.ch/lcg/external/texlive/2020/texmf-dist/tex/generic/kvsetkeys/kvsetkeys.sty
Package: kvsetkeys 2019/12/15 v1.18 Key value parser (HO)
) (/cvmfs/sft.cern.ch/lcg/external/texlive/2020/texmf-dist/tex/generic/kvdefinekeys/kvdefinekeys.sty
Package: kvdefinekeys 2019-12-19 v1.6 Define keys (HO)
) (/cvmfs/sft.cern.ch/lcg/external/texlive/2020/texmf-dist/tex/generic/pdfescape/pdfescape.sty
Package: pdfescape 2019/12/09 v1.15 Implements pdfTeX's escape features (HO)
) (/cvmfs/sft.cern.ch/lcg/external/texlive/2020/texmf-dist/tex/latex/hycolor/hycolor.sty
Package: hycolor 2020-01-27 v1.10 Color options for hyperref/bookmark (HO)
) (/cvmfs/sft.cern.ch/lcg/external/texlive/2020/texmf-dist/tex/latex/letltxmacro/letltxmacro.sty
Package: letltxmacro 2019/12/03 v1.6 Let assignment for LaTeX macros (HO)
) (/cvmfs/sft.cern.ch/lcg/external/texlive/2020/texmf-dist/tex/latex/auxhook/auxhook.sty
Package: auxhook 2019-12-17 v1.6 Hooks for auxiliary files (HO)
) (/cvmfs/sft.cern.ch/lcg/external/texlive/2020/texmf-dist/tex/latex/kvoptions/kvoptions.sty
Package: kvoptions 2019/11/29 v3.13 Key value format for package options (HO)
)
\@linkdim=\dimen157
\Hy@linkcounter=\count196
\Hy@pagecounter=\count197
 (/cvmfs/sft.cern.ch/lcg/external/texlive/2020/texmf-dist/tex/latex/hyperref/pd1enc.def
File: pd1enc.def 2020-05-15 v7.00e Hyperref: PDFDocEncoding definition (HO)
Now handling font encoding PD1 ...
... no UTF-8 mapping file for font encoding PD1
) (/cvmfs/sft.cern.ch/lcg/external/texlive/2020/texmf-dist/tex/generic/intcalc/intcalc.sty
Package: intcalc 2019/12/15 v1.3 Expandable calculations with integers (HO)
) (/cvmfs/sft.cern.ch/lcg/external/texlive/2020/texmf-dist/tex/generic/etexcmds/etexcmds.sty
Package: etexcmds 2019/12/15 v1.7 Avoid name clashes with e-TeX commands (HO)
)
\Hy@SavedSpaceFactor=\count198
Package hyperref Info: Option `final' set `true' on input line 4338.
Package hyperref Info: Hyper figures OFF on input line 4464.
Package hyperref Info: Link nesting OFF on input line 4469.
Package hyperref Info: Hyper index ON on input line 4472.
Package hyperref Info: Plain pages OFF on input line 4479.
Package hyperref Info: Backreferencing OFF on input line 4484.
Package hyperref Info: Implicit mode ON; LaTeX internals redefined.
Package hyperref Info: Bookmarks ON on input line 4717.
\c@Hy@tempcnt=\count199
 (/cvmfs/sft.cern.ch/lcg/external/texlive/2020/texmf-dist/tex/latex/url/url.sty
\Urlmuskip=\muskip17
Package: url 2013/09/16  ver 3.4  Verb mode for urls, etc.
)
LaTeX Info: Redefining \url on input line 5076.
\XeTeXLinkMargin=\dimen158
 (/cvmfs/sft.cern.ch/lcg/external/texlive/2020/texmf-dist/tex/generic/bitset/bitset.sty
Package: bitset 2019/12/09 v1.3 Handle bit-vector datatype (HO)
 (/cvmfs/sft.cern.ch/lcg/external/texlive/2020/texmf-dist/tex/generic/bigintcalc/bigintcalc.sty
Package: bigintcalc 2019/12/15 v1.5 Expandable calculations on big integers (HO)
))
\Fld@menulength=\count266
\Field@Width=\dimen159
\Fld@charsize=\dimen160
Package hyperref Info: Hyper figures OFF on input line 6347.
Package hyperref Info: Link nesting OFF on input line 6352.
Package hyperref Info: Hyper index ON on input line 6355.
Package hyperref Info: backreferencing OFF on input line 6362.
Package hyperref Info: Link coloring OFF on input line 6367.
Package hyperref Info: Link coloring with OCG OFF on input line 6372.
Package hyperref Info: PDF/A mode OFF on input line 6377.
LaTeX Info: Redefining \ref on input line 6417.
LaTeX Info: Redefining \pageref on input line 6421.
 (/cvmfs/sft.cern.ch/lcg/external/texlive/2020/texmf-dist/tex/generic/atbegshi/atbegshi.sty
Package: atbegshi 2019/12/05 v1.19 At begin shipout hook (HO)
)
\Hy@abspage=\count267
\c@Item=\count268
\c@Hfootnote=\count269
)
Package hyperref Info: Driver (autodetected): hpdftex.
 (/cvmfs/sft.cern.ch/lcg/external/texlive/2020/texmf-dist/tex/latex/hyperref/hpdftex.def
File: hpdftex.def 2020-05-15 v7.00e Hyperref driver for pdfTeX
 (/cvmfs/sft.cern.ch/lcg/external/texlive/2020/texmf-dist/tex/latex/atveryend/atveryend.sty
Package: atveryend 2019-12-11 v1.11 Hooks at the very end of document (HO)
Package atveryend Info: \enddocument detected (standard20110627).
)
\Fld@listcount=\count270
\c@bookmark@seq@number=\count271
 (/cvmfs/sft.cern.ch/lcg/external/texlive/2020/texmf-dist/tex/latex/rerunfilecheck/rerunfilecheck.sty
Package: rerunfilecheck 2019/12/05 v1.9 Rerun checks for auxiliary files (HO)
 (/cvmfs/sft.cern.ch/lcg/external/texlive/2020/texmf-dist/tex/generic/uniquecounter/uniquecounter.sty
Package: uniquecounter 2019/12/15 v1.4 Provide unlimited unique counter (HO)
)
Package uniquecounter Info: New unique counter `rerunfilecheck' on input line 286.
)
\Hy@SectionHShift=\skip58
)) (/cvmfs/sft.cern.ch/lcg/external/texlive/2020/texmf-dist/tex/latex/nowidow/nowidow.sty
Package: nowidow 2011/09/20 1.0 Easily prevent widows and orphans
Package: nowidow 
) (/cvmfs/sft.cern.ch/lcg/external/texlive/2020/texmf-dist/tex/latex/siunitx/siunitx.sty (/cvmfs/sft.cern.ch/lcg/external/texlive/2020/texmf-dist/tex/latex/l3kernel/expl3.sty
Package: expl3 2020-09-24 L3 programming layer (loader) 
 (/cvmfs/sft.cern.ch/lcg/external/texlive/2020/texmf-dist/tex/latex/l3backend/l3backend-pdftex.def
File: l3backend-pdftex.def 2020-09-24 L3 backend support: PDF output (pdfTeX)
\l__kernel_color_stack_int=\count272
\l__pdf_internal_box=\box48
)) (/cvmfs/sft.cern.ch/lcg/external/texlive/2020/texmf-dist/tex/latex/l3packages/xparse/xparse.sty
Package: xparse 2020-05-15 L3 Experimental document command parser
 (/cvmfs/sft.cern.ch/lcg/external/texlive/2020/texmf-dist/tex/latex/l3packages/xparse/xparse-generic.tex
\l__xparse_current_arg_int=\count273
\g__xparse_grabber_int=\count274
\l__xparse_m_args_int=\count275
\l__xparse_v_nesting_int=\count276
))
Package: siunitx 2020/02/25 v2.8b A comprehensive (SI) units package
 (/cvmfs/sft.cern.ch/lcg/external/texlive/2020/texmf-dist/tex/latex/tools/array.sty
Package: array 2019/08/31 v2.4l Tabular extension package (FMi)
\col@sep=\dimen161
\ar@mcellbox=\box49
\extrarowheight=\dimen162
\NC@list=\toks23
\extratabsurround=\skip59
\backup@length=\skip60
\ar@cellbox=\box50
) (/cvmfs/sft.cern.ch/lcg/external/texlive/2020/texmf-dist/tex/latex/l3packages/l3keys2e/l3keys2e.sty
Package: l3keys2e 2020-05-15 LaTeX2e option processing using LaTeX3 keys
)
\l__siunitx_tmp_box=\box51
\l__siunitx_tmp_dim=\dimen163
\l__siunitx_tmp_int=\count277
\l__siunitx_number_mantissa_length_int=\count278
\l__siunitx_number_uncert_length_int=\count279
\l__siunitx_round_int=\count280
\l__siunitx_process_decimal_int=\count281
\l__siunitx_process_uncertainty_int=\count282
\l__siunitx_process_fixed_int=\count283
\l__siunitx_process_integer_min_int=\count284
\l__siunitx_process_precision_int=\count285
\l__siunitx_group_min_int=\count286
\l__siunitx_angle_marker_box=\box52
\l__siunitx_angle_unit_box=\box53
\l__siunitx_angle_marker_dim=\dimen164
\l__siunitx_angle_unit_dim=\dimen165
\l__siunitx_unit_int=\count287
\l__siunitx_unit_denominator_int=\count288
\l__siunitx_unit_numerator_int=\count289
\l__siunitx_unit_prefix_int=\count290
\l__siunitx_unit_prefix_base_int=\count291
\l__siunitx_unit_prefix_gram_int=\count292
\l__siunitx_number_product_int=\count293
\c__siunitx_one_fill_skip=\skip61
\l__siunitx_table_unit_align_skip=\skip62
\l__siunitx_table_exponent_dim=\dimen166
\l__siunitx_table_integer_dim=\dimen167
\l__siunitx_table_mantissa_dim=\dimen168
\l__siunitx_table_marker_dim=\dimen169
\l__siunitx_table_result_dim=\dimen170
\l__siunitx_table_uncert_dim=\dimen171
\l__siunitx_table_fill_pre_dim=\dimen172
\l__siunitx_table_fill_post_dim=\dimen173
\l__siunitx_table_fill_mid_dim=\dimen174
\l__siunitx_table_pre_box=\box54
\l__siunitx_table_post_box=\box55
\l__siunitx_table_mantissa_box=\box56
\l__siunitx_table_result_box=\box57
\l__siunitx_table_number_align_skip=\skip63
\l__siunitx_table_text_align_skip=\skip64
 (/cvmfs/sft.cern.ch/lcg/external/texlive/2020/texmf-dist/tex/latex/translator/translator.sty
Package: translator 2020-08-03 v1.12c Easy translation of strings in LaTeX
)) (/cvmfs/sft.cern.ch/lcg/external/texlive/2020/texmf-dist/tex/latex/xcolor/xcolor.sty
Package: xcolor 2016/05/11 v2.12 LaTeX color extensions (UK)
 (/cvmfs/sft.cern.ch/lcg/external/texlive/2020/texmf-dist/tex/latex/graphics-cfg/color.cfg
File: color.cfg 2016/01/02 v1.6 sample color configuration
)
Package xcolor Info: Driver file: pdftex.def on input line 225.
Package xcolor Info: Model `cmy' substituted by `cmy0' on input line 1348.
Package xcolor Info: Model `hsb' substituted by `rgb' on input line 1352.
Package xcolor Info: Model `RGB' extended on input line 1364.
Package xcolor Info: Model `HTML' substituted by `rgb' on input line 1366.
Package xcolor Info: Model `Hsb' substituted by `hsb' on input line 1367.
Package xcolor Info: Model `tHsb' substituted by `hsb' on input line 1368.
Package xcolor Info: Model `HSB' substituted by `hsb' on input line 1369.
Package xcolor Info: Model `Gray' substituted by `gray' on input line 1370.
Package xcolor Info: Model `wave' substituted by `hsb' on input line 1371.
 (/cvmfs/sft.cern.ch/lcg/external/texlive/2020/texmf-dist/tex/latex/graphics/dvipsnam.def
File: dvipsnam.def 2016/06/17 v3.0m Driver-dependent file (DPC,SPQR)
)) (/cvmfs/sft.cern.ch/lcg/external/texlive/2020/texmf-dist/tex/latex/tools/bm.sty
Package: bm 2019/07/24 v1.2d Bold Symbol Support (DPC/FMi)
\symboldoperators=\mathgroup6
\symboldletters=\mathgroup7
\symboldsymbols=\mathgroup8
LaTeX Font Info:    Redeclaring math alphabet \mathbf on input line 141.
LaTeX Info: Redefining \bm on input line 209.
) (/cvmfs/sft.cern.ch/lcg/external/texlive/2020/texmf-dist/tex/latex/float/float.sty
Package: float 2001/11/08 v1.3d Float enhancements (AL)
\c@float@type=\count294
\float@exts=\toks24
\float@box=\box58
\@float@everytoks=\toks25
\@floatcapt=\box59
) (/cvmfs/sft.cern.ch/lcg/external/texlive/2020/texmf-dist/tex/latex/tools/verbatim.sty
Package: verbatim 2019/11/10 v1.5r LaTeX2e package for verbatim enhancements
\every@verbatim=\toks26
\verbatim@line=\toks27
\verbatim@in@stream=\read3
) (/cvmfs/sft.cern.ch/lcg/external/texlive/2020/texmf-dist/tex/latex/tools/afterpage.sty
Package: afterpage 2014/10/28 v1.08 After-Page Package (DPC)
\AP@output=\toks28
\AP@partial=\box60
\AP@footins=\box61
) (/cvmfs/sft.cern.ch/lcg/external/texlive/2020/texmf-dist/tex/latex/microtype/microtype.sty
Package: microtype 2019/11/18 v2.7d Micro-typographical refinements (RS)
\MT@toks=\toks29
\MT@count=\count295
LaTeX Info: Redefining \textls on input line 790.
\MT@outer@kern=\dimen175
LaTeX Info: Redefining \textmicrotypecontext on input line 1354.
\MT@listname@count=\count296
 (/cvmfs/sft.cern.ch/lcg/external/texlive/2020/texmf-dist/tex/latex/microtype/microtype-pdftex.def
File: microtype-pdftex.def 2019/11/18 v2.7d Definitions specific to pdftex (RS)
LaTeX Info: Redefining \lsstyle on input line 914.
LaTeX Info: Redefining \lslig on input line 914.
\MT@outer@space=\skip65
)
Package microtype Info: Loading configuration file microtype.cfg.
 (/cvmfs/sft.cern.ch/lcg/external/texlive/2020/texmf-dist/tex/latex/microtype/microtype.cfg
File: microtype.cfg 2019/11/18 v2.7d microtype main configuration file (RS)
)) (/cvmfs/sft.cern.ch/lcg/external/texlive/2020/texmf-dist/tex/latex/caption/caption.sty
Package: caption 2020/09/12 v3.5b Customizing captions (AR)
 (/cvmfs/sft.cern.ch/lcg/external/texlive/2020/texmf-dist/tex/latex/caption/caption3.sty
Package: caption3 2020/09/17 v2.1b caption3 kernel (AR)
\captionmargin=\dimen176
\captionmargin@=\dimen177
\captionwidth=\dimen178
\caption@tempdima=\dimen179
\caption@indent=\dimen180
\caption@parindent=\dimen181
\caption@hangindent=\dimen182
Package caption Info: Standard document class detected.
)
\c@caption@flags=\count297
\c@continuedfloat=\count298
Package caption Info: float package is loaded.
Package caption Info: hyperref package is loaded.
) (/cvmfs/sft.cern.ch/lcg/external/texlive/2020/texmf-dist/tex/latex/subfigure/subfigure.sty
Package: subfigure 2002/03/15 v2.1.5 subfigure package
\subfigtopskip=\skip66
\subfigcapskip=\skip67
\subfigcaptopadj=\dimen183
\subfigbottomskip=\skip68
\subfigcapmargin=\dimen184
\subfiglabelskip=\skip69
\c@subfigure=\count299
\c@lofdepth=\count300
\c@subtable=\count301
\c@lotdepth=\count302

****************************************
* Local config file subfigure.cfg used *
****************************************
(/cvmfs/sft.cern.ch/lcg/external/texlive/2020/texmf-dist/tex/latex/subfigure/subfigure.cfg)
\subfig@top=\skip70
\subfig@bottom=\skip71
) (/cvmfs/sft.cern.ch/lcg/external/texlive/2020/texmf-dist/tex/latex/setspace/setspace.sty
Package: setspace 2011/12/19 v6.7a set line spacing
) (/cvmfs/sft.cern.ch/lcg/external/texlive/2020/texmf-dist/tex/latex/blindtext/blindtext.sty
Package: blindtext 2012/01/06 V2.0 blindtext-Package
 (/cvmfs/sft.cern.ch/lcg/external/texlive/2020/texmf-dist/tex/latex/tools/xspace.sty
Package: xspace 2014/10/28 v1.13 Space after command names (DPC,MH)
)
\c@blindtext=\count303
\c@Blindtext=\count304
\c@blind@countparstart=\count305
\blind@countxx=\count306
\blindtext@numBlindtext=\count307
\blind@countyy=\count308
\c@blindlist=\count309
\c@blindlistlevel=\count310
\c@blindlist@level=\count311
\blind@listitem=\count312
\c@blind@listcount=\count313
\c@blind@levelcount=\count314
\blind@mathformula=\count315
\blind@Mathformula=\count316
\c@blind@randomcount=\count317
\c@blind@randommax=\count318
\c@blind@pangramcount=\count319
\c@blind@pangrammax=\count320
) (/cvmfs/sft.cern.ch/lcg/external/texlive/2020/texmf-dist/tex/latex/etoolbox/etoolbox.sty
Package: etoolbox 2020/08/24 v2.5j e-TeX tools for LaTeX (JAW)
\etb@tempcnta=\count321
) (/cvmfs/sft.cern.ch/lcg/external/texlive/2020/texmf-dist/tex/latex/geometry/geometry.sty
Package: geometry 2020/01/02 v5.9 Page Geometry
 (/cvmfs/sft.cern.ch/lcg/external/texlive/2020/texmf-dist/tex/generic/iftex/ifvtex.sty
Package: ifvtex 2019/10/25 v1.7 ifvtex legacy package. Use iftex instead.
)
\Gm@cnth=\count322
\Gm@cntv=\count323
\c@Gm@tempcnt=\count324
\Gm@bindingoffset=\dimen185
\Gm@wd@mp=\dimen186
\Gm@odd@mp=\dimen187
\Gm@even@mp=\dimen188
\Gm@layoutwidth=\dimen189
\Gm@layoutheight=\dimen190
\Gm@layouthoffset=\dimen191
\Gm@layoutvoffset=\dimen192
\Gm@dimlist=\toks30
) (/cvmfs/sft.cern.ch/lcg/external/texlive/2020/texmf-dist/tex/latex/tocbibind/tocbibind.sty
Package: tocbibind 2010/10/13 v1.5k extra ToC listings
Package tocbibind Info: The document has chapter divisions on input line 50.


Package tocbibind Note: Using chapter style headings, unless overridden.

) (/cvmfs/sft.cern.ch/lcg/external/texlive/2020/texmf-dist/tex/latex/datetime/datetime.sty
Package: datetime 2015/03/20 v2.60 Date Time Package
 (/cvmfs/sft.cern.ch/lcg/external/texlive/2020/texmf-dist/tex/latex/fmtcount/fmtcount.sty
Package: fmtcount 2020/01/30 v3.07
 (/cvmfs/sft.cern.ch/lcg/external/texlive/2020/texmf-dist/tex/latex/base/ifthen.sty
Package: ifthen 2014/09/29 v1.1c Standard LaTeX ifthen package (DPC)
) (/cvmfs/sft.cern.ch/lcg/external/texlive/2020/texmf-dist/tex/latex/xkeyval/xkeyval.sty
Package: xkeyval 2014/12/03 v2.7a package option processing (HA)
 (/cvmfs/sft.cern.ch/lcg/external/texlive/2020/texmf-dist/tex/generic/xkeyval/xkeyval.tex (/cvmfs/sft.cern.ch/lcg/external/texlive/2020/texmf-dist/tex/generic/xkeyval/xkvutils.tex
\XKV@toks=\toks31
\XKV@tempa@toks=\toks32
)
\XKV@depth=\count325
File: xkeyval.tex 2014/12/03 v2.7a key=value parser (HA)
)) (/cvmfs/sft.cern.ch/lcg/external/texlive/2020/texmf-dist/tex/latex/fmtcount/fcprefix.sty
Package: fcprefix 2012/09/28
 (/cvmfs/sft.cern.ch/lcg/external/texlive/2020/texmf-dist/tex/latex/fmtcount/fcnumparser.sty
Package: fcnumparser 2017/06/15
\fc@digit@counter=\count326
))
\c@padzeroesN=\count327
\fc@tmpcatcode=\count328
 (/cvmfs/sft.cern.ch/lcg/external/texlive/2020/texmf-dist/tex/latex/fmtcount/fc-english.def
File: fc-english.def 2016/01/12
)
\@DT@modctr=\count329
\@ordinalctr=\count330
\@orgargctr=\count331
\@strctr=\count332
\@tmpstrctr=\count333
\@DT@loopN=\count334
\@DT@X=\count335
) (/cvmfs/sft.cern.ch/lcg/external/texlive/2020/texmf-dist/tex/latex/datetime/datetime-defaults.sty
Package: datetime-defaults 2013/09/10
)
\@day=\count336
\@month=\count337
\@year=\count338
\c@HOUR=\count339
\c@HOURXII=\count340
\c@MINUTE=\count341
\c@TOHOUR=\count342
\c@TOMINUTE=\count343
\c@SECOND=\count344
\currenthour=\count345
\currentminute=\count346
\currentsecond=\count347
Package datetime Info: No datetime.cfg file found, using default settings on input line 308.
\@dtctr=\count348
\dayofyear=\count349
\dayofweek=\count350
LaTeX Info: Redefining \today on input line 736.
\dt@a=\toks33
\dt@b=\toks34
) (/cvmfs/sft.cern.ch/lcg/external/texlive/2020/texmf-dist/tex/latex/fancyhdr/fancyhdr.sty
Package: fancyhdr 2019/01/31 v3.10 Extensive control of page headers and footers
\f@nch@headwidth=\skip72
\f@nch@O@elh=\skip73
\f@nch@O@erh=\skip74
\f@nch@O@olh=\skip75
\f@nch@O@orh=\skip76
\f@nch@O@elf=\skip77
\f@nch@O@erf=\skip78
\f@nch@O@olf=\skip79
\f@nch@O@orf=\skip80
) (/cvmfs/sft.cern.ch/lcg/external/texlive/2020/texmf-dist/tex/latex/lm/lmodern.sty
Package: lmodern 2009/10/30 v1.6 Latin Modern Fonts
LaTeX Font Info:    Overwriting symbol font `operators' in version `normal'
(Font)                  OT1/cmr/m/n --> OT1/lmr/m/n on input line 22.
LaTeX Font Info:    Overwriting symbol font `letters' in version `normal'
(Font)                  OML/cmm/m/it --> OML/lmm/m/it on input line 23.
LaTeX Font Info:    Overwriting symbol font `symbols' in version `normal'
(Font)                  OMS/cmsy/m/n --> OMS/lmsy/m/n on input line 24.
LaTeX Font Info:    Overwriting symbol font `largesymbols' in version `normal'
(Font)                  OMX/cmex/m/n --> OMX/lmex/m/n on input line 25.
LaTeX Font Info:    Overwriting symbol font `operators' in version `bold'
(Font)                  OT1/cmr/bx/n --> OT1/lmr/bx/n on input line 26.
LaTeX Font Info:    Overwriting symbol font `letters' in version `bold'
(Font)                  OML/cmm/b/it --> OML/lmm/b/it on input line 27.
LaTeX Font Info:    Overwriting symbol font `symbols' in version `bold'
(Font)                  OMS/cmsy/b/n --> OMS/lmsy/b/n on input line 28.
LaTeX Font Info:    Overwriting symbol font `largesymbols' in version `bold'
(Font)                  OMX/cmex/m/n --> OMX/lmex/m/n on input line 29.
LaTeX Font Info:    Overwriting math alphabet `\mathbf' in version `normal'
(Font)                  OT1/cmr/bx/n --> OT1/lmr/bx/n on input line 31.
LaTeX Font Info:    Overwriting math alphabet `\mathsf' in version `normal'
(Font)                  OT1/cmss/m/n --> OT1/lmss/m/n on input line 32.
LaTeX Font Info:    Overwriting math alphabet `\mathit' in version `normal'
(Font)                  OT1/cmr/m/it --> OT1/lmr/m/it on input line 33.
LaTeX Font Info:    Overwriting math alphabet `\mathtt' in version `normal'
(Font)                  OT1/cmtt/m/n --> OT1/lmtt/m/n on input line 34.
LaTeX Font Info:    Overwriting math alphabet `\mathbf' in version `bold'
(Font)                  OT1/cmr/bx/n --> OT1/lmr/bx/n on input line 35.
LaTeX Font Info:    Overwriting math alphabet `\mathsf' in version `bold'
(Font)                  OT1/cmss/bx/n --> OT1/lmss/bx/n on input line 36.
LaTeX Font Info:    Overwriting math alphabet `\mathit' in version `bold'
(Font)                  OT1/cmr/bx/it --> OT1/lmr/bx/it on input line 37.
LaTeX Font Info:    Overwriting math alphabet `\mathtt' in version `bold'
(Font)                  OT1/cmtt/m/n --> OT1/lmtt/m/n on input line 38.
)

LaTeX Warning: Unused global option(s):
    [longbibliography].

(/lustre/fs22/group/atlas/freder/hh/thesis/main.aux (/lustre/fs22/group/atlas/freder/hh/thesis/chapters/titlepage.aux) (/lustre/fs22/group/atlas/freder/hh/thesis/chapters/abstract.aux) (/lustre/fs22/group/atlas/freder/hh/thesis/chapters/introduction.aux) (/lustre/fs22/group/atlas/freder/hh/thesis/chapters/theory.aux) (/lustre/fs22/group/atlas/freder/hh/thesis/chapters/experiment.aux) (/lustre/fs22/group/atlas/freder/hh/thesis/chapters/selbststaendig.aux))
\openout1 = `main.aux'.

LaTeX Font Info:    Checking defaults for OML/cmm/m/it on input line 100.
LaTeX Font Info:    ... okay on input line 100.
LaTeX Font Info:    Checking defaults for OMS/cmsy/m/n on input line 100.
LaTeX Font Info:    ... okay on input line 100.
LaTeX Font Info:    Checking defaults for OT1/cmr/m/n on input line 100.
LaTeX Font Info:    ... okay on input line 100.
LaTeX Font Info:    Checking defaults for T1/cmr/m/n on input line 100.
LaTeX Font Info:    ... okay on input line 100.
LaTeX Font Info:    Checking defaults for TS1/cmr/m/n on input line 100.
LaTeX Font Info:    ... okay on input line 100.
LaTeX Font Info:    Checking defaults for OMX/cmex/m/n on input line 100.
LaTeX Font Info:    ... okay on input line 100.
LaTeX Font Info:    Checking defaults for U/cmr/m/n on input line 100.
LaTeX Font Info:    ... okay on input line 100.
LaTeX Font Info:    Checking defaults for PD1/pdf/m/n on input line 100.
LaTeX Font Info:    ... okay on input line 100.
LaTeX Font Info:    Trying to load font information for T1+lmr on input line 100.
 (/cvmfs/sft.cern.ch/lcg/external/texlive/2020/texmf-dist/tex/latex/lm/t1lmr.fd
File: t1lmr.fd 2009/10/30 v1.6 Font defs for Latin Modern
) (/cvmfs/sft.cern.ch/lcg/external/texlive/2020/texmf-dist/tex/context/base/mkii/supp-pdf.mkii
[Loading MPS to PDF converter (version 2006.09.02).]
\scratchcounter=\count351
\scratchdimen=\dimen193
\scratchbox=\box62
\nofMPsegments=\count352
\nofMParguments=\count353
\everyMPshowfont=\toks35
\MPscratchCnt=\count354
\MPscratchDim=\dimen194
\MPnumerator=\count355
\makeMPintoPDFobject=\count356
\everyMPtoPDFconversion=\toks36
) (/cvmfs/sft.cern.ch/lcg/external/texlive/2020/texmf-dist/tex/latex/epstopdf-pkg/epstopdf-base.sty
Package: epstopdf-base 2020-01-24 v2.11 Base part for package epstopdf
Package epstopdf-base Info: Redefining graphics rule for `.eps' on input line 485.
 (/cvmfs/sft.cern.ch/lcg/external/texlive/2020/texmf-dist/tex/latex/latexconfig/epstopdf-sys.cfg
File: epstopdf-sys.cfg 2010/07/13 v1.3 Configuration of (r)epstopdf for TeX Live
))
\AtBeginShipoutBox=\box63
Package hyperref Info: Link coloring OFF on input line 100.
 (/cvmfs/sft.cern.ch/lcg/external/texlive/2020/texmf-dist/tex/latex/hyperref/nameref.sty
Package: nameref 2019/09/16 v2.46 Cross-referencing by name of section
 (/cvmfs/sft.cern.ch/lcg/external/texlive/2020/texmf-dist/tex/latex/refcount/refcount.sty
Package: refcount 2019/12/15 v3.6 Data extraction from label references (HO)
) (/cvmfs/sft.cern.ch/lcg/external/texlive/2020/texmf-dist/tex/generic/gettitlestring/gettitlestring.sty
Package: gettitlestring 2019/12/15 v1.6 Cleanup title references (HO)
)
\c@section@level=\count357
)
LaTeX Info: Redefining \ref on input line 100.
LaTeX Info: Redefining \pageref on input line 100.
LaTeX Info: Redefining \nameref on input line 100.
 (/lustre/fs22/group/atlas/freder/hh/thesis/main.out) (/lustre/fs22/group/atlas/freder/hh/thesis/main.out)
\@outlinefile=\write3
\openout3 = `main.out'.

 (/cvmfs/sft.cern.ch/lcg/external/texlive/2020/texmf-dist/tex/latex/translator/translator-basic-dictionary-English.dict
Dictionary: translator-basic-dictionary, Language: English 
) (/cvmfs/sft.cern.ch/lcg/external/texlive/2020/texmf-dist/tex/latex/siunitx/siunitx-abbreviations.cfg
File: siunitx-abbreviations.cfg 2017/11/26 v2.7k siunitx: Abbreviated units
)
LaTeX Info: Redefining \microtypecontext on input line 100.
Package microtype Info: Generating PDF output.
Package microtype Info: Character protrusion enabled (level 2).
Package microtype Info: Using default protrusion set `alltext'.
Package microtype Info: Automatic font expansion enabled (level 2),
(microtype)             stretch: 20, shrink: 20, step: 1, non-selected.
Package microtype Info: Using default expansion set `basictext'.
LaTeX Info: Redefining \showhyphens on input line 100.
Package microtype Info: No adjustment of tracking.
Package microtype Info: No adjustment of interword spacing.
Package microtype Info: No adjustment of character kerning.
 (/cvmfs/sft.cern.ch/lcg/external/texlive/2020/texmf-dist/tex/latex/microtype/mt-cmr.cfg
File: mt-cmr.cfg 2013/05/19 v2.2 microtype config. file: Computer Modern Roman (RS)
)
Package caption Info: Begin \AtBeginDocument code.
Package caption Info: subfigure package is loaded.
Package caption Info: End \AtBeginDocument code.

*geometry* driver: auto-detecting
*geometry* detected driver: pdftex
*geometry* verbose mode - [ preamble ] result:
* driver: pdftex
* paper: a4paper
* layout: <same size as paper>
* layoutoffset:(h,v)=(0.0pt,0.0pt)
* modes: twoside 
* h-part:(L,W,R)=(71.70166pt, 418.25368pt, 107.55254pt)
* v-part:(T,H,B)=(101.40665pt, 591.5302pt, 152.11pt)
* \paperwidth=597.50787pt
* \paperheight=845.04684pt
* \textwidth=418.25368pt
* \textheight=591.5302pt
* \oddsidemargin=-0.56833pt
* \evensidemargin=35.28255pt
* \topmargin=-2.73714pt
* \headheight=12.0pt
* \headsep=19.8738pt
* \topskip=12.0pt
* \footskip=30.0pt
* \marginparwidth=88.0pt
* \marginparsep=7.0pt
* \columnsep=10.0pt
* \skip\footins=10.8pt plus 4.0pt minus 2.0pt
* \hoffset=0.0pt
* \voffset=0.0pt
* \mag=1000
* \@twocolumnfalse
* \@twosidetrue
* \@mparswitchtrue
* \@reversemarginfalse
* (1in=72.27pt=25.4mm, 1cm=28.453pt)

LaTeX Font Info:    Trying to load font information for OT1+lmr on input line 100.
(/cvmfs/sft.cern.ch/lcg/external/texlive/2020/texmf-dist/tex/latex/lm/ot1lmr.fd
File: ot1lmr.fd 2009/10/30 v1.6 Font defs for Latin Modern
)
LaTeX Font Info:    Trying to load font information for OML+lmm on input line 100.
 (/cvmfs/sft.cern.ch/lcg/external/texlive/2020/texmf-dist/tex/latex/lm/omllmm.fd
File: omllmm.fd 2009/10/30 v1.6 Font defs for Latin Modern
)
LaTeX Font Info:    Trying to load font information for OMS+lmsy on input line 100.
 (/cvmfs/sft.cern.ch/lcg/external/texlive/2020/texmf-dist/tex/latex/lm/omslmsy.fd
File: omslmsy.fd 2009/10/30 v1.6 Font defs for Latin Modern
)
LaTeX Font Info:    Trying to load font information for OMX+lmex on input line 100.
 (/cvmfs/sft.cern.ch/lcg/external/texlive/2020/texmf-dist/tex/latex/lm/omxlmex.fd
File: omxlmex.fd 2009/10/30 v1.6 Font defs for Latin Modern
)
LaTeX Font Info:    External font `lmex10' loaded for size
(Font)              <12> on input line 100.
LaTeX Font Info:    External font `lmex10' loaded for size
(Font)              <8> on input line 100.
LaTeX Font Info:    External font `lmex10' loaded for size
(Font)              <6> on input line 100.
LaTeX Font Info:    Trying to load font information for U+msa on input line 100.
 (/cvmfs/sft.cern.ch/lcg/external/texlive/2020/texmf-dist/tex/latex/amsfonts/umsa.fd
File: umsa.fd 2013/01/14 v3.01 AMS symbols A
) (/cvmfs/sft.cern.ch/lcg/external/texlive/2020/texmf-dist/tex/latex/microtype/mt-msa.cfg
File: mt-msa.cfg 2006/02/04 v1.1 microtype config. file: AMS symbols (a) (RS)
)
LaTeX Font Info:    Trying to load font information for U+msb on input line 100.
 (/cvmfs/sft.cern.ch/lcg/external/texlive/2020/texmf-dist/tex/latex/amsfonts/umsb.fd
File: umsb.fd 2013/01/14 v3.01 AMS symbols B
) (/cvmfs/sft.cern.ch/lcg/external/texlive/2020/texmf-dist/tex/latex/microtype/mt-msb.cfg
File: mt-msb.cfg 2005/06/01 v1.0 microtype config. file: AMS symbols (b) (RS)
)
LaTeX Font Info:    Trying to load font information for OT1+lmss on input line 100.
 (/cvmfs/sft.cern.ch/lcg/external/texlive/2020/texmf-dist/tex/latex/lm/ot1lmss.fd
File: ot1lmss.fd 2009/10/30 v1.6 Font defs for Latin Modern
)
Package microtype Info: Loading generic protrusion settings for font family
(microtype)             `lmss' (encoding: OT1).
(microtype)             For optimal results, create family-specific settings.
(microtype)             See the microtype manual for details.
LaTeX Font Info:    Trying to load font information for OT1+lmtt on input line 100.
 (/cvmfs/sft.cern.ch/lcg/external/texlive/2020/texmf-dist/tex/latex/lm/ot1lmtt.fd
File: ot1lmtt.fd 2009/10/30 v1.6 Font defs for Latin Modern
)
Package microtype Info: Loading generic protrusion settings for font family
(microtype)             `lmtt' (encoding: OT1).
(microtype)             For optimal results, create family-specific settings.
(microtype)             See the microtype manual for details.
\openout2 = `chapters/titlepage.aux'.

 (/lustre/fs22/group/atlas/freder/hh/thesis/chapters/titlepage.tex
Package microtype Info: Character `029' is missing
(microtype)             in font `T1/lmr/m/sc/12'.
(microtype)             Ignoring protrusion settings for this character.
Package microtype Info: Character `029' is missing
(microtype)             in font `T1/lmr/m/sc/17.28'.
(microtype)             Ignoring protrusion settings for this character.
LaTeX Font Info:    External font `lmex10' loaded for size
(Font)              <20.74> on input line 7.
LaTeX Font Info:    External font `lmex10' loaded for size
(Font)              <14.4> on input line 7.
 [1



{/cvmfs/sft.cern.ch/lcg/external/texlive/2020/texmf-var/fonts/map/pdftex/updmap/pdftex.map}]pdfTeX warning (ext4): destination with the same identifier (name{page.}) has been already used, duplicate ignored
<to be read again> 
                   \relax 
l.35 \end{titlepage}
                     [2])pdfTeX warning (ext4): destination with the same identifier (name{page.}) has been already used, duplicate ignored
<to be read again> 
                   \relax 
l.109 \newpage
               [3

]
\openout2 = `chapters/abstract.aux'.

 (/lustre/fs22/group/atlas/freder/hh/thesis/chapters/abstract.tex)pdfTeX warning (ext4): destination with the same identifier (name{page.}) has been already used, duplicate ignored
<to be read again> 
                   \relax 
l.111 \include{chapters/abstract}
                                  [4

]pdfTeX warning (ext4): destination with the same identifier (name{page.}) has been already used, duplicate ignored
<to be read again> 
                   \relax 
l.116 \tableofcontents
                       [5

] (/lustre/fs22/group/atlas/freder/hh/thesis/main.toc)
\tf@toc=\write4
\openout4 = `main.toc'.

pdfTeX warning (ext4): destination with the same identifier (name{page.}) has been already used, duplicate ignored
<to be read again> 
                   \relax 
l.118 \newpage
               [6

] (/lustre/fs22/group/atlas/freder/hh/thesis/main.lof)
\tf@lof=\write5
\openout5 = `main.lof'.

pdfTeX warning (ext4): destination with the same identifier (name{page.}) has been already used, duplicate ignored
<to be read again> 
                   \relax 
l.123 \newpage
               [7

]pdfTeX warning (ext4): destination with the same identifier (name{page.}) has been already used, duplicate ignored
<to be read again> 
                   \relax 
l.130 \newpage
               [8]pdfTeX warning (ext4): destination with the same identifier (name{page.}) has been already used, duplicate ignored
<to be read again> 
                   \relax 
l.134 \newpage
               [9]
\openout2 = `chapters/introduction.aux'.

 (/lustre/fs22/group/atlas/freder/hh/thesis/chapters/introduction.tex
Chapter 1.
)
LaTeX Font Info:    Trying to load font information for T1+lmodern on input line 143.
LaTeX Font Info:    No file T1lmodern.fd. on input line 143.


LaTeX Font Warning: Font shape `T1/lmodern/m/n' undefined
(Font)              using `T1/cmr/m/n' instead on input line 143.


LaTeX Font Warning: Font shape `T1/lmodern/m/sc' undefined
(Font)              using `T1/lmodern/m/n' instead on input line 143.

Package microtype Info: Loading generic protrusion settings for font family
(microtype)             `lmodern' (encoding: T1).
(microtype)             For optimal results, create family-specific settings.
(microtype)             See the microtype manual for details.
[1


]
\openout2 = `chapters/theory.aux'.

 (/lustre/fs22/group/atlas/freder/hh/thesis/chapters/theory.tex
Chapter 2.
[2



]
Underfull \vbox (badness 4899) has occurred while \output is active []

 [3]) [4]
\openout2 = `chapters/experiment.aux'.

 (/lustre/fs22/group/atlas/freder/hh/thesis/chapters/experiment.tex
Chapter 3.
) [5



] [6


] (/lustre/fs22/group/atlas/freder/hh/thesis/main.bbl) [7

] [8

]
\openout2 = `chapters/selbststaendig.aux'.

 (/lustre/fs22/group/atlas/freder/hh/thesis/chapters/selbststaendig.tex) [9

]

Package caption Warning: Unused \captionsetup[table] on input line 28.
See the caption package documentation for explanation.

Package atveryend Info: Empty hook `BeforeClearDocument' on input line 162.
Package atveryend Info: Empty hook `AfterLastShipout' on input line 162.
(/lustre/fs22/group/atlas/freder/hh/thesis/main.aux (/lustre/fs22/group/atlas/freder/hh/thesis/chapters/titlepage.aux) (/lustre/fs22/group/atlas/freder/hh/thesis/chapters/abstract.aux) (/lustre/fs22/group/atlas/freder/hh/thesis/chapters/introduction.aux) (/lustre/fs22/group/atlas/freder/hh/thesis/chapters/theory.aux) (/lustre/fs22/group/atlas/freder/hh/thesis/chapters/experiment.aux) (/lustre/fs22/group/atlas/freder/hh/thesis/chapters/selbststaendig.aux))
Package atveryend Info: Executing hook `AtVeryEndDocument' on input line 162.
Package atveryend Info: Executing hook `AtEndAfterFileList' on input line 162.
Package rerunfilecheck Info: File `main.out' has not changed.
(rerunfilecheck)             Checksum: 1A2D3A0BD29A8D9B6BF65AA9A04C7BA7;574.


LaTeX Font Warning: Some font shapes were not available, defaults substituted.

Package atveryend Info: Empty hook `AtVeryVeryEnd' on input line 162.
 ) 
Here is how much of TeX's memory you used:
 17049 strings out of 480875
 309230 string characters out of 5897282
 648346 words of memory out of 5000000
 32167 multiletter control sequences out of 15000+600000
 617378 words of font info for 131 fonts, out of 8000000 for 9000
 1141 hyphenation exceptions out of 8191
 51i,15n,47p,1060b,845s stack positions out of 5000i,500n,10000p,200000b,80000s
{/cvmfs/sft.cern.ch/lcg/external/texlive/2020/texmf-dist/fonts/enc/dvips/lm/lm-ec.enc}{/cvmfs/sft.cern.ch/lcg/external/texlive/2020/texmf-dist/fonts/enc/dvips/lm/lm-mathsy.enc}{/cvmfs/sft.cern.ch/lcg/external/texlive/2020/texmf-dist/fonts/enc/dvips/lm/lm-rm.enc}{/cvmfs/sft.cern.ch/lcg/external/texlive/2020/texmf-dist/fonts/enc/dvips/lm/lm-mathit.enc}{/cvmfs/sft.cern.ch/lcg/external/texlive/2020/texmf-dist/fonts/enc/dvips/lm/lm-mathex.enc}{/cvmfs/sft.cern.ch/lcg/external/texlive/2020/texmf-dist/fonts/enc/dvips/cm-super/cm-super-t1.enc}</cvmfs/sft.cern.ch/lcg/external/texlive/2020/texmf-dist/fonts/type1/public/amsfonts/cm/cmmib10.pfb></cvmfs/sft.cern.ch/lcg/external/texlive/2020/texmf-dist/fonts/type1/public/amsfonts/cmextra/cmmib8.pfb></cvmfs/sft.cern.ch/lcg/external/texlive/2020/texmf-dist/fonts/type1/public/lm/lmbx12.pfb></cvmfs/sft.cern.ch/lcg/external/texlive/2020/texmf-dist/fonts/type1/public/lm/lmcsc10.pfb></cvmfs/sft.cern.ch/lcg/external/texlive/2020/texmf-dist/fonts/type1/public/lm/lmex10.pfb></cvmfs/sft.cern.ch/lcg/external/texlive/2020/texmf-dist/fonts/type1/public/lm/lmmi12.pfb></cvmfs/sft.cern.ch/lcg/external/texlive/2020/texmf-dist/fonts/type1/public/lm/lmmi8.pfb></cvmfs/sft.cern.ch/lcg/external/texlive/2020/texmf-dist/fonts/type1/public/lm/lmr12.pfb></cvmfs/sft.cern.ch/lcg/external/texlive/2020/texmf-dist/fonts/type1/public/lm/lmr17.pfb></cvmfs/sft.cern.ch/lcg/external/texlive/2020/texmf-dist/fonts/type1/public/lm/lmr6.pfb></cvmfs/sft.cern.ch/lcg/external/texlive/2020/texmf-dist/fonts/type1/public/lm/lmr8.pfb></cvmfs/sft.cern.ch/lcg/external/texlive/2020/texmf-dist/fonts/type1/public/lm/lmri12.pfb></cvmfs/sft.cern.ch/lcg/external/texlive/2020/texmf-dist/fonts/type1/public/lm/lmsy10.pfb></cvmfs/sft.cern.ch/lcg/external/texlive/2020/texmf-dist/fonts/type1/public/amsfonts/symbols/msbm10.pfb></cvmfs/sft.cern.ch/lcg/external/texlive/2020/texmf-dist/fonts/type1/public/cm-super/sfrm0900.pfb>
Output written on /lustre/fs22/group/atlas/freder/hh/thesis/main.pdf (18 pages, 234086 bytes).
PDF statistics:
 207 PDF objects out of 1000 (max. 8388607)
 170 compressed objects within 2 object streams
 26 named destinations out of 1000 (max. 500000)
 29257 words of extra memory for PDF output out of 29859 (max. 10000000)

