2024-06-05 12:50:24 DEBUG    open file: /lustre/fs22/group/atlas/freder/hh/run/histograms/hists_for_cabinetry_tomatos_cls_5_400_unbound_shapesys_l1cvv0cv1.root
2024-06-05 12:50:24 INFO     opening config file /lustre/fs22/group/atlas/freder/hh/run/fit/tomatos_cls_5_400_unbound_shapesys_l1cvv0cv1/cabinetry_config.yaml
2024-06-05 12:50:24 INFO     the config contains:
2024-06-05 12:50:24 INFO       4 Sample(s)
2024-06-05 12:50:24 INFO       1 Regions(s)
2024-06-05 12:50:24 INFO       1 NormFactor(s)
2024-06-05 12:50:24 INFO       12 Systematic(s)
2024-06-05 12:50:24 DEBUG      in region tomatos_cls_5_400_unbound_shapesys_SR_xbb_2
2024-06-05 12:50:24 DEBUG        reading sample Data
2024-06-05 12:50:24 DEBUG          variation Nominal
2024-06-05 12:50:24 DEBUG    reading input histogram /lustre/fs22/group/atlas/freder/hh/run/histograms/hists_for_cabinetry_tomatos_cls_5_400_unbound_shapesys_l1cvv0cv1.root:SR_xbb_2/run2/tomatos_cls_5_400_unbound_shapesys_NOSYS
2024-06-05 12:50:24 DEBUG    open file: /lustre/fs22/group/atlas/freder/hh/run/histograms/hists_for_cabinetry_tomatos_cls_5_400_unbound_shapesys_l1cvv0cv1.root
2024-06-05 12:50:24 WARNING  tomatos_cls_5_400_unbound_shapesys_SR_xbb_2_Data has empty bins: [0 1 2 3 4]
2024-06-05 12:50:24 DEBUG    saving histogram to /lustre/fs22/group/atlas/freder/hh/run/fit/tomatos_cls_5_400_unbound_shapesys_l1cvv0cv1/histograms/tomatos_cls_5_400_unbound_shapesys_SR_xbb_2_Data.npz
2024-06-05 12:50:24 DEBUG        reading sample VBF Signal
2024-06-05 12:50:24 DEBUG          variation Nominal
2024-06-05 12:50:24 DEBUG    reading input histogram /lustre/fs22/group/atlas/freder/hh/run/histograms/hists_for_cabinetry_tomatos_cls_5_400_unbound_shapesys_l1cvv0cv1.root:SR_xbb_2/signal/tomatos_cls_5_400_unbound_shapesys_NOSYS
2024-06-05 12:50:24 DEBUG    open file: /lustre/fs22/group/atlas/freder/hh/run/histograms/hists_for_cabinetry_tomatos_cls_5_400_unbound_shapesys_l1cvv0cv1.root
2024-06-05 12:50:24 DEBUG    saving histogram to /lustre/fs22/group/atlas/freder/hh/run/fit/tomatos_cls_5_400_unbound_shapesys_l1cvv0cv1/histograms/tomatos_cls_5_400_unbound_shapesys_SR_xbb_2_VBF-Signal.npz
2024-06-05 12:50:24 DEBUG          variation scale_variations Up
2024-06-05 12:50:24 DEBUG    reading input histogram /lustre/fs22/group/atlas/freder/hh/run/histograms/hists_for_cabinetry_tomatos_cls_5_400_unbound_shapesys_l1cvv0cv1.root:SR_xbb_2/signal/scale_up
2024-06-05 12:50:24 DEBUG    open file: /lustre/fs22/group/atlas/freder/hh/run/histograms/hists_for_cabinetry_tomatos_cls_5_400_unbound_shapesys_l1cvv0cv1.root
2024-06-05 12:50:24 DEBUG    saving histogram to /lustre/fs22/group/atlas/freder/hh/run/fit/tomatos_cls_5_400_unbound_shapesys_l1cvv0cv1/histograms/tomatos_cls_5_400_unbound_shapesys_SR_xbb_2_VBF-Signal_scale_variations_Up.npz
2024-06-05 12:50:24 DEBUG          variation scale_variations Down
2024-06-05 12:50:24 DEBUG    reading input histogram /lustre/fs22/group/atlas/freder/hh/run/histograms/hists_for_cabinetry_tomatos_cls_5_400_unbound_shapesys_l1cvv0cv1.root:SR_xbb_2/signal/scale_down
2024-06-05 12:50:24 DEBUG    open file: /lustre/fs22/group/atlas/freder/hh/run/histograms/hists_for_cabinetry_tomatos_cls_5_400_unbound_shapesys_l1cvv0cv1.root
2024-06-05 12:50:24 DEBUG    saving histogram to /lustre/fs22/group/atlas/freder/hh/run/fit/tomatos_cls_5_400_unbound_shapesys_l1cvv0cv1/histograms/tomatos_cls_5_400_unbound_shapesys_SR_xbb_2_VBF-Signal_scale_variations_Down.npz
2024-06-05 12:50:24 DEBUG          variation stat_signal Up
2024-06-05 12:50:24 DEBUG    reading input histogram /lustre/fs22/group/atlas/freder/hh/run/histograms/hists_for_cabinetry_tomatos_cls_5_400_unbound_shapesys_l1cvv0cv1.root:SR_xbb_2/signal/stat_signal_up
2024-06-05 12:50:24 DEBUG    open file: /lustre/fs22/group/atlas/freder/hh/run/histograms/hists_for_cabinetry_tomatos_cls_5_400_unbound_shapesys_l1cvv0cv1.root
2024-06-05 12:50:24 DEBUG    saving histogram to /lustre/fs22/group/atlas/freder/hh/run/fit/tomatos_cls_5_400_unbound_shapesys_l1cvv0cv1/histograms/tomatos_cls_5_400_unbound_shapesys_SR_xbb_2_VBF-Signal_stat_signal_Up.npz
2024-06-05 12:50:24 DEBUG          variation stat_signal Down
2024-06-05 12:50:24 DEBUG    reading input histogram /lustre/fs22/group/atlas/freder/hh/run/histograms/hists_for_cabinetry_tomatos_cls_5_400_unbound_shapesys_l1cvv0cv1.root:SR_xbb_2/signal/stat_signal_down
2024-06-05 12:50:24 DEBUG    open file: /lustre/fs22/group/atlas/freder/hh/run/histograms/hists_for_cabinetry_tomatos_cls_5_400_unbound_shapesys_l1cvv0cv1.root
2024-06-05 12:50:24 DEBUG    saving histogram to /lustre/fs22/group/atlas/freder/hh/run/fit/tomatos_cls_5_400_unbound_shapesys_l1cvv0cv1/histograms/tomatos_cls_5_400_unbound_shapesys_SR_xbb_2_VBF-Signal_stat_signal_Down.npz
2024-06-05 12:50:24 DEBUG          variation tomatos_cls_5_400_unbound_shapesys_JET_EtaIntercalibration_Modelling Up
2024-06-05 12:50:24 DEBUG    reading input histogram /lustre/fs22/group/atlas/freder/hh/run/histograms/hists_for_cabinetry_tomatos_cls_5_400_unbound_shapesys_l1cvv0cv1.root:SR_xbb_2/signal/tomatos_cls_5_400_unbound_shapesys_JET_EtaIntercalibration_Modelling__1up
2024-06-05 12:50:24 DEBUG    open file: /lustre/fs22/group/atlas/freder/hh/run/histograms/hists_for_cabinetry_tomatos_cls_5_400_unbound_shapesys_l1cvv0cv1.root
2024-06-05 12:50:24 DEBUG    saving histogram to /lustre/fs22/group/atlas/freder/hh/run/fit/tomatos_cls_5_400_unbound_shapesys_l1cvv0cv1/histograms/tomatos_cls_5_400_unbound_shapesys_SR_xbb_2_VBF-Signal_tomatos_cls_5_400_unbound_shapesys_JET_EtaIntercalibration_Modelling_Up.npz
2024-06-05 12:50:24 DEBUG          variation tomatos_cls_5_400_unbound_shapesys_JET_EtaIntercalibration_Modelling Down
2024-06-05 12:50:24 DEBUG    reading input histogram /lustre/fs22/group/atlas/freder/hh/run/histograms/hists_for_cabinetry_tomatos_cls_5_400_unbound_shapesys_l1cvv0cv1.root:SR_xbb_2/signal/tomatos_cls_5_400_unbound_shapesys_JET_EtaIntercalibration_Modelling__1down
2024-06-05 12:50:24 DEBUG    open file: /lustre/fs22/group/atlas/freder/hh/run/histograms/hists_for_cabinetry_tomatos_cls_5_400_unbound_shapesys_l1cvv0cv1.root
2024-06-05 12:50:24 DEBUG    saving histogram to /lustre/fs22/group/atlas/freder/hh/run/fit/tomatos_cls_5_400_unbound_shapesys_l1cvv0cv1/histograms/tomatos_cls_5_400_unbound_shapesys_SR_xbb_2_VBF-Signal_tomatos_cls_5_400_unbound_shapesys_JET_EtaIntercalibration_Modelling_Down.npz
2024-06-05 12:50:24 DEBUG          variation tomatos_cls_5_400_unbound_shapesys_JET_EtaIntercalibration_NonClosure_PreRec Up
2024-06-05 12:50:24 DEBUG    reading input histogram /lustre/fs22/group/atlas/freder/hh/run/histograms/hists_for_cabinetry_tomatos_cls_5_400_unbound_shapesys_l1cvv0cv1.root:SR_xbb_2/signal/tomatos_cls_5_400_unbound_shapesys_JET_EtaIntercalibration_NonClosure_PreRec__1up
2024-06-05 12:50:24 DEBUG    open file: /lustre/fs22/group/atlas/freder/hh/run/histograms/hists_for_cabinetry_tomatos_cls_5_400_unbound_shapesys_l1cvv0cv1.root
2024-06-05 12:50:24 DEBUG    saving histogram to /lustre/fs22/group/atlas/freder/hh/run/fit/tomatos_cls_5_400_unbound_shapesys_l1cvv0cv1/histograms/tomatos_cls_5_400_unbound_shapesys_SR_xbb_2_VBF-Signal_tomatos_cls_5_400_unbound_shapesys_JET_EtaIntercalibration_NonClosure_PreRec_Up.npz
2024-06-05 12:50:24 DEBUG          variation tomatos_cls_5_400_unbound_shapesys_JET_EtaIntercalibration_NonClosure_PreRec Down
2024-06-05 12:50:24 DEBUG    reading input histogram /lustre/fs22/group/atlas/freder/hh/run/histograms/hists_for_cabinetry_tomatos_cls_5_400_unbound_shapesys_l1cvv0cv1.root:SR_xbb_2/signal/tomatos_cls_5_400_unbound_shapesys_JET_EtaIntercalibration_NonClosure_PreRec__1down
2024-06-05 12:50:24 DEBUG    open file: /lustre/fs22/group/atlas/freder/hh/run/histograms/hists_for_cabinetry_tomatos_cls_5_400_unbound_shapesys_l1cvv0cv1.root
2024-06-05 12:50:24 DEBUG    saving histogram to /lustre/fs22/group/atlas/freder/hh/run/fit/tomatos_cls_5_400_unbound_shapesys_l1cvv0cv1/histograms/tomatos_cls_5_400_unbound_shapesys_SR_xbb_2_VBF-Signal_tomatos_cls_5_400_unbound_shapesys_JET_EtaIntercalibration_NonClosure_PreRec_Down.npz
2024-06-05 12:50:24 DEBUG          variation tomatos_cls_5_400_unbound_shapesys_xbb_pt_bin_0 Up
2024-06-05 12:50:24 DEBUG    reading input histogram /lustre/fs22/group/atlas/freder/hh/run/histograms/hists_for_cabinetry_tomatos_cls_5_400_unbound_shapesys_l1cvv0cv1.root:SR_xbb_2/signal/tomatos_cls_5_400_unbound_shapesys_xbb_pt_bin_0__1up
2024-06-05 12:50:24 DEBUG    open file: /lustre/fs22/group/atlas/freder/hh/run/histograms/hists_for_cabinetry_tomatos_cls_5_400_unbound_shapesys_l1cvv0cv1.root
2024-06-05 12:50:24 DEBUG    saving histogram to /lustre/fs22/group/atlas/freder/hh/run/fit/tomatos_cls_5_400_unbound_shapesys_l1cvv0cv1/histograms/tomatos_cls_5_400_unbound_shapesys_SR_xbb_2_VBF-Signal_tomatos_cls_5_400_unbound_shapesys_xbb_pt_bin_0_Up.npz
2024-06-05 12:50:24 DEBUG          variation tomatos_cls_5_400_unbound_shapesys_xbb_pt_bin_0 Down
2024-06-05 12:50:24 DEBUG    reading input histogram /lustre/fs22/group/atlas/freder/hh/run/histograms/hists_for_cabinetry_tomatos_cls_5_400_unbound_shapesys_l1cvv0cv1.root:SR_xbb_2/signal/tomatos_cls_5_400_unbound_shapesys_xbb_pt_bin_0__1down
2024-06-05 12:50:24 DEBUG    open file: /lustre/fs22/group/atlas/freder/hh/run/histograms/hists_for_cabinetry_tomatos_cls_5_400_unbound_shapesys_l1cvv0cv1.root
2024-06-05 12:50:24 DEBUG    saving histogram to /lustre/fs22/group/atlas/freder/hh/run/fit/tomatos_cls_5_400_unbound_shapesys_l1cvv0cv1/histograms/tomatos_cls_5_400_unbound_shapesys_SR_xbb_2_VBF-Signal_tomatos_cls_5_400_unbound_shapesys_xbb_pt_bin_0_Down.npz
2024-06-05 12:50:24 DEBUG          variation tomatos_cls_5_400_unbound_shapesys_xbb_pt_bin_1 Up
2024-06-05 12:50:24 DEBUG    reading input histogram /lustre/fs22/group/atlas/freder/hh/run/histograms/hists_for_cabinetry_tomatos_cls_5_400_unbound_shapesys_l1cvv0cv1.root:SR_xbb_2/signal/tomatos_cls_5_400_unbound_shapesys_xbb_pt_bin_1__1up
2024-06-05 12:50:24 DEBUG    open file: /lustre/fs22/group/atlas/freder/hh/run/histograms/hists_for_cabinetry_tomatos_cls_5_400_unbound_shapesys_l1cvv0cv1.root
2024-06-05 12:50:24 DEBUG    saving histogram to /lustre/fs22/group/atlas/freder/hh/run/fit/tomatos_cls_5_400_unbound_shapesys_l1cvv0cv1/histograms/tomatos_cls_5_400_unbound_shapesys_SR_xbb_2_VBF-Signal_tomatos_cls_5_400_unbound_shapesys_xbb_pt_bin_1_Up.npz
2024-06-05 12:50:25 DEBUG          variation tomatos_cls_5_400_unbound_shapesys_xbb_pt_bin_1 Down
2024-06-05 12:50:25 DEBUG    reading input histogram /lustre/fs22/group/atlas/freder/hh/run/histograms/hists_for_cabinetry_tomatos_cls_5_400_unbound_shapesys_l1cvv0cv1.root:SR_xbb_2/signal/tomatos_cls_5_400_unbound_shapesys_xbb_pt_bin_1__1down
2024-06-05 12:50:25 DEBUG    open file: /lustre/fs22/group/atlas/freder/hh/run/histograms/hists_for_cabinetry_tomatos_cls_5_400_unbound_shapesys_l1cvv0cv1.root
2024-06-05 12:50:25 DEBUG    saving histogram to /lustre/fs22/group/atlas/freder/hh/run/fit/tomatos_cls_5_400_unbound_shapesys_l1cvv0cv1/histograms/tomatos_cls_5_400_unbound_shapesys_SR_xbb_2_VBF-Signal_tomatos_cls_5_400_unbound_shapesys_xbb_pt_bin_1_Down.npz
2024-06-05 12:50:25 DEBUG          variation tomatos_cls_5_400_unbound_shapesys_xbb_pt_bin_2 Up
2024-06-05 12:50:25 DEBUG    reading input histogram /lustre/fs22/group/atlas/freder/hh/run/histograms/hists_for_cabinetry_tomatos_cls_5_400_unbound_shapesys_l1cvv0cv1.root:SR_xbb_2/signal/tomatos_cls_5_400_unbound_shapesys_xbb_pt_bin_2__1up
2024-06-05 12:50:25 DEBUG    open file: /lustre/fs22/group/atlas/freder/hh/run/histograms/hists_for_cabinetry_tomatos_cls_5_400_unbound_shapesys_l1cvv0cv1.root
2024-06-05 12:50:25 DEBUG    saving histogram to /lustre/fs22/group/atlas/freder/hh/run/fit/tomatos_cls_5_400_unbound_shapesys_l1cvv0cv1/histograms/tomatos_cls_5_400_unbound_shapesys_SR_xbb_2_VBF-Signal_tomatos_cls_5_400_unbound_shapesys_xbb_pt_bin_2_Up.npz
2024-06-05 12:50:25 DEBUG          variation tomatos_cls_5_400_unbound_shapesys_xbb_pt_bin_2 Down
2024-06-05 12:50:25 DEBUG    reading input histogram /lustre/fs22/group/atlas/freder/hh/run/histograms/hists_for_cabinetry_tomatos_cls_5_400_unbound_shapesys_l1cvv0cv1.root:SR_xbb_2/signal/tomatos_cls_5_400_unbound_shapesys_xbb_pt_bin_2__1down
2024-06-05 12:50:25 DEBUG    open file: /lustre/fs22/group/atlas/freder/hh/run/histograms/hists_for_cabinetry_tomatos_cls_5_400_unbound_shapesys_l1cvv0cv1.root
2024-06-05 12:50:25 DEBUG    saving histogram to /lustre/fs22/group/atlas/freder/hh/run/fit/tomatos_cls_5_400_unbound_shapesys_l1cvv0cv1/histograms/tomatos_cls_5_400_unbound_shapesys_SR_xbb_2_VBF-Signal_tomatos_cls_5_400_unbound_shapesys_xbb_pt_bin_2_Down.npz
2024-06-05 12:50:25 DEBUG          variation tomatos_cls_5_400_unbound_shapesys_xbb_pt_bin_3 Up
2024-06-05 12:50:25 DEBUG    reading input histogram /lustre/fs22/group/atlas/freder/hh/run/histograms/hists_for_cabinetry_tomatos_cls_5_400_unbound_shapesys_l1cvv0cv1.root:SR_xbb_2/signal/tomatos_cls_5_400_unbound_shapesys_xbb_pt_bin_3__1up
2024-06-05 12:50:25 DEBUG    open file: /lustre/fs22/group/atlas/freder/hh/run/histograms/hists_for_cabinetry_tomatos_cls_5_400_unbound_shapesys_l1cvv0cv1.root
2024-06-05 12:50:25 DEBUG    saving histogram to /lustre/fs22/group/atlas/freder/hh/run/fit/tomatos_cls_5_400_unbound_shapesys_l1cvv0cv1/histograms/tomatos_cls_5_400_unbound_shapesys_SR_xbb_2_VBF-Signal_tomatos_cls_5_400_unbound_shapesys_xbb_pt_bin_3_Up.npz
2024-06-05 12:50:25 DEBUG          variation tomatos_cls_5_400_unbound_shapesys_xbb_pt_bin_3 Down
2024-06-05 12:50:25 DEBUG    reading input histogram /lustre/fs22/group/atlas/freder/hh/run/histograms/hists_for_cabinetry_tomatos_cls_5_400_unbound_shapesys_l1cvv0cv1.root:SR_xbb_2/signal/tomatos_cls_5_400_unbound_shapesys_xbb_pt_bin_3__1down
2024-06-05 12:50:25 DEBUG    open file: /lustre/fs22/group/atlas/freder/hh/run/histograms/hists_for_cabinetry_tomatos_cls_5_400_unbound_shapesys_l1cvv0cv1.root
2024-06-05 12:50:25 DEBUG    saving histogram to /lustre/fs22/group/atlas/freder/hh/run/fit/tomatos_cls_5_400_unbound_shapesys_l1cvv0cv1/histograms/tomatos_cls_5_400_unbound_shapesys_SR_xbb_2_VBF-Signal_tomatos_cls_5_400_unbound_shapesys_xbb_pt_bin_3_Down.npz
2024-06-05 12:50:25 DEBUG        reading sample ggF Signal
2024-06-05 12:50:25 DEBUG          variation Nominal
2024-06-05 12:50:25 DEBUG    reading input histogram /lustre/fs22/group/atlas/freder/hh/run/histograms/hists_for_cabinetry_tomatos_cls_5_400_unbound_shapesys_l1cvv0cv1.root:SR_xbb_2/ggf/tomatos_cls_5_400_unbound_shapesys_NOSYS
2024-06-05 12:50:25 DEBUG    open file: /lustre/fs22/group/atlas/freder/hh/run/histograms/hists_for_cabinetry_tomatos_cls_5_400_unbound_shapesys_l1cvv0cv1.root
2024-06-05 12:50:25 DEBUG    saving histogram to /lustre/fs22/group/atlas/freder/hh/run/fit/tomatos_cls_5_400_unbound_shapesys_l1cvv0cv1/histograms/tomatos_cls_5_400_unbound_shapesys_SR_xbb_2_ggF-Signal.npz
2024-06-05 12:50:25 DEBUG        reading sample Background
2024-06-05 12:50:25 DEBUG          variation Nominal
2024-06-05 12:50:25 DEBUG    reading input histogram /lustre/fs22/group/atlas/freder/hh/run/histograms/hists_for_cabinetry_tomatos_cls_5_400_unbound_shapesys_l1cvv0cv1.root:SR_xbb_2/bkg_estimate/tomatos_cls_5_400_unbound_shapesys_NOSYS
2024-06-05 12:50:25 DEBUG    open file: /lustre/fs22/group/atlas/freder/hh/run/histograms/hists_for_cabinetry_tomatos_cls_5_400_unbound_shapesys_l1cvv0cv1.root
2024-06-05 12:50:25 DEBUG    saving histogram to /lustre/fs22/group/atlas/freder/hh/run/fit/tomatos_cls_5_400_unbound_shapesys_l1cvv0cv1/histograms/tomatos_cls_5_400_unbound_shapesys_SR_xbb_2_Background.npz
2024-06-05 12:50:25 DEBUG          variation bkg_estimate_shape Up
2024-06-05 12:50:25 DEBUG    reading input histogram /lustre/fs22/group/atlas/freder/hh/run/histograms/hists_for_cabinetry_tomatos_cls_5_400_unbound_shapesys_l1cvv0cv1.root:SR_xbb_2/bkg_estimate/bkg_estimate_shape__1up
2024-06-05 12:50:25 DEBUG    open file: /lustre/fs22/group/atlas/freder/hh/run/histograms/hists_for_cabinetry_tomatos_cls_5_400_unbound_shapesys_l1cvv0cv1.root
2024-06-05 12:50:25 DEBUG    saving histogram to /lustre/fs22/group/atlas/freder/hh/run/fit/tomatos_cls_5_400_unbound_shapesys_l1cvv0cv1/histograms/tomatos_cls_5_400_unbound_shapesys_SR_xbb_2_Background_bkg_estimate_shape_Up.npz
2024-06-05 12:50:25 DEBUG          variation bkg_estimate_shape Down
2024-06-05 12:50:25 DEBUG    reading input histogram /lustre/fs22/group/atlas/freder/hh/run/histograms/hists_for_cabinetry_tomatos_cls_5_400_unbound_shapesys_l1cvv0cv1.root:SR_xbb_2/bkg_estimate/bkg_estimate_shape__1down
2024-06-05 12:50:25 DEBUG    open file: /lustre/fs22/group/atlas/freder/hh/run/histograms/hists_for_cabinetry_tomatos_cls_5_400_unbound_shapesys_l1cvv0cv1.root
2024-06-05 12:50:25 WARNING  tomatos_cls_5_400_unbound_shapesys_SR_xbb_2_Background_bkg_estimate_shape_Down has empty bins: [2]
2024-06-05 12:50:25 DEBUG    saving histogram to /lustre/fs22/group/atlas/freder/hh/run/fit/tomatos_cls_5_400_unbound_shapesys_l1cvv0cv1/histograms/tomatos_cls_5_400_unbound_shapesys_SR_xbb_2_Background_bkg_estimate_shape_Down.npz
2024-06-05 12:50:25 DEBUG          variation stat_bkg_estimate Up
2024-06-05 12:50:25 DEBUG    reading input histogram /lustre/fs22/group/atlas/freder/hh/run/histograms/hists_for_cabinetry_tomatos_cls_5_400_unbound_shapesys_l1cvv0cv1.root:SR_xbb_2/bkg_estimate/stat_bkg_estimate_up
2024-06-05 12:50:25 DEBUG    open file: /lustre/fs22/group/atlas/freder/hh/run/histograms/hists_for_cabinetry_tomatos_cls_5_400_unbound_shapesys_l1cvv0cv1.root
2024-06-05 12:50:25 DEBUG    saving histogram to /lustre/fs22/group/atlas/freder/hh/run/fit/tomatos_cls_5_400_unbound_shapesys_l1cvv0cv1/histograms/tomatos_cls_5_400_unbound_shapesys_SR_xbb_2_Background_stat_bkg_estimate_Up.npz
2024-06-05 12:50:25 DEBUG          variation stat_bkg_estimate Down
2024-06-05 12:50:25 DEBUG    reading input histogram /lustre/fs22/group/atlas/freder/hh/run/histograms/hists_for_cabinetry_tomatos_cls_5_400_unbound_shapesys_l1cvv0cv1.root:SR_xbb_2/bkg_estimate/stat_bkg_estimate_down
2024-06-05 12:50:25 DEBUG    open file: /lustre/fs22/group/atlas/freder/hh/run/histograms/hists_for_cabinetry_tomatos_cls_5_400_unbound_shapesys_l1cvv0cv1.root
2024-06-05 12:50:25 DEBUG    saving histogram to /lustre/fs22/group/atlas/freder/hh/run/fit/tomatos_cls_5_400_unbound_shapesys_l1cvv0cv1/histograms/tomatos_cls_5_400_unbound_shapesys_SR_xbb_2_Background_stat_bkg_estimate_Down.npz
2024-06-05 12:50:25 DEBUG      in region tomatos_cls_5_400_unbound_shapesys_SR_xbb_2
2024-06-05 12:50:25 DEBUG        reading sample Data
2024-06-05 12:50:25 DEBUG          variation Nominal
2024-06-05 12:50:25 WARNING  tomatos_cls_5_400_unbound_shapesys_SR_xbb_2_Data has empty bins: [0 1 2 3 4]
2024-06-05 12:50:25 DEBUG    saving histogram to /lustre/fs22/group/atlas/freder/hh/run/fit/tomatos_cls_5_400_unbound_shapesys_l1cvv0cv1/histograms/tomatos_cls_5_400_unbound_shapesys_SR_xbb_2_Data_modified.npz
2024-06-05 12:50:25 DEBUG        reading sample VBF Signal
2024-06-05 12:50:25 DEBUG          variation Nominal
2024-06-05 12:50:25 DEBUG    saving histogram to /lustre/fs22/group/atlas/freder/hh/run/fit/tomatos_cls_5_400_unbound_shapesys_l1cvv0cv1/histograms/tomatos_cls_5_400_unbound_shapesys_SR_xbb_2_VBF-Signal_modified.npz
2024-06-05 12:50:25 DEBUG          variation scale_variations Up
2024-06-05 12:50:25 DEBUG    saving histogram to /lustre/fs22/group/atlas/freder/hh/run/fit/tomatos_cls_5_400_unbound_shapesys_l1cvv0cv1/histograms/tomatos_cls_5_400_unbound_shapesys_SR_xbb_2_VBF-Signal_scale_variations_Up_modified.npz
2024-06-05 12:50:25 DEBUG          variation scale_variations Down
2024-06-05 12:50:25 DEBUG    saving histogram to /lustre/fs22/group/atlas/freder/hh/run/fit/tomatos_cls_5_400_unbound_shapesys_l1cvv0cv1/histograms/tomatos_cls_5_400_unbound_shapesys_SR_xbb_2_VBF-Signal_scale_variations_Down_modified.npz
2024-06-05 12:50:25 DEBUG          variation stat_signal Up
2024-06-05 12:50:25 DEBUG    saving histogram to /lustre/fs22/group/atlas/freder/hh/run/fit/tomatos_cls_5_400_unbound_shapesys_l1cvv0cv1/histograms/tomatos_cls_5_400_unbound_shapesys_SR_xbb_2_VBF-Signal_stat_signal_Up_modified.npz
2024-06-05 12:50:25 DEBUG          variation stat_signal Down
2024-06-05 12:50:25 DEBUG    saving histogram to /lustre/fs22/group/atlas/freder/hh/run/fit/tomatos_cls_5_400_unbound_shapesys_l1cvv0cv1/histograms/tomatos_cls_5_400_unbound_shapesys_SR_xbb_2_VBF-Signal_stat_signal_Down_modified.npz
2024-06-05 12:50:25 DEBUG          variation tomatos_cls_5_400_unbound_shapesys_JET_EtaIntercalibration_Modelling Up
2024-06-05 12:50:25 DEBUG    saving histogram to /lustre/fs22/group/atlas/freder/hh/run/fit/tomatos_cls_5_400_unbound_shapesys_l1cvv0cv1/histograms/tomatos_cls_5_400_unbound_shapesys_SR_xbb_2_VBF-Signal_tomatos_cls_5_400_unbound_shapesys_JET_EtaIntercalibration_Modelling_Up_modified.npz
2024-06-05 12:50:25 DEBUG          variation tomatos_cls_5_400_unbound_shapesys_JET_EtaIntercalibration_Modelling Down
2024-06-05 12:50:25 DEBUG    saving histogram to /lustre/fs22/group/atlas/freder/hh/run/fit/tomatos_cls_5_400_unbound_shapesys_l1cvv0cv1/histograms/tomatos_cls_5_400_unbound_shapesys_SR_xbb_2_VBF-Signal_tomatos_cls_5_400_unbound_shapesys_JET_EtaIntercalibration_Modelling_Down_modified.npz
2024-06-05 12:50:25 DEBUG          variation tomatos_cls_5_400_unbound_shapesys_JET_EtaIntercalibration_NonClosure_PreRec Up
2024-06-05 12:50:25 DEBUG    saving histogram to /lustre/fs22/group/atlas/freder/hh/run/fit/tomatos_cls_5_400_unbound_shapesys_l1cvv0cv1/histograms/tomatos_cls_5_400_unbound_shapesys_SR_xbb_2_VBF-Signal_tomatos_cls_5_400_unbound_shapesys_JET_EtaIntercalibration_NonClosure_PreRec_Up_modified.npz
2024-06-05 12:50:25 DEBUG          variation tomatos_cls_5_400_unbound_shapesys_JET_EtaIntercalibration_NonClosure_PreRec Down
2024-06-05 12:50:25 DEBUG    saving histogram to /lustre/fs22/group/atlas/freder/hh/run/fit/tomatos_cls_5_400_unbound_shapesys_l1cvv0cv1/histograms/tomatos_cls_5_400_unbound_shapesys_SR_xbb_2_VBF-Signal_tomatos_cls_5_400_unbound_shapesys_JET_EtaIntercalibration_NonClosure_PreRec_Down_modified.npz
2024-06-05 12:50:25 DEBUG          variation tomatos_cls_5_400_unbound_shapesys_xbb_pt_bin_0 Up
2024-06-05 12:50:25 DEBUG    saving histogram to /lustre/fs22/group/atlas/freder/hh/run/fit/tomatos_cls_5_400_unbound_shapesys_l1cvv0cv1/histograms/tomatos_cls_5_400_unbound_shapesys_SR_xbb_2_VBF-Signal_tomatos_cls_5_400_unbound_shapesys_xbb_pt_bin_0_Up_modified.npz
2024-06-05 12:50:25 DEBUG          variation tomatos_cls_5_400_unbound_shapesys_xbb_pt_bin_0 Down
2024-06-05 12:50:25 DEBUG    saving histogram to /lustre/fs22/group/atlas/freder/hh/run/fit/tomatos_cls_5_400_unbound_shapesys_l1cvv0cv1/histograms/tomatos_cls_5_400_unbound_shapesys_SR_xbb_2_VBF-Signal_tomatos_cls_5_400_unbound_shapesys_xbb_pt_bin_0_Down_modified.npz
2024-06-05 12:50:25 DEBUG          variation tomatos_cls_5_400_unbound_shapesys_xbb_pt_bin_1 Up
2024-06-05 12:50:25 DEBUG    saving histogram to /lustre/fs22/group/atlas/freder/hh/run/fit/tomatos_cls_5_400_unbound_shapesys_l1cvv0cv1/histograms/tomatos_cls_5_400_unbound_shapesys_SR_xbb_2_VBF-Signal_tomatos_cls_5_400_unbound_shapesys_xbb_pt_bin_1_Up_modified.npz
2024-06-05 12:50:25 DEBUG          variation tomatos_cls_5_400_unbound_shapesys_xbb_pt_bin_1 Down
2024-06-05 12:50:25 DEBUG    saving histogram to /lustre/fs22/group/atlas/freder/hh/run/fit/tomatos_cls_5_400_unbound_shapesys_l1cvv0cv1/histograms/tomatos_cls_5_400_unbound_shapesys_SR_xbb_2_VBF-Signal_tomatos_cls_5_400_unbound_shapesys_xbb_pt_bin_1_Down_modified.npz
2024-06-05 12:50:25 DEBUG          variation tomatos_cls_5_400_unbound_shapesys_xbb_pt_bin_2 Up
2024-06-05 12:50:25 DEBUG    saving histogram to /lustre/fs22/group/atlas/freder/hh/run/fit/tomatos_cls_5_400_unbound_shapesys_l1cvv0cv1/histograms/tomatos_cls_5_400_unbound_shapesys_SR_xbb_2_VBF-Signal_tomatos_cls_5_400_unbound_shapesys_xbb_pt_bin_2_Up_modified.npz
2024-06-05 12:50:25 DEBUG          variation tomatos_cls_5_400_unbound_shapesys_xbb_pt_bin_2 Down
2024-06-05 12:50:25 DEBUG    saving histogram to /lustre/fs22/group/atlas/freder/hh/run/fit/tomatos_cls_5_400_unbound_shapesys_l1cvv0cv1/histograms/tomatos_cls_5_400_unbound_shapesys_SR_xbb_2_VBF-Signal_tomatos_cls_5_400_unbound_shapesys_xbb_pt_bin_2_Down_modified.npz
2024-06-05 12:50:25 DEBUG          variation tomatos_cls_5_400_unbound_shapesys_xbb_pt_bin_3 Up
2024-06-05 12:50:25 DEBUG    saving histogram to /lustre/fs22/group/atlas/freder/hh/run/fit/tomatos_cls_5_400_unbound_shapesys_l1cvv0cv1/histograms/tomatos_cls_5_400_unbound_shapesys_SR_xbb_2_VBF-Signal_tomatos_cls_5_400_unbound_shapesys_xbb_pt_bin_3_Up_modified.npz
2024-06-05 12:50:25 DEBUG          variation tomatos_cls_5_400_unbound_shapesys_xbb_pt_bin_3 Down
2024-06-05 12:50:25 DEBUG    saving histogram to /lustre/fs22/group/atlas/freder/hh/run/fit/tomatos_cls_5_400_unbound_shapesys_l1cvv0cv1/histograms/tomatos_cls_5_400_unbound_shapesys_SR_xbb_2_VBF-Signal_tomatos_cls_5_400_unbound_shapesys_xbb_pt_bin_3_Down_modified.npz
2024-06-05 12:50:25 DEBUG        reading sample ggF Signal
2024-06-05 12:50:25 DEBUG          variation Nominal
2024-06-05 12:50:25 DEBUG    saving histogram to /lustre/fs22/group/atlas/freder/hh/run/fit/tomatos_cls_5_400_unbound_shapesys_l1cvv0cv1/histograms/tomatos_cls_5_400_unbound_shapesys_SR_xbb_2_ggF-Signal_modified.npz
2024-06-05 12:50:25 DEBUG        reading sample Background
2024-06-05 12:50:25 DEBUG          variation Nominal
2024-06-05 12:50:25 DEBUG    saving histogram to /lustre/fs22/group/atlas/freder/hh/run/fit/tomatos_cls_5_400_unbound_shapesys_l1cvv0cv1/histograms/tomatos_cls_5_400_unbound_shapesys_SR_xbb_2_Background_modified.npz
2024-06-05 12:50:25 DEBUG          variation bkg_estimate_shape Up
2024-06-05 12:50:25 DEBUG    saving histogram to /lustre/fs22/group/atlas/freder/hh/run/fit/tomatos_cls_5_400_unbound_shapesys_l1cvv0cv1/histograms/tomatos_cls_5_400_unbound_shapesys_SR_xbb_2_Background_bkg_estimate_shape_Up_modified.npz
2024-06-05 12:50:25 DEBUG          variation bkg_estimate_shape Down
2024-06-05 12:50:25 WARNING  tomatos_cls_5_400_unbound_shapesys_SR_xbb_2_Background_bkg_estimate_shape_Down has empty bins: [2]
2024-06-05 12:50:25 DEBUG    saving histogram to /lustre/fs22/group/atlas/freder/hh/run/fit/tomatos_cls_5_400_unbound_shapesys_l1cvv0cv1/histograms/tomatos_cls_5_400_unbound_shapesys_SR_xbb_2_Background_bkg_estimate_shape_Down_modified.npz
2024-06-05 12:50:25 DEBUG          variation stat_bkg_estimate Up
2024-06-05 12:50:25 DEBUG    saving histogram to /lustre/fs22/group/atlas/freder/hh/run/fit/tomatos_cls_5_400_unbound_shapesys_l1cvv0cv1/histograms/tomatos_cls_5_400_unbound_shapesys_SR_xbb_2_Background_stat_bkg_estimate_Up_modified.npz
2024-06-05 12:50:25 DEBUG          variation stat_bkg_estimate Down
2024-06-05 12:50:25 DEBUG    saving histogram to /lustre/fs22/group/atlas/freder/hh/run/fit/tomatos_cls_5_400_unbound_shapesys_l1cvv0cv1/histograms/tomatos_cls_5_400_unbound_shapesys_SR_xbb_2_Background_stat_bkg_estimate_Down_modified.npz
2024-06-05 12:50:25 INFO     visualizing systematic templates
2024-06-05 12:50:25 INFO     saving figure as figures/templates/tomatos_cls_5_400_unbound_shapesys_SR_xbb_2_VBF-Signal_scale_variations.pdf
2024-06-05 12:50:26 INFO     saving figure as figures/templates/tomatos_cls_5_400_unbound_shapesys_SR_xbb_2_VBF-Signal_stat_signal.pdf
2024-06-05 12:50:26 INFO     saving figure as figures/templates/tomatos_cls_5_400_unbound_shapesys_SR_xbb_2_VBF-Signal_tomatos_cls_5_400_unbound_shapesys_JET_EtaIntercalibration_Modelling.pdf
2024-06-05 12:50:26 INFO     saving figure as figures/templates/tomatos_cls_5_400_unbound_shapesys_SR_xbb_2_VBF-Signal_tomatos_cls_5_400_unbound_shapesys_JET_EtaIntercalibration_NonClosure_PreRec.pdf
2024-06-05 12:50:27 INFO     saving figure as figures/templates/tomatos_cls_5_400_unbound_shapesys_SR_xbb_2_VBF-Signal_tomatos_cls_5_400_unbound_shapesys_xbb_pt_bin_0.pdf
2024-06-05 12:50:27 INFO     saving figure as figures/templates/tomatos_cls_5_400_unbound_shapesys_SR_xbb_2_VBF-Signal_tomatos_cls_5_400_unbound_shapesys_xbb_pt_bin_1.pdf
2024-06-05 12:50:28 INFO     saving figure as figures/templates/tomatos_cls_5_400_unbound_shapesys_SR_xbb_2_VBF-Signal_tomatos_cls_5_400_unbound_shapesys_xbb_pt_bin_2.pdf
2024-06-05 12:50:28 INFO     saving figure as figures/templates/tomatos_cls_5_400_unbound_shapesys_SR_xbb_2_VBF-Signal_tomatos_cls_5_400_unbound_shapesys_xbb_pt_bin_3.pdf
2024-06-05 12:50:28 INFO     saving figure as figures/templates/tomatos_cls_5_400_unbound_shapesys_SR_xbb_2_Background_bkg_estimate_shape.pdf
2024-06-05 12:50:29 INFO     saving figure as figures/templates/tomatos_cls_5_400_unbound_shapesys_SR_xbb_2_Background_stat_bkg_estimate.pdf
2024-06-05 12:50:29 INFO     building workspace
2024-06-05 12:50:29 DEBUG    adding NormFactor signal_norm to sample VBF Signal in region tomatos_cls_5_400_unbound_shapesys_SR_xbb_2
2024-06-05 12:50:29 DEBUG    adding OverallSys branching_ratio_bb to sample VBF Signal in region tomatos_cls_5_400_unbound_shapesys_SR_xbb_2
2024-06-05 12:50:29 DEBUG    adding OverallSys and HistoSys scale_variations to sample VBF Signal in region tomatos_cls_5_400_unbound_shapesys_SR_xbb_2
2024-06-05 12:50:29 DEBUG    adding OverallSys and HistoSys stat_signal to sample VBF Signal in region tomatos_cls_5_400_unbound_shapesys_SR_xbb_2
2024-06-05 12:50:29 DEBUG    adding OverallSys and HistoSys tomatos_cls_5_400_unbound_shapesys_JET_EtaIntercalibration_Modelling to sample VBF Signal in region tomatos_cls_5_400_unbound_shapesys_SR_xbb_2
2024-06-05 12:50:29 DEBUG    adding OverallSys and HistoSys tomatos_cls_5_400_unbound_shapesys_JET_EtaIntercalibration_NonClosure_PreRec to sample VBF Signal in region tomatos_cls_5_400_unbound_shapesys_SR_xbb_2
2024-06-05 12:50:29 DEBUG    adding OverallSys and HistoSys tomatos_cls_5_400_unbound_shapesys_xbb_pt_bin_0 to sample VBF Signal in region tomatos_cls_5_400_unbound_shapesys_SR_xbb_2
2024-06-05 12:50:29 DEBUG    adding OverallSys and HistoSys tomatos_cls_5_400_unbound_shapesys_xbb_pt_bin_1 to sample VBF Signal in region tomatos_cls_5_400_unbound_shapesys_SR_xbb_2
2024-06-05 12:50:29 DEBUG    adding OverallSys and HistoSys tomatos_cls_5_400_unbound_shapesys_xbb_pt_bin_2 to sample VBF Signal in region tomatos_cls_5_400_unbound_shapesys_SR_xbb_2
2024-06-05 12:50:29 DEBUG    adding OverallSys and HistoSys tomatos_cls_5_400_unbound_shapesys_xbb_pt_bin_3 to sample VBF Signal in region tomatos_cls_5_400_unbound_shapesys_SR_xbb_2
2024-06-05 12:50:29 DEBUG    adding OverallSys bkg_estimate_norm to sample Background in region tomatos_cls_5_400_unbound_shapesys_SR_xbb_2
2024-06-05 12:50:29 DEBUG    adding OverallSys and HistoSys bkg_estimate_shape to sample Background in region tomatos_cls_5_400_unbound_shapesys_SR_xbb_2
2024-06-05 12:50:29 DEBUG    adding OverallSys and HistoSys stat_bkg_estimate to sample Background in region tomatos_cls_5_400_unbound_shapesys_SR_xbb_2
2024-06-05 12:50:29 INFO     Validating spec against schema: workspace.json
2024-06-05 12:50:29 DEBUG    saving workspace to workspaces/tomatos_cls_5_400_unbound_shapesys_l1cvv0cv1.json
2024-06-05 12:50:29 INFO     Validating spec against schema: workspace.json
2024-06-05 12:50:29 INFO     Validating spec against schema: model.json
2024-06-05 12:50:29 INFO     adding modifier bkg_estimate_shape (1 new nuisance parameters)
2024-06-05 12:50:29 INFO     adding modifier stat_bkg_estimate (1 new nuisance parameters)
2024-06-05 12:50:29 INFO     adding modifier scale_variations (1 new nuisance parameters)
2024-06-05 12:50:29 INFO     adding modifier stat_signal (1 new nuisance parameters)
2024-06-05 12:50:29 INFO     adding modifier tomatos_cls_5_400_unbound_shapesys_JET_EtaIntercalibration_Modelling (1 new nuisance parameters)
2024-06-05 12:50:29 INFO     adding modifier tomatos_cls_5_400_unbound_shapesys_JET_EtaIntercalibration_NonClosure_PreRec (1 new nuisance parameters)
2024-06-05 12:50:29 INFO     adding modifier tomatos_cls_5_400_unbound_shapesys_xbb_pt_bin_0 (1 new nuisance parameters)
2024-06-05 12:50:29 INFO     adding modifier tomatos_cls_5_400_unbound_shapesys_xbb_pt_bin_1 (1 new nuisance parameters)
2024-06-05 12:50:29 INFO     adding modifier tomatos_cls_5_400_unbound_shapesys_xbb_pt_bin_2 (1 new nuisance parameters)
2024-06-05 12:50:29 INFO     adding modifier tomatos_cls_5_400_unbound_shapesys_xbb_pt_bin_3 (1 new nuisance parameters)
2024-06-05 12:50:29 INFO     adding modifier signal_norm (1 new nuisance parameters)
2024-06-05 12:50:29 INFO     adding modifier bkg_estimate_norm (1 new nuisance parameters)
2024-06-05 12:50:29 INFO     adding modifier branching_ratio_bb (1 new nuisance parameters)
2024-06-05 12:50:29 INFO     saving figure as figures/modifier_grid.pdf
2024-06-05 12:50:30 INFO     performing maximum likelihood fit
2024-06-05 12:50:30 INFO     Migrad status:
┌─────────────────────────────────────────────────────────────────────────┐
│                                Migrad                                   │
├──────────────────────────────────┬──────────────────────────────────────┤
│ FCN = 41.67                      │              Nfcn = 352              │
│ EDM = 8.68e-19 (Goal: 0.002)     │                                      │
├──────────────────────────────────┼──────────────────────────────────────┤
│          Valid Minimum           │   Below EDM threshold (goal x 10)    │
├──────────────────────────────────┼──────────────────────────────────────┤
│      No parameters at limit      │           Below call limit           │
├──────────────────────────────────┼──────────────────────────────────────┤
│             Hesse ok             │         Covariance accurate          │
└──────────────────────────────────┴──────────────────────────────────────┘
2024-06-05 12:50:30 DEBUG    -2 log(L) = 41.671813 at best-fit point
2024-06-05 12:50:30 INFO     fit results (with symmetric uncertainties):
2024-06-05 12:50:30 INFO     bkg_estimate_shape                                                           =  0.0000 +/- 0.9277
2024-06-05 12:50:30 INFO     stat_bkg_estimate                                                            =  0.0000 +/- 0.9923
2024-06-05 12:50:30 INFO     scale_variations                                                             =  0.0000 +/- 0.9918
2024-06-05 12:50:30 INFO     stat_signal                                                                  =  0.0000 +/- 0.9933
2024-06-05 12:50:30 INFO     tomatos_cls_5_400_unbound_shapesys_JET_EtaIntercalibration_Modelling         =  0.0000 +/- 0.9928
2024-06-05 12:50:30 INFO     tomatos_cls_5_400_unbound_shapesys_JET_EtaIntercalibration_NonClosure_PreRec =  0.0000 +/- 0.9924
2024-06-05 12:50:30 INFO     tomatos_cls_5_400_unbound_shapesys_xbb_pt_bin_0                              =  0.0000 +/- 0.9912
2024-06-05 12:50:30 INFO     tomatos_cls_5_400_unbound_shapesys_xbb_pt_bin_1                              =  0.0000 +/- 0.9920
2024-06-05 12:50:30 INFO     tomatos_cls_5_400_unbound_shapesys_xbb_pt_bin_2                              =  0.0000 +/- 0.9910
2024-06-05 12:50:30 INFO     tomatos_cls_5_400_unbound_shapesys_xbb_pt_bin_3                              =  0.0000 +/- 0.9816
2024-06-05 12:50:30 INFO     signal_norm                                                                  =  1.0000 +/- 0.4391
2024-06-05 12:50:30 INFO     bkg_estimate_norm                                                            =  0.0000 +/- 0.9553
2024-06-05 12:50:30 INFO     branching_ratio_bb                                                           =  0.0000 +/- 0.9933
2024-06-05 12:50:30 INFO     calculating goodness-of-fit
2024-06-05 12:50:30 DEBUG    Delta NLL = 0.000000
2024-06-05 12:50:30 DEBUG    number of degrees of freedom: 4
2024-06-05 12:50:30 INFO     p-value for goodness-of-fit test: 100.00%
2024-06-05 12:50:30 INFO     saving figure as figures/pulls.pdf
2024-06-05 12:50:30 INFO     saving figure as figures/correlation_matrix.pdf
2024-06-05 12:50:30 DEBUG    total stdev is [[4.500883587156165, 1.9153959208454119, 1.5753421050134626, 1.2997779085998333, 3.3287526237476524]]
2024-06-05 12:50:30 DEBUG    total stdev per channel is [12.07163203228244]
2024-06-05 12:50:30 DEBUG    total stdev is [[2.3888585308205563, 1.157547128323797, 0.9916852234348428, 0.716737016709794, 1.98915413297969]]
2024-06-05 12:50:30 DEBUG    total stdev per channel is [6.328498988023896]
2024-06-05 12:50:30 INFO     saving figure as figures/tomatos_cls_5_400_unbound_shapesys_SR_xbb_2_prefit.pdf
2024-06-05 12:50:31 INFO     saving figure as figures/tomatos_cls_5_400_unbound_shapesys_SR_xbb_2_postfit.pdf
2024-06-05 12:50:31 INFO     yields per bin for pre-fit model prediction:
╒════════════╤═══════════════════════════════════════════════╤═════════════╤═════════════╤═════════════╤══════════════╕
│ sample     │ tomatos_cls_5_400_unbound_shapesys_SR_xbb_2   │             │             │             │              │
│            │ bin 1                                         │ bin 2       │ bin 3       │ bin 4       │ bin 5        │
╞════════════╪═══════════════════════════════════════════════╪═════════════╪═════════════╪═════════════╪══════════════╡
│ Background │ 0.20 ± 0.17                                   │ 0.41 ± 0.11 │ 0.63 ± 0.93 │ 1.20 ± 0.17 │ 16.39 ± 1.60 │
├────────────┼───────────────────────────────────────────────┼─────────────┼─────────────┼─────────────┼──────────────┤
│ VBF Signal │ 11.19 ± 4.50                                  │ 5.30 ± 1.91 │ 3.39 ± 1.27 │ 3.41 ± 1.29 │ 6.83 ± 2.92  │
├────────────┼───────────────────────────────────────────────┼─────────────┼─────────────┼─────────────┼──────────────┤
│ ggF Signal │ 0.07 ± 0.00                                   │ 0.09 ± 0.00 │ 0.07 ± 0.00 │ 0.06 ± 0.00 │ 0.17 ± 0.00  │
├────────────┼───────────────────────────────────────────────┼─────────────┼─────────────┼─────────────┼──────────────┤
│ total      │ 11.46 ± 4.50                                  │ 5.81 ± 1.92 │ 4.09 ± 1.58 │ 4.67 ± 1.30 │ 23.39 ± 3.33 │
├────────────┼───────────────────────────────────────────────┼─────────────┼─────────────┼─────────────┼──────────────┤
│ data       │ 11.46                                         │ 5.81        │ 4.09        │ 4.67        │ 23.39        │
╘════════════╧═══════════════════════════════════════════════╧═════════════╧═════════════╧═════════════╧══════════════╛
2024-06-05 12:50:31 INFO     saving table as tables/yields_per_bin_pre-fit.txt
2024-06-05 12:50:31 INFO     calculating 95% confidence level upper limit for signal_norm
2024-06-05 12:50:31 INFO     determining observed upper limit
2024-06-05 12:50:32 DEBUG    signal_norm = 0.0010, observed CLs = 1.0000
2024-06-05 12:50:32 DEBUG    signal_norm = 10.1506, observed CLs = 0.0000
2024-06-05 12:50:33 DEBUG    signal_norm = 9.6431, observed CLs = 0.0000
2024-06-05 12:50:34 DEBUG    signal_norm = 4.8220, observed CLs = 0.0002
2024-06-05 12:50:34 DEBUG    signal_norm = 2.4115, observed CLs = 0.0251
2024-06-05 12:50:35 DEBUG    signal_norm = 1.2063, observed CLs = 0.3364
2024-06-05 12:50:36 DEBUG    signal_norm = 2.3150, observed CLs = 0.0309
2024-06-05 12:50:36 DEBUG    signal_norm = 2.0190, observed CLs = 0.0590
2024-06-05 12:50:37 DEBUG    signal_norm = 2.1137, observed CLs = 0.0479
2024-06-05 12:50:38 DEBUG    signal_norm = 2.0961, observed CLs = 0.0498
2024-06-05 12:50:38 DEBUG    signal_norm = 2.0911, observed CLs = 0.0504
2024-06-05 12:50:38 INFO     successfully converged after 11 steps
2024-06-05 12:50:38 INFO     observed upper limit: 2.0961
2024-06-05 12:50:38 INFO     determining expected -2 sigma upper limit
2024-06-05 12:50:38 DEBUG    signal_norm = 0.0010, expected -2 sigma CLs = 1.0000 (cached)
2024-06-05 12:50:38 DEBUG    signal_norm = 1.2063, expected -2 sigma CLs = 0.0000 (cached)
2024-06-05 12:50:39 DEBUG    signal_norm = 1.1460, expected -2 sigma CLs = 0.0000
2024-06-05 12:50:39 DEBUG    signal_norm = 0.5735, expected -2 sigma CLs = 0.0000
2024-06-05 12:50:40 DEBUG    signal_norm = 0.2872, expected -2 sigma CLs = 0.0016
2024-06-05 12:50:40 DEBUG    signal_norm = 0.1441, expected -2 sigma CLs = 0.0249
2024-06-05 12:50:41 DEBUG    signal_norm = 0.0726, expected -2 sigma CLs = 0.1251
2024-06-05 12:50:42 DEBUG    signal_norm = 0.1262, expected -2 sigma CLs = 0.0370
2024-06-05 12:50:42 DEBUG    signal_norm = 0.1099, expected -2 sigma CLs = 0.0538
2024-06-05 12:50:43 DEBUG    signal_norm = 0.1149, expected -2 sigma CLs = 0.0479
2024-06-05 12:50:43 INFO     successfully converged after 10 steps
2024-06-05 12:50:43 INFO     expected -2 sigma upper limit: 0.1149
2024-06-05 12:50:43 INFO     determining expected -1 sigma upper limit
2024-06-05 12:50:43 DEBUG    signal_norm = 0.1441, expected -1 sigma CLs = 0.0759 (cached)
2024-06-05 12:50:43 DEBUG    signal_norm = 0.2872, expected -1 sigma CLs = 0.0095 (cached)
2024-06-05 12:50:43 DEBUG    signal_norm = 0.1999, expected -1 sigma CLs = 0.0321
2024-06-05 12:50:44 DEBUG    signal_norm = 0.1771, expected -1 sigma CLs = 0.0452
2024-06-05 12:50:44 DEBUG    signal_norm = 0.1701, expected -1 sigma CLs = 0.0504
2024-06-05 12:50:44 INFO     successfully converged after 5 steps
2024-06-05 12:50:44 INFO     expected -1 sigma upper limit: 0.1701
2024-06-05 12:50:44 INFO     determining expected upper limit
2024-06-05 12:50:44 DEBUG    signal_norm = 0.1999, expected CLs = 0.1165 (cached)
2024-06-05 12:50:44 DEBUG    signal_norm = 0.2872, expected CLs = 0.0491 (cached)
2024-06-05 12:50:45 DEBUG    signal_norm = 0.2822, expected CLs = 0.0515
2024-06-05 12:50:45 INFO     successfully converged after 3 steps
2024-06-05 12:50:45 INFO     expected upper limit: 0.2872
2024-06-05 12:50:45 INFO     determining expected +1 sigma upper limit
2024-06-05 12:50:45 DEBUG    signal_norm = 0.2872, expected +1 sigma CLs = 0.1981 (cached)
2024-06-05 12:50:45 DEBUG    signal_norm = 0.5735, expected +1 sigma CLs = 0.0373 (cached)
2024-06-05 12:50:46 DEBUG    signal_norm = 0.5509, expected +1 sigma CLs = 0.0423
2024-06-05 12:50:46 DEBUG    signal_norm = 0.5177, expected +1 sigma CLs = 0.0509
2024-06-05 12:50:47 DEBUG    signal_norm = 0.5227, expected +1 sigma CLs = 0.0495
2024-06-05 12:50:47 INFO     successfully converged after 5 steps
2024-06-05 12:50:47 INFO     expected +1 sigma upper limit: 0.5227
2024-06-05 12:50:47 INFO     determining expected +2 sigma upper limit
2024-06-05 12:50:47 DEBUG    signal_norm = 0.5735, expected +2 sigma CLs = 0.1992 (cached)
2024-06-05 12:50:47 DEBUG    signal_norm = 1.1460, expected +2 sigma CLs = 0.0289 (cached)
2024-06-05 12:50:47 DEBUG    signal_norm = 1.0751, expected +2 sigma CLs = 0.0363
2024-06-05 12:50:48 DEBUG    signal_norm = 0.9558, expected +2 sigma CLs = 0.0538
2024-06-05 12:50:48 DEBUG    signal_norm = 0.9819, expected +2 sigma CLs = 0.0494
2024-06-05 12:50:49 DEBUG    signal_norm = 0.9769, expected +2 sigma CLs = 0.0502
2024-06-05 12:50:49 INFO     successfully converged after 6 steps
2024-06-05 12:50:49 INFO     expected +2 sigma upper limit: 0.9769
2024-06-05 12:50:49 INFO     total of 40 steps to calculate all limits
2024-06-05 12:50:49 INFO     summary of 95% confidence level upper limits:
2024-06-05 12:50:49 INFO     observed         : 2.0961
2024-06-05 12:50:49 INFO     expected -2 sigma: 0.1149
2024-06-05 12:50:49 INFO     expected -1 sigma: 0.1701
2024-06-05 12:50:49 INFO     expected         : 0.2872
2024-06-05 12:50:49 INFO     expected +1 sigma: 0.5227
2024-06-05 12:50:49 INFO     expected +2 sigma: 0.9769
2024-06-05 12:50:49 INFO     saving figure as figures/limit.pdf
2024-06-05 12:50:49 INFO     calculating discovery significance for signal_norm
2024-06-05 12:50:49 INFO     observed p-value: 2.270e-15
2024-06-05 12:50:49 INFO     observed significance: 7.839
2024-06-05 12:50:49 INFO     expected p-value: 2.270e-15
2024-06-05 12:50:49 INFO     expected significance: 7.839
