2024-06-05 12:47:08 DEBUG    open file: /lustre/fs22/group/atlas/freder/hh/run/histograms/hists_for_cabinetry_tomatos_bce_5_1000_l1cvv0cv1.root
2024-06-05 12:47:08 INFO     opening config file /lustre/fs22/group/atlas/freder/hh/run/fit/tomatos_bce_5_1000_l1cvv0cv1/cabinetry_config.yaml
2024-06-05 12:47:08 INFO     the config contains:
2024-06-05 12:47:08 INFO       4 Sample(s)
2024-06-05 12:47:08 INFO       1 Regions(s)
2024-06-05 12:47:08 INFO       1 NormFactor(s)
2024-06-05 12:47:08 INFO       12 Systematic(s)
2024-06-05 12:47:08 DEBUG      in region tomatos_bce_5_1000_SR_xbb_2
2024-06-05 12:47:08 DEBUG        reading sample Data
2024-06-05 12:47:08 DEBUG          variation Nominal
2024-06-05 12:47:08 DEBUG    reading input histogram /lustre/fs22/group/atlas/freder/hh/run/histograms/hists_for_cabinetry_tomatos_bce_5_1000_l1cvv0cv1.root:SR_xbb_2/run2/tomatos_bce_5_1000_NOSYS
2024-06-05 12:47:08 DEBUG    open file: /lustre/fs22/group/atlas/freder/hh/run/histograms/hists_for_cabinetry_tomatos_bce_5_1000_l1cvv0cv1.root
2024-06-05 12:47:08 WARNING  tomatos_bce_5_1000_SR_xbb_2_Data has empty bins: [0 1 2 3 4]
2024-06-05 12:47:08 DEBUG    saving histogram to /lustre/fs22/group/atlas/freder/hh/run/fit/tomatos_bce_5_1000_l1cvv0cv1/histograms/tomatos_bce_5_1000_SR_xbb_2_Data.npz
2024-06-05 12:47:08 DEBUG        reading sample VBF Signal
2024-06-05 12:47:08 DEBUG          variation Nominal
2024-06-05 12:47:08 DEBUG    reading input histogram /lustre/fs22/group/atlas/freder/hh/run/histograms/hists_for_cabinetry_tomatos_bce_5_1000_l1cvv0cv1.root:SR_xbb_2/signal/tomatos_bce_5_1000_NOSYS
2024-06-05 12:47:08 DEBUG    open file: /lustre/fs22/group/atlas/freder/hh/run/histograms/hists_for_cabinetry_tomatos_bce_5_1000_l1cvv0cv1.root
2024-06-05 12:47:08 DEBUG    saving histogram to /lustre/fs22/group/atlas/freder/hh/run/fit/tomatos_bce_5_1000_l1cvv0cv1/histograms/tomatos_bce_5_1000_SR_xbb_2_VBF-Signal.npz
2024-06-05 12:47:08 DEBUG          variation scale_variations Up
2024-06-05 12:47:08 DEBUG    reading input histogram /lustre/fs22/group/atlas/freder/hh/run/histograms/hists_for_cabinetry_tomatos_bce_5_1000_l1cvv0cv1.root:SR_xbb_2/signal/scale_up
2024-06-05 12:47:08 DEBUG    open file: /lustre/fs22/group/atlas/freder/hh/run/histograms/hists_for_cabinetry_tomatos_bce_5_1000_l1cvv0cv1.root
2024-06-05 12:47:08 DEBUG    saving histogram to /lustre/fs22/group/atlas/freder/hh/run/fit/tomatos_bce_5_1000_l1cvv0cv1/histograms/tomatos_bce_5_1000_SR_xbb_2_VBF-Signal_scale_variations_Up.npz
2024-06-05 12:47:08 DEBUG          variation scale_variations Down
2024-06-05 12:47:08 DEBUG    reading input histogram /lustre/fs22/group/atlas/freder/hh/run/histograms/hists_for_cabinetry_tomatos_bce_5_1000_l1cvv0cv1.root:SR_xbb_2/signal/scale_down
2024-06-05 12:47:08 DEBUG    open file: /lustre/fs22/group/atlas/freder/hh/run/histograms/hists_for_cabinetry_tomatos_bce_5_1000_l1cvv0cv1.root
2024-06-05 12:47:08 DEBUG    saving histogram to /lustre/fs22/group/atlas/freder/hh/run/fit/tomatos_bce_5_1000_l1cvv0cv1/histograms/tomatos_bce_5_1000_SR_xbb_2_VBF-Signal_scale_variations_Down.npz
2024-06-05 12:47:08 DEBUG          variation stat_signal Up
2024-06-05 12:47:08 DEBUG    reading input histogram /lustre/fs22/group/atlas/freder/hh/run/histograms/hists_for_cabinetry_tomatos_bce_5_1000_l1cvv0cv1.root:SR_xbb_2/signal/stat_signal_up
2024-06-05 12:47:08 DEBUG    open file: /lustre/fs22/group/atlas/freder/hh/run/histograms/hists_for_cabinetry_tomatos_bce_5_1000_l1cvv0cv1.root
2024-06-05 12:47:08 DEBUG    saving histogram to /lustre/fs22/group/atlas/freder/hh/run/fit/tomatos_bce_5_1000_l1cvv0cv1/histograms/tomatos_bce_5_1000_SR_xbb_2_VBF-Signal_stat_signal_Up.npz
2024-06-05 12:47:08 DEBUG          variation stat_signal Down
2024-06-05 12:47:08 DEBUG    reading input histogram /lustre/fs22/group/atlas/freder/hh/run/histograms/hists_for_cabinetry_tomatos_bce_5_1000_l1cvv0cv1.root:SR_xbb_2/signal/stat_signal_down
2024-06-05 12:47:08 DEBUG    open file: /lustre/fs22/group/atlas/freder/hh/run/histograms/hists_for_cabinetry_tomatos_bce_5_1000_l1cvv0cv1.root
2024-06-05 12:47:08 DEBUG    saving histogram to /lustre/fs22/group/atlas/freder/hh/run/fit/tomatos_bce_5_1000_l1cvv0cv1/histograms/tomatos_bce_5_1000_SR_xbb_2_VBF-Signal_stat_signal_Down.npz
2024-06-05 12:47:08 DEBUG          variation tomatos_bce_5_1000_JET_EtaIntercalibration_Modelling Up
2024-06-05 12:47:08 DEBUG    reading input histogram /lustre/fs22/group/atlas/freder/hh/run/histograms/hists_for_cabinetry_tomatos_bce_5_1000_l1cvv0cv1.root:SR_xbb_2/signal/tomatos_bce_5_1000_JET_EtaIntercalibration_Modelling__1up
2024-06-05 12:47:08 DEBUG    open file: /lustre/fs22/group/atlas/freder/hh/run/histograms/hists_for_cabinetry_tomatos_bce_5_1000_l1cvv0cv1.root
2024-06-05 12:47:08 DEBUG    saving histogram to /lustre/fs22/group/atlas/freder/hh/run/fit/tomatos_bce_5_1000_l1cvv0cv1/histograms/tomatos_bce_5_1000_SR_xbb_2_VBF-Signal_tomatos_bce_5_1000_JET_EtaIntercalibration_Modelling_Up.npz
2024-06-05 12:47:08 DEBUG          variation tomatos_bce_5_1000_JET_EtaIntercalibration_Modelling Down
2024-06-05 12:47:08 DEBUG    reading input histogram /lustre/fs22/group/atlas/freder/hh/run/histograms/hists_for_cabinetry_tomatos_bce_5_1000_l1cvv0cv1.root:SR_xbb_2/signal/tomatos_bce_5_1000_JET_EtaIntercalibration_Modelling__1down
2024-06-05 12:47:08 DEBUG    open file: /lustre/fs22/group/atlas/freder/hh/run/histograms/hists_for_cabinetry_tomatos_bce_5_1000_l1cvv0cv1.root
2024-06-05 12:47:08 DEBUG    saving histogram to /lustre/fs22/group/atlas/freder/hh/run/fit/tomatos_bce_5_1000_l1cvv0cv1/histograms/tomatos_bce_5_1000_SR_xbb_2_VBF-Signal_tomatos_bce_5_1000_JET_EtaIntercalibration_Modelling_Down.npz
2024-06-05 12:47:08 DEBUG          variation tomatos_bce_5_1000_JET_EtaIntercalibration_NonClosure_PreRec Up
2024-06-05 12:47:08 DEBUG    reading input histogram /lustre/fs22/group/atlas/freder/hh/run/histograms/hists_for_cabinetry_tomatos_bce_5_1000_l1cvv0cv1.root:SR_xbb_2/signal/tomatos_bce_5_1000_JET_EtaIntercalibration_NonClosure_PreRec__1up
2024-06-05 12:47:08 DEBUG    open file: /lustre/fs22/group/atlas/freder/hh/run/histograms/hists_for_cabinetry_tomatos_bce_5_1000_l1cvv0cv1.root
2024-06-05 12:47:08 DEBUG    saving histogram to /lustre/fs22/group/atlas/freder/hh/run/fit/tomatos_bce_5_1000_l1cvv0cv1/histograms/tomatos_bce_5_1000_SR_xbb_2_VBF-Signal_tomatos_bce_5_1000_JET_EtaIntercalibration_NonClosure_PreRec_Up.npz
2024-06-05 12:47:08 DEBUG          variation tomatos_bce_5_1000_JET_EtaIntercalibration_NonClosure_PreRec Down
2024-06-05 12:47:08 DEBUG    reading input histogram /lustre/fs22/group/atlas/freder/hh/run/histograms/hists_for_cabinetry_tomatos_bce_5_1000_l1cvv0cv1.root:SR_xbb_2/signal/tomatos_bce_5_1000_JET_EtaIntercalibration_NonClosure_PreRec__1down
2024-06-05 12:47:08 DEBUG    open file: /lustre/fs22/group/atlas/freder/hh/run/histograms/hists_for_cabinetry_tomatos_bce_5_1000_l1cvv0cv1.root
2024-06-05 12:47:08 DEBUG    saving histogram to /lustre/fs22/group/atlas/freder/hh/run/fit/tomatos_bce_5_1000_l1cvv0cv1/histograms/tomatos_bce_5_1000_SR_xbb_2_VBF-Signal_tomatos_bce_5_1000_JET_EtaIntercalibration_NonClosure_PreRec_Down.npz
2024-06-05 12:47:08 DEBUG          variation tomatos_bce_5_1000_xbb_pt_bin_0 Up
2024-06-05 12:47:08 DEBUG    reading input histogram /lustre/fs22/group/atlas/freder/hh/run/histograms/hists_for_cabinetry_tomatos_bce_5_1000_l1cvv0cv1.root:SR_xbb_2/signal/tomatos_bce_5_1000_xbb_pt_bin_0__1up
2024-06-05 12:47:08 DEBUG    open file: /lustre/fs22/group/atlas/freder/hh/run/histograms/hists_for_cabinetry_tomatos_bce_5_1000_l1cvv0cv1.root
2024-06-05 12:47:08 DEBUG    saving histogram to /lustre/fs22/group/atlas/freder/hh/run/fit/tomatos_bce_5_1000_l1cvv0cv1/histograms/tomatos_bce_5_1000_SR_xbb_2_VBF-Signal_tomatos_bce_5_1000_xbb_pt_bin_0_Up.npz
2024-06-05 12:47:08 DEBUG          variation tomatos_bce_5_1000_xbb_pt_bin_0 Down
2024-06-05 12:47:08 DEBUG    reading input histogram /lustre/fs22/group/atlas/freder/hh/run/histograms/hists_for_cabinetry_tomatos_bce_5_1000_l1cvv0cv1.root:SR_xbb_2/signal/tomatos_bce_5_1000_xbb_pt_bin_0__1down
2024-06-05 12:47:08 DEBUG    open file: /lustre/fs22/group/atlas/freder/hh/run/histograms/hists_for_cabinetry_tomatos_bce_5_1000_l1cvv0cv1.root
2024-06-05 12:47:08 DEBUG    saving histogram to /lustre/fs22/group/atlas/freder/hh/run/fit/tomatos_bce_5_1000_l1cvv0cv1/histograms/tomatos_bce_5_1000_SR_xbb_2_VBF-Signal_tomatos_bce_5_1000_xbb_pt_bin_0_Down.npz
2024-06-05 12:47:08 DEBUG          variation tomatos_bce_5_1000_xbb_pt_bin_1 Up
2024-06-05 12:47:08 DEBUG    reading input histogram /lustre/fs22/group/atlas/freder/hh/run/histograms/hists_for_cabinetry_tomatos_bce_5_1000_l1cvv0cv1.root:SR_xbb_2/signal/tomatos_bce_5_1000_xbb_pt_bin_1__1up
2024-06-05 12:47:08 DEBUG    open file: /lustre/fs22/group/atlas/freder/hh/run/histograms/hists_for_cabinetry_tomatos_bce_5_1000_l1cvv0cv1.root
2024-06-05 12:47:08 DEBUG    saving histogram to /lustre/fs22/group/atlas/freder/hh/run/fit/tomatos_bce_5_1000_l1cvv0cv1/histograms/tomatos_bce_5_1000_SR_xbb_2_VBF-Signal_tomatos_bce_5_1000_xbb_pt_bin_1_Up.npz
2024-06-05 12:47:08 DEBUG          variation tomatos_bce_5_1000_xbb_pt_bin_1 Down
2024-06-05 12:47:08 DEBUG    reading input histogram /lustre/fs22/group/atlas/freder/hh/run/histograms/hists_for_cabinetry_tomatos_bce_5_1000_l1cvv0cv1.root:SR_xbb_2/signal/tomatos_bce_5_1000_xbb_pt_bin_1__1down
2024-06-05 12:47:08 DEBUG    open file: /lustre/fs22/group/atlas/freder/hh/run/histograms/hists_for_cabinetry_tomatos_bce_5_1000_l1cvv0cv1.root
2024-06-05 12:47:08 DEBUG    saving histogram to /lustre/fs22/group/atlas/freder/hh/run/fit/tomatos_bce_5_1000_l1cvv0cv1/histograms/tomatos_bce_5_1000_SR_xbb_2_VBF-Signal_tomatos_bce_5_1000_xbb_pt_bin_1_Down.npz
2024-06-05 12:47:08 DEBUG          variation tomatos_bce_5_1000_xbb_pt_bin_2 Up
2024-06-05 12:47:08 DEBUG    reading input histogram /lustre/fs22/group/atlas/freder/hh/run/histograms/hists_for_cabinetry_tomatos_bce_5_1000_l1cvv0cv1.root:SR_xbb_2/signal/tomatos_bce_5_1000_xbb_pt_bin_2__1up
2024-06-05 12:47:08 DEBUG    open file: /lustre/fs22/group/atlas/freder/hh/run/histograms/hists_for_cabinetry_tomatos_bce_5_1000_l1cvv0cv1.root
2024-06-05 12:47:08 DEBUG    saving histogram to /lustre/fs22/group/atlas/freder/hh/run/fit/tomatos_bce_5_1000_l1cvv0cv1/histograms/tomatos_bce_5_1000_SR_xbb_2_VBF-Signal_tomatos_bce_5_1000_xbb_pt_bin_2_Up.npz
2024-06-05 12:47:08 DEBUG          variation tomatos_bce_5_1000_xbb_pt_bin_2 Down
2024-06-05 12:47:08 DEBUG    reading input histogram /lustre/fs22/group/atlas/freder/hh/run/histograms/hists_for_cabinetry_tomatos_bce_5_1000_l1cvv0cv1.root:SR_xbb_2/signal/tomatos_bce_5_1000_xbb_pt_bin_2__1down
2024-06-05 12:47:08 DEBUG    open file: /lustre/fs22/group/atlas/freder/hh/run/histograms/hists_for_cabinetry_tomatos_bce_5_1000_l1cvv0cv1.root
2024-06-05 12:47:08 DEBUG    saving histogram to /lustre/fs22/group/atlas/freder/hh/run/fit/tomatos_bce_5_1000_l1cvv0cv1/histograms/tomatos_bce_5_1000_SR_xbb_2_VBF-Signal_tomatos_bce_5_1000_xbb_pt_bin_2_Down.npz
2024-06-05 12:47:08 DEBUG          variation tomatos_bce_5_1000_xbb_pt_bin_3 Up
2024-06-05 12:47:08 DEBUG    reading input histogram /lustre/fs22/group/atlas/freder/hh/run/histograms/hists_for_cabinetry_tomatos_bce_5_1000_l1cvv0cv1.root:SR_xbb_2/signal/tomatos_bce_5_1000_xbb_pt_bin_3__1up
2024-06-05 12:47:08 DEBUG    open file: /lustre/fs22/group/atlas/freder/hh/run/histograms/hists_for_cabinetry_tomatos_bce_5_1000_l1cvv0cv1.root
2024-06-05 12:47:08 DEBUG    saving histogram to /lustre/fs22/group/atlas/freder/hh/run/fit/tomatos_bce_5_1000_l1cvv0cv1/histograms/tomatos_bce_5_1000_SR_xbb_2_VBF-Signal_tomatos_bce_5_1000_xbb_pt_bin_3_Up.npz
2024-06-05 12:47:08 DEBUG          variation tomatos_bce_5_1000_xbb_pt_bin_3 Down
2024-06-05 12:47:08 DEBUG    reading input histogram /lustre/fs22/group/atlas/freder/hh/run/histograms/hists_for_cabinetry_tomatos_bce_5_1000_l1cvv0cv1.root:SR_xbb_2/signal/tomatos_bce_5_1000_xbb_pt_bin_3__1down
2024-06-05 12:47:08 DEBUG    open file: /lustre/fs22/group/atlas/freder/hh/run/histograms/hists_for_cabinetry_tomatos_bce_5_1000_l1cvv0cv1.root
2024-06-05 12:47:08 DEBUG    saving histogram to /lustre/fs22/group/atlas/freder/hh/run/fit/tomatos_bce_5_1000_l1cvv0cv1/histograms/tomatos_bce_5_1000_SR_xbb_2_VBF-Signal_tomatos_bce_5_1000_xbb_pt_bin_3_Down.npz
2024-06-05 12:47:08 DEBUG        reading sample ggF Signal
2024-06-05 12:47:08 DEBUG          variation Nominal
2024-06-05 12:47:08 DEBUG    reading input histogram /lustre/fs22/group/atlas/freder/hh/run/histograms/hists_for_cabinetry_tomatos_bce_5_1000_l1cvv0cv1.root:SR_xbb_2/ggf/tomatos_bce_5_1000_NOSYS
2024-06-05 12:47:08 DEBUG    open file: /lustre/fs22/group/atlas/freder/hh/run/histograms/hists_for_cabinetry_tomatos_bce_5_1000_l1cvv0cv1.root
2024-06-05 12:47:08 DEBUG    saving histogram to /lustre/fs22/group/atlas/freder/hh/run/fit/tomatos_bce_5_1000_l1cvv0cv1/histograms/tomatos_bce_5_1000_SR_xbb_2_ggF-Signal.npz
2024-06-05 12:47:08 DEBUG        reading sample Background
2024-06-05 12:47:08 DEBUG          variation Nominal
2024-06-05 12:47:08 DEBUG    reading input histogram /lustre/fs22/group/atlas/freder/hh/run/histograms/hists_for_cabinetry_tomatos_bce_5_1000_l1cvv0cv1.root:SR_xbb_2/bkg_estimate/tomatos_bce_5_1000_NOSYS
2024-06-05 12:47:08 DEBUG    open file: /lustre/fs22/group/atlas/freder/hh/run/histograms/hists_for_cabinetry_tomatos_bce_5_1000_l1cvv0cv1.root
2024-06-05 12:47:08 DEBUG    saving histogram to /lustre/fs22/group/atlas/freder/hh/run/fit/tomatos_bce_5_1000_l1cvv0cv1/histograms/tomatos_bce_5_1000_SR_xbb_2_Background.npz
2024-06-05 12:47:08 DEBUG          variation bkg_estimate_shape Up
2024-06-05 12:47:08 DEBUG    reading input histogram /lustre/fs22/group/atlas/freder/hh/run/histograms/hists_for_cabinetry_tomatos_bce_5_1000_l1cvv0cv1.root:SR_xbb_2/bkg_estimate/bkg_estimate_shape__1up
2024-06-05 12:47:08 DEBUG    open file: /lustre/fs22/group/atlas/freder/hh/run/histograms/hists_for_cabinetry_tomatos_bce_5_1000_l1cvv0cv1.root
2024-06-05 12:47:08 DEBUG    saving histogram to /lustre/fs22/group/atlas/freder/hh/run/fit/tomatos_bce_5_1000_l1cvv0cv1/histograms/tomatos_bce_5_1000_SR_xbb_2_Background_bkg_estimate_shape_Up.npz
2024-06-05 12:47:08 DEBUG          variation bkg_estimate_shape Down
2024-06-05 12:47:08 DEBUG    reading input histogram /lustre/fs22/group/atlas/freder/hh/run/histograms/hists_for_cabinetry_tomatos_bce_5_1000_l1cvv0cv1.root:SR_xbb_2/bkg_estimate/bkg_estimate_shape__1down
2024-06-05 12:47:08 DEBUG    open file: /lustre/fs22/group/atlas/freder/hh/run/histograms/hists_for_cabinetry_tomatos_bce_5_1000_l1cvv0cv1.root
2024-06-05 12:47:08 WARNING  tomatos_bce_5_1000_SR_xbb_2_Background_bkg_estimate_shape_Down has empty bins: [2 4]
2024-06-05 12:47:08 DEBUG    saving histogram to /lustre/fs22/group/atlas/freder/hh/run/fit/tomatos_bce_5_1000_l1cvv0cv1/histograms/tomatos_bce_5_1000_SR_xbb_2_Background_bkg_estimate_shape_Down.npz
2024-06-05 12:47:08 DEBUG          variation stat_bkg_estimate Up
2024-06-05 12:47:08 DEBUG    reading input histogram /lustre/fs22/group/atlas/freder/hh/run/histograms/hists_for_cabinetry_tomatos_bce_5_1000_l1cvv0cv1.root:SR_xbb_2/bkg_estimate/stat_bkg_estimate_up
2024-06-05 12:47:08 DEBUG    open file: /lustre/fs22/group/atlas/freder/hh/run/histograms/hists_for_cabinetry_tomatos_bce_5_1000_l1cvv0cv1.root
2024-06-05 12:47:08 DEBUG    saving histogram to /lustre/fs22/group/atlas/freder/hh/run/fit/tomatos_bce_5_1000_l1cvv0cv1/histograms/tomatos_bce_5_1000_SR_xbb_2_Background_stat_bkg_estimate_Up.npz
2024-06-05 12:47:08 DEBUG          variation stat_bkg_estimate Down
2024-06-05 12:47:08 DEBUG    reading input histogram /lustre/fs22/group/atlas/freder/hh/run/histograms/hists_for_cabinetry_tomatos_bce_5_1000_l1cvv0cv1.root:SR_xbb_2/bkg_estimate/stat_bkg_estimate_down
2024-06-05 12:47:08 DEBUG    open file: /lustre/fs22/group/atlas/freder/hh/run/histograms/hists_for_cabinetry_tomatos_bce_5_1000_l1cvv0cv1.root
2024-06-05 12:47:08 DEBUG    saving histogram to /lustre/fs22/group/atlas/freder/hh/run/fit/tomatos_bce_5_1000_l1cvv0cv1/histograms/tomatos_bce_5_1000_SR_xbb_2_Background_stat_bkg_estimate_Down.npz
2024-06-05 12:47:08 DEBUG      in region tomatos_bce_5_1000_SR_xbb_2
2024-06-05 12:47:08 DEBUG        reading sample Data
2024-06-05 12:47:08 DEBUG          variation Nominal
2024-06-05 12:47:08 WARNING  tomatos_bce_5_1000_SR_xbb_2_Data has empty bins: [0 1 2 3 4]
2024-06-05 12:47:08 DEBUG    saving histogram to /lustre/fs22/group/atlas/freder/hh/run/fit/tomatos_bce_5_1000_l1cvv0cv1/histograms/tomatos_bce_5_1000_SR_xbb_2_Data_modified.npz
2024-06-05 12:47:08 DEBUG        reading sample VBF Signal
2024-06-05 12:47:08 DEBUG          variation Nominal
2024-06-05 12:47:08 DEBUG    saving histogram to /lustre/fs22/group/atlas/freder/hh/run/fit/tomatos_bce_5_1000_l1cvv0cv1/histograms/tomatos_bce_5_1000_SR_xbb_2_VBF-Signal_modified.npz
2024-06-05 12:47:08 DEBUG          variation scale_variations Up
2024-06-05 12:47:08 DEBUG    saving histogram to /lustre/fs22/group/atlas/freder/hh/run/fit/tomatos_bce_5_1000_l1cvv0cv1/histograms/tomatos_bce_5_1000_SR_xbb_2_VBF-Signal_scale_variations_Up_modified.npz
2024-06-05 12:47:08 DEBUG          variation scale_variations Down
2024-06-05 12:47:08 DEBUG    saving histogram to /lustre/fs22/group/atlas/freder/hh/run/fit/tomatos_bce_5_1000_l1cvv0cv1/histograms/tomatos_bce_5_1000_SR_xbb_2_VBF-Signal_scale_variations_Down_modified.npz
2024-06-05 12:47:08 DEBUG          variation stat_signal Up
2024-06-05 12:47:08 DEBUG    saving histogram to /lustre/fs22/group/atlas/freder/hh/run/fit/tomatos_bce_5_1000_l1cvv0cv1/histograms/tomatos_bce_5_1000_SR_xbb_2_VBF-Signal_stat_signal_Up_modified.npz
2024-06-05 12:47:08 DEBUG          variation stat_signal Down
2024-06-05 12:47:08 DEBUG    saving histogram to /lustre/fs22/group/atlas/freder/hh/run/fit/tomatos_bce_5_1000_l1cvv0cv1/histograms/tomatos_bce_5_1000_SR_xbb_2_VBF-Signal_stat_signal_Down_modified.npz
2024-06-05 12:47:08 DEBUG          variation tomatos_bce_5_1000_JET_EtaIntercalibration_Modelling Up
2024-06-05 12:47:08 DEBUG    saving histogram to /lustre/fs22/group/atlas/freder/hh/run/fit/tomatos_bce_5_1000_l1cvv0cv1/histograms/tomatos_bce_5_1000_SR_xbb_2_VBF-Signal_tomatos_bce_5_1000_JET_EtaIntercalibration_Modelling_Up_modified.npz
2024-06-05 12:47:08 DEBUG          variation tomatos_bce_5_1000_JET_EtaIntercalibration_Modelling Down
2024-06-05 12:47:08 DEBUG    saving histogram to /lustre/fs22/group/atlas/freder/hh/run/fit/tomatos_bce_5_1000_l1cvv0cv1/histograms/tomatos_bce_5_1000_SR_xbb_2_VBF-Signal_tomatos_bce_5_1000_JET_EtaIntercalibration_Modelling_Down_modified.npz
2024-06-05 12:47:08 DEBUG          variation tomatos_bce_5_1000_JET_EtaIntercalibration_NonClosure_PreRec Up
2024-06-05 12:47:08 DEBUG    saving histogram to /lustre/fs22/group/atlas/freder/hh/run/fit/tomatos_bce_5_1000_l1cvv0cv1/histograms/tomatos_bce_5_1000_SR_xbb_2_VBF-Signal_tomatos_bce_5_1000_JET_EtaIntercalibration_NonClosure_PreRec_Up_modified.npz
2024-06-05 12:47:08 DEBUG          variation tomatos_bce_5_1000_JET_EtaIntercalibration_NonClosure_PreRec Down
2024-06-05 12:47:08 DEBUG    saving histogram to /lustre/fs22/group/atlas/freder/hh/run/fit/tomatos_bce_5_1000_l1cvv0cv1/histograms/tomatos_bce_5_1000_SR_xbb_2_VBF-Signal_tomatos_bce_5_1000_JET_EtaIntercalibration_NonClosure_PreRec_Down_modified.npz
2024-06-05 12:47:08 DEBUG          variation tomatos_bce_5_1000_xbb_pt_bin_0 Up
2024-06-05 12:47:08 DEBUG    saving histogram to /lustre/fs22/group/atlas/freder/hh/run/fit/tomatos_bce_5_1000_l1cvv0cv1/histograms/tomatos_bce_5_1000_SR_xbb_2_VBF-Signal_tomatos_bce_5_1000_xbb_pt_bin_0_Up_modified.npz
2024-06-05 12:47:08 DEBUG          variation tomatos_bce_5_1000_xbb_pt_bin_0 Down
2024-06-05 12:47:08 DEBUG    saving histogram to /lustre/fs22/group/atlas/freder/hh/run/fit/tomatos_bce_5_1000_l1cvv0cv1/histograms/tomatos_bce_5_1000_SR_xbb_2_VBF-Signal_tomatos_bce_5_1000_xbb_pt_bin_0_Down_modified.npz
2024-06-05 12:47:08 DEBUG          variation tomatos_bce_5_1000_xbb_pt_bin_1 Up
2024-06-05 12:47:08 DEBUG    saving histogram to /lustre/fs22/group/atlas/freder/hh/run/fit/tomatos_bce_5_1000_l1cvv0cv1/histograms/tomatos_bce_5_1000_SR_xbb_2_VBF-Signal_tomatos_bce_5_1000_xbb_pt_bin_1_Up_modified.npz
2024-06-05 12:47:08 DEBUG          variation tomatos_bce_5_1000_xbb_pt_bin_1 Down
2024-06-05 12:47:08 DEBUG    saving histogram to /lustre/fs22/group/atlas/freder/hh/run/fit/tomatos_bce_5_1000_l1cvv0cv1/histograms/tomatos_bce_5_1000_SR_xbb_2_VBF-Signal_tomatos_bce_5_1000_xbb_pt_bin_1_Down_modified.npz
2024-06-05 12:47:08 DEBUG          variation tomatos_bce_5_1000_xbb_pt_bin_2 Up
2024-06-05 12:47:08 DEBUG    saving histogram to /lustre/fs22/group/atlas/freder/hh/run/fit/tomatos_bce_5_1000_l1cvv0cv1/histograms/tomatos_bce_5_1000_SR_xbb_2_VBF-Signal_tomatos_bce_5_1000_xbb_pt_bin_2_Up_modified.npz
2024-06-05 12:47:08 DEBUG          variation tomatos_bce_5_1000_xbb_pt_bin_2 Down
2024-06-05 12:47:08 DEBUG    saving histogram to /lustre/fs22/group/atlas/freder/hh/run/fit/tomatos_bce_5_1000_l1cvv0cv1/histograms/tomatos_bce_5_1000_SR_xbb_2_VBF-Signal_tomatos_bce_5_1000_xbb_pt_bin_2_Down_modified.npz
2024-06-05 12:47:08 DEBUG          variation tomatos_bce_5_1000_xbb_pt_bin_3 Up
2024-06-05 12:47:08 DEBUG    saving histogram to /lustre/fs22/group/atlas/freder/hh/run/fit/tomatos_bce_5_1000_l1cvv0cv1/histograms/tomatos_bce_5_1000_SR_xbb_2_VBF-Signal_tomatos_bce_5_1000_xbb_pt_bin_3_Up_modified.npz
2024-06-05 12:47:08 DEBUG          variation tomatos_bce_5_1000_xbb_pt_bin_3 Down
2024-06-05 12:47:08 DEBUG    saving histogram to /lustre/fs22/group/atlas/freder/hh/run/fit/tomatos_bce_5_1000_l1cvv0cv1/histograms/tomatos_bce_5_1000_SR_xbb_2_VBF-Signal_tomatos_bce_5_1000_xbb_pt_bin_3_Down_modified.npz
2024-06-05 12:47:08 DEBUG        reading sample ggF Signal
2024-06-05 12:47:08 DEBUG          variation Nominal
2024-06-05 12:47:08 DEBUG    saving histogram to /lustre/fs22/group/atlas/freder/hh/run/fit/tomatos_bce_5_1000_l1cvv0cv1/histograms/tomatos_bce_5_1000_SR_xbb_2_ggF-Signal_modified.npz
2024-06-05 12:47:08 DEBUG        reading sample Background
2024-06-05 12:47:08 DEBUG          variation Nominal
2024-06-05 12:47:08 DEBUG    saving histogram to /lustre/fs22/group/atlas/freder/hh/run/fit/tomatos_bce_5_1000_l1cvv0cv1/histograms/tomatos_bce_5_1000_SR_xbb_2_Background_modified.npz
2024-06-05 12:47:08 DEBUG          variation bkg_estimate_shape Up
2024-06-05 12:47:08 DEBUG    saving histogram to /lustre/fs22/group/atlas/freder/hh/run/fit/tomatos_bce_5_1000_l1cvv0cv1/histograms/tomatos_bce_5_1000_SR_xbb_2_Background_bkg_estimate_shape_Up_modified.npz
2024-06-05 12:47:08 DEBUG          variation bkg_estimate_shape Down
2024-06-05 12:47:08 WARNING  tomatos_bce_5_1000_SR_xbb_2_Background_bkg_estimate_shape_Down has empty bins: [2 4]
2024-06-05 12:47:08 DEBUG    saving histogram to /lustre/fs22/group/atlas/freder/hh/run/fit/tomatos_bce_5_1000_l1cvv0cv1/histograms/tomatos_bce_5_1000_SR_xbb_2_Background_bkg_estimate_shape_Down_modified.npz
2024-06-05 12:47:08 DEBUG          variation stat_bkg_estimate Up
2024-06-05 12:47:08 DEBUG    saving histogram to /lustre/fs22/group/atlas/freder/hh/run/fit/tomatos_bce_5_1000_l1cvv0cv1/histograms/tomatos_bce_5_1000_SR_xbb_2_Background_stat_bkg_estimate_Up_modified.npz
2024-06-05 12:47:08 DEBUG          variation stat_bkg_estimate Down
2024-06-05 12:47:08 DEBUG    saving histogram to /lustre/fs22/group/atlas/freder/hh/run/fit/tomatos_bce_5_1000_l1cvv0cv1/histograms/tomatos_bce_5_1000_SR_xbb_2_Background_stat_bkg_estimate_Down_modified.npz
2024-06-05 12:47:08 INFO     visualizing systematic templates
2024-06-05 12:47:09 INFO     saving figure as figures/templates/tomatos_bce_5_1000_SR_xbb_2_VBF-Signal_scale_variations.pdf
2024-06-05 12:47:09 INFO     saving figure as figures/templates/tomatos_bce_5_1000_SR_xbb_2_VBF-Signal_stat_signal.pdf
2024-06-05 12:47:10 INFO     saving figure as figures/templates/tomatos_bce_5_1000_SR_xbb_2_VBF-Signal_tomatos_bce_5_1000_JET_EtaIntercalibration_Modelling.pdf
2024-06-05 12:47:10 INFO     saving figure as figures/templates/tomatos_bce_5_1000_SR_xbb_2_VBF-Signal_tomatos_bce_5_1000_JET_EtaIntercalibration_NonClosure_PreRec.pdf
2024-06-05 12:47:10 INFO     saving figure as figures/templates/tomatos_bce_5_1000_SR_xbb_2_VBF-Signal_tomatos_bce_5_1000_xbb_pt_bin_0.pdf
2024-06-05 12:47:11 INFO     saving figure as figures/templates/tomatos_bce_5_1000_SR_xbb_2_VBF-Signal_tomatos_bce_5_1000_xbb_pt_bin_1.pdf
2024-06-05 12:47:11 INFO     saving figure as figures/templates/tomatos_bce_5_1000_SR_xbb_2_VBF-Signal_tomatos_bce_5_1000_xbb_pt_bin_2.pdf
2024-06-05 12:47:11 INFO     saving figure as figures/templates/tomatos_bce_5_1000_SR_xbb_2_VBF-Signal_tomatos_bce_5_1000_xbb_pt_bin_3.pdf
2024-06-05 12:47:12 INFO     saving figure as figures/templates/tomatos_bce_5_1000_SR_xbb_2_Background_bkg_estimate_shape.pdf
2024-06-05 12:47:12 INFO     saving figure as figures/templates/tomatos_bce_5_1000_SR_xbb_2_Background_stat_bkg_estimate.pdf
2024-06-05 12:47:13 INFO     building workspace
2024-06-05 12:47:13 DEBUG    adding NormFactor signal_norm to sample VBF Signal in region tomatos_bce_5_1000_SR_xbb_2
2024-06-05 12:47:13 DEBUG    adding OverallSys branching_ratio_bb to sample VBF Signal in region tomatos_bce_5_1000_SR_xbb_2
2024-06-05 12:47:13 DEBUG    adding OverallSys and HistoSys scale_variations to sample VBF Signal in region tomatos_bce_5_1000_SR_xbb_2
2024-06-05 12:47:13 DEBUG    adding OverallSys and HistoSys stat_signal to sample VBF Signal in region tomatos_bce_5_1000_SR_xbb_2
2024-06-05 12:47:13 DEBUG    adding OverallSys and HistoSys tomatos_bce_5_1000_JET_EtaIntercalibration_Modelling to sample VBF Signal in region tomatos_bce_5_1000_SR_xbb_2
2024-06-05 12:47:13 DEBUG    adding OverallSys and HistoSys tomatos_bce_5_1000_JET_EtaIntercalibration_NonClosure_PreRec to sample VBF Signal in region tomatos_bce_5_1000_SR_xbb_2
2024-06-05 12:47:13 DEBUG    adding OverallSys and HistoSys tomatos_bce_5_1000_xbb_pt_bin_0 to sample VBF Signal in region tomatos_bce_5_1000_SR_xbb_2
2024-06-05 12:47:13 DEBUG    adding OverallSys and HistoSys tomatos_bce_5_1000_xbb_pt_bin_1 to sample VBF Signal in region tomatos_bce_5_1000_SR_xbb_2
2024-06-05 12:47:13 DEBUG    adding OverallSys and HistoSys tomatos_bce_5_1000_xbb_pt_bin_2 to sample VBF Signal in region tomatos_bce_5_1000_SR_xbb_2
2024-06-05 12:47:13 DEBUG    adding OverallSys and HistoSys tomatos_bce_5_1000_xbb_pt_bin_3 to sample VBF Signal in region tomatos_bce_5_1000_SR_xbb_2
2024-06-05 12:47:13 DEBUG    adding OverallSys bkg_estimate_norm to sample Background in region tomatos_bce_5_1000_SR_xbb_2
2024-06-05 12:47:13 DEBUG    adding OverallSys and HistoSys bkg_estimate_shape to sample Background in region tomatos_bce_5_1000_SR_xbb_2
2024-06-05 12:47:13 DEBUG    adding OverallSys and HistoSys stat_bkg_estimate to sample Background in region tomatos_bce_5_1000_SR_xbb_2
2024-06-05 12:47:13 INFO     Validating spec against schema: workspace.json
2024-06-05 12:47:13 DEBUG    saving workspace to workspaces/tomatos_bce_5_1000_l1cvv0cv1.json
2024-06-05 12:47:13 INFO     Validating spec against schema: workspace.json
2024-06-05 12:47:13 INFO     Validating spec against schema: model.json
2024-06-05 12:47:13 INFO     adding modifier bkg_estimate_shape (1 new nuisance parameters)
2024-06-05 12:47:13 INFO     adding modifier stat_bkg_estimate (1 new nuisance parameters)
2024-06-05 12:47:13 INFO     adding modifier scale_variations (1 new nuisance parameters)
2024-06-05 12:47:13 INFO     adding modifier stat_signal (1 new nuisance parameters)
2024-06-05 12:47:13 INFO     adding modifier tomatos_bce_5_1000_JET_EtaIntercalibration_Modelling (1 new nuisance parameters)
2024-06-05 12:47:13 INFO     adding modifier tomatos_bce_5_1000_JET_EtaIntercalibration_NonClosure_PreRec (1 new nuisance parameters)
2024-06-05 12:47:13 INFO     adding modifier tomatos_bce_5_1000_xbb_pt_bin_0 (1 new nuisance parameters)
2024-06-05 12:47:13 INFO     adding modifier tomatos_bce_5_1000_xbb_pt_bin_1 (1 new nuisance parameters)
2024-06-05 12:47:13 INFO     adding modifier tomatos_bce_5_1000_xbb_pt_bin_2 (1 new nuisance parameters)
2024-06-05 12:47:13 INFO     adding modifier tomatos_bce_5_1000_xbb_pt_bin_3 (1 new nuisance parameters)
2024-06-05 12:47:13 INFO     adding modifier signal_norm (1 new nuisance parameters)
2024-06-05 12:47:13 INFO     adding modifier bkg_estimate_norm (1 new nuisance parameters)
2024-06-05 12:47:13 INFO     adding modifier branching_ratio_bb (1 new nuisance parameters)
2024-06-05 12:47:13 INFO     saving figure as figures/modifier_grid.pdf
2024-06-05 12:47:13 INFO     performing maximum likelihood fit
2024-06-05 12:47:13 INFO     Migrad status:
┌─────────────────────────────────────────────────────────────────────────┐
│                                Migrad                                   │
├──────────────────────────────────┬──────────────────────────────────────┤
│ FCN = 44.08                      │              Nfcn = 374              │
│ EDM = 5.1e-14 (Goal: 0.002)      │                                      │
├──────────────────────────────────┼──────────────────────────────────────┤
│          Valid Minimum           │   Below EDM threshold (goal x 10)    │
├──────────────────────────────────┼──────────────────────────────────────┤
│      No parameters at limit      │           Below call limit           │
├──────────────────────────────────┼──────────────────────────────────────┤
│             Hesse ok             │         Covariance accurate          │
└──────────────────────────────────┴──────────────────────────────────────┘
2024-06-05 12:47:13 DEBUG    -2 log(L) = 44.075097 at best-fit point
2024-06-05 12:47:13 INFO     fit results (with symmetric uncertainties):
2024-06-05 12:47:13 INFO     bkg_estimate_shape                                           =  0.0000 +/- 0.3770
2024-06-05 12:47:13 INFO     stat_bkg_estimate                                            =  0.0000 +/- 0.9916
2024-06-05 12:47:13 INFO     scale_variations                                             =  0.0000 +/- 0.9927
2024-06-05 12:47:13 INFO     stat_signal                                                  =  0.0000 +/- 0.9933
2024-06-05 12:47:13 INFO     tomatos_bce_5_1000_JET_EtaIntercalibration_Modelling         =  0.0000 +/- 0.9932
2024-06-05 12:47:13 INFO     tomatos_bce_5_1000_JET_EtaIntercalibration_NonClosure_PreRec =  0.0000 +/- 0.9931
2024-06-05 12:47:13 INFO     tomatos_bce_5_1000_xbb_pt_bin_0                              =  0.0000 +/- 0.9910
2024-06-05 12:47:13 INFO     tomatos_bce_5_1000_xbb_pt_bin_1                              =  0.0000 +/- 0.9921
2024-06-05 12:47:13 INFO     tomatos_bce_5_1000_xbb_pt_bin_2                              =  0.0000 +/- 0.9929
2024-06-05 12:47:13 INFO     tomatos_bce_5_1000_xbb_pt_bin_3                              =  0.0000 +/- 0.9824
2024-06-05 12:47:13 INFO     signal_norm                                                  =  1.0000 +/- 0.4462
2024-06-05 12:47:13 INFO     bkg_estimate_norm                                            =  0.0000 +/- 0.9389
2024-06-05 12:47:13 INFO     branching_ratio_bb                                           =  0.0000 +/- 0.9933
2024-06-05 12:47:13 INFO     calculating goodness-of-fit
2024-06-05 12:47:13 DEBUG    Delta NLL = -0.000000
2024-06-05 12:47:13 DEBUG    number of degrees of freedom: 4
2024-06-05 12:47:13 INFO     p-value for goodness-of-fit test: 100.00%
2024-06-05 12:47:13 INFO     saving figure as figures/pulls.pdf
2024-06-05 12:47:13 INFO     saving figure as figures/correlation_matrix.pdf
2024-06-05 12:47:14 DEBUG    total stdev is [[3.898679273284049, 4.334800742798618, 4.1928460993545125, 1.9107965238454516, 12.808557287720115]]
2024-06-05 12:47:14 DEBUG    total stdev per channel is [21.31130881519069]
2024-06-05 12:47:14 DEBUG    total stdev is [[2.8941303641510663, 1.5422746608927786, 1.4243387159100953, 0.7268892596383543, 5.619605721635443]]
2024-06-05 12:47:14 DEBUG    total stdev per channel is [7.81705671926062]
2024-06-05 12:47:14 INFO     saving figure as figures/tomatos_bce_5_1000_SR_xbb_2_prefit.pdf
2024-06-05 12:47:14 INFO     saving figure as figures/tomatos_bce_5_1000_SR_xbb_2_postfit.pdf
2024-06-05 12:47:15 INFO     yields per bin for pre-fit model prediction:
╒════════════╤═══════════════════════════════╤═════════════╤═════════════╤═════════════╤═══════════════╕
│ sample     │ tomatos_bce_5_1000_SR_xbb_2   │             │             │             │               │
│            │ bin 1                         │ bin 2       │ bin 3       │ bin 4       │ bin 5         │
╞════════════╪═══════════════════════════════╪═════════════╪═════════════╪═════════════╪═══════════════╡
│ Background │ 70.77 ± 3.89                  │ 5.59 ± 4.32 │ 3.15 ± 4.17 │ 2.14 ± 1.77 │ 2.04 ± 3.15   │
├────────────┼───────────────────────────────┼─────────────┼─────────────┼─────────────┼───────────────┤
│ VBF Signal │ 0.89 ± 0.30                   │ 0.90 ± 0.31 │ 1.19 ± 0.40 │ 2.19 ± 0.73 │ 30.40 ± 12.41 │
├────────────┼───────────────────────────────┼─────────────┼─────────────┼─────────────┼───────────────┤
│ ggF Signal │ 0.64 ± 0.00                   │ 0.27 ± 0.00 │ 0.25 ± 0.00 │ 0.22 ± 0.00 │ 0.51 ± 0.00   │
├────────────┼───────────────────────────────┼─────────────┼─────────────┼─────────────┼───────────────┤
│ total      │ 72.30 ± 3.90                  │ 6.76 ± 4.33 │ 4.59 ± 4.19 │ 4.55 ± 1.91 │ 32.96 ± 12.81 │
├────────────┼───────────────────────────────┼─────────────┼─────────────┼─────────────┼───────────────┤
│ data       │ 72.30                         │ 6.76        │ 4.59        │ 4.55        │ 32.96         │
╘════════════╧═══════════════════════════════╧═════════════╧═════════════╧═════════════╧═══════════════╛
2024-06-05 12:47:15 INFO     saving table as tables/yields_per_bin_pre-fit.txt
2024-06-05 12:47:15 INFO     calculating 95% confidence level upper limit for signal_norm
2024-06-05 12:47:15 INFO     determining observed upper limit
2024-06-05 12:47:15 DEBUG    signal_norm = 0.0010, observed CLs = 1.0000
2024-06-05 12:47:16 DEBUG    signal_norm = 2.5376, observed CLs = 0.0222
2024-06-05 12:47:16 DEBUG    signal_norm = 2.4654, observed CLs = 0.0257
2024-06-05 12:47:17 DEBUG    signal_norm = 1.9800, observed CLs = 0.0702
2024-06-05 12:47:18 DEBUG    signal_norm = 2.2000, observed CLs = 0.0444
2024-06-05 12:47:18 DEBUG    signal_norm = 2.1519, observed CLs = 0.0490
2024-06-05 12:47:19 DEBUG    signal_norm = 2.1424, observed CLs = 0.0500
2024-06-05 12:47:19 INFO     successfully converged after 7 steps
2024-06-05 12:47:19 INFO     observed upper limit: 2.1424
2024-06-05 12:47:19 INFO     determining expected -2 sigma upper limit
2024-06-05 12:47:19 DEBUG    signal_norm = 0.0010, expected -2 sigma CLs = 1.0000 (cached)
2024-06-05 12:47:19 DEBUG    signal_norm = 1.9800, expected -2 sigma CLs = 0.0000 (cached)
2024-06-05 12:47:20 DEBUG    signal_norm = 1.8810, expected -2 sigma CLs = 0.0000
2024-06-05 12:47:20 DEBUG    signal_norm = 0.9410, expected -2 sigma CLs = 0.0000
2024-06-05 12:47:21 DEBUG    signal_norm = 0.4710, expected -2 sigma CLs = 0.0007
2024-06-05 12:47:21 DEBUG    signal_norm = 0.2360, expected -2 sigma CLs = 0.0170
2024-06-05 12:47:22 DEBUG    signal_norm = 0.1185, expected -2 sigma CLs = 0.1215
2024-06-05 12:47:22 DEBUG    signal_norm = 0.1989, expected -2 sigma CLs = 0.0308
2024-06-05 12:47:23 DEBUG    signal_norm = 0.1582, expected -2 sigma CLs = 0.0609
2024-06-05 12:47:23 DEBUG    signal_norm = 0.1729, expected -2 sigma CLs = 0.0474
2024-06-05 12:47:24 DEBUG    signal_norm = 0.1679, expected -2 sigma CLs = 0.0516
2024-06-05 12:47:24 INFO     successfully converged after 11 steps
2024-06-05 12:47:24 INFO     expected -2 sigma upper limit: 0.1679
2024-06-05 12:47:24 INFO     determining expected -1 sigma upper limit
2024-06-05 12:47:24 DEBUG    signal_norm = 0.2360, expected -1 sigma CLs = 0.0572 (cached)
2024-06-05 12:47:24 DEBUG    signal_norm = 0.4710, expected -1 sigma CLs = 0.0047 (cached)
2024-06-05 12:47:25 DEBUG    signal_norm = 0.2684, expected -1 sigma CLs = 0.0394
2024-06-05 12:47:25 DEBUG    signal_norm = 0.2491, expected -1 sigma CLs = 0.0491
2024-06-05 12:47:26 DEBUG    signal_norm = 0.2441, expected -1 sigma CLs = 0.0521
2024-06-05 12:47:26 INFO     successfully converged after 5 steps
2024-06-05 12:47:26 INFO     expected -1 sigma upper limit: 0.2491
2024-06-05 12:47:26 INFO     determining expected upper limit
2024-06-05 12:47:26 DEBUG    signal_norm = 0.2684, expected CLs = 0.1343 (cached)
2024-06-05 12:47:26 DEBUG    signal_norm = 0.4710, expected CLs = 0.0297 (cached)
2024-06-05 12:47:26 DEBUG    signal_norm = 0.4317, expected CLs = 0.0393
2024-06-05 12:47:27 DEBUG    signal_norm = 0.3929, expected CLs = 0.0521
2024-06-05 12:47:27 DEBUG    signal_norm = 0.3994, expected CLs = 0.0497
2024-06-05 12:47:27 INFO     successfully converged after 5 steps
2024-06-05 12:47:27 INFO     expected upper limit: 0.3994
2024-06-05 12:47:27 INFO     determining expected +1 sigma upper limit
2024-06-05 12:47:27 DEBUG    signal_norm = 0.4710, expected +1 sigma CLs = 0.1428 (cached)
2024-06-05 12:47:27 DEBUG    signal_norm = 0.9410, expected +1 sigma CLs = 0.0180 (cached)
2024-06-05 12:47:28 DEBUG    signal_norm = 0.8205, expected +1 sigma CLs = 0.0298
2024-06-05 12:47:28 DEBUG    signal_norm = 0.6519, expected +1 sigma CLs = 0.0624
2024-06-05 12:47:29 DEBUG    signal_norm = 0.7160, expected +1 sigma CLs = 0.0469
2024-06-05 12:47:29 DEBUG    signal_norm = 0.7033, expected +1 sigma CLs = 0.0496
2024-06-05 12:47:30 DEBUG    signal_norm = 0.6983, expected +1 sigma CLs = 0.0507
2024-06-05 12:47:30 INFO     successfully converged after 7 steps
2024-06-05 12:47:30 INFO     expected +1 sigma upper limit: 0.7033
2024-06-05 12:47:30 INFO     determining expected +2 sigma upper limit
2024-06-05 12:47:30 DEBUG    signal_norm = 0.9410, expected +2 sigma CLs = 0.1245 (cached)
2024-06-05 12:47:30 DEBUG    signal_norm = 1.8810, expected +2 sigma CLs = 0.0113 (cached)
2024-06-05 12:47:31 DEBUG    signal_norm = 1.5597, expected +2 sigma CLs = 0.0247
2024-06-05 12:47:31 DEBUG    signal_norm = 1.1061, expected +2 sigma CLs = 0.0798
2024-06-05 12:47:32 DEBUG    signal_norm = 1.3513, expected +2 sigma CLs = 0.0419
2024-06-05 12:47:32 DEBUG    signal_norm = 1.2742, expected +2 sigma CLs = 0.0512
2024-06-05 12:47:33 DEBUG    signal_norm = 1.2840, expected +2 sigma CLs = 0.0499
2024-06-05 12:47:33 INFO     successfully converged after 7 steps
2024-06-05 12:47:33 INFO     expected +2 sigma upper limit: 1.2840
2024-06-05 12:47:33 INFO     total of 42 steps to calculate all limits
2024-06-05 12:47:33 INFO     summary of 95% confidence level upper limits:
2024-06-05 12:47:33 INFO     observed         : 2.1424
2024-06-05 12:47:33 INFO     expected -2 sigma: 0.1679
2024-06-05 12:47:33 INFO     expected -1 sigma: 0.2491
2024-06-05 12:47:33 INFO     expected         : 0.3994
2024-06-05 12:47:33 INFO     expected +1 sigma: 0.7033
2024-06-05 12:47:33 INFO     expected +2 sigma: 1.2840
2024-06-05 12:47:33 INFO     saving figure as figures/limit.pdf
2024-06-05 12:47:33 INFO     calculating discovery significance for signal_norm
2024-06-05 12:47:34 INFO     observed p-value: 1.210e-11
2024-06-05 12:47:34 INFO     observed significance: 6.678
2024-06-05 12:47:34 INFO     expected p-value: 1.210e-11
2024-06-05 12:47:34 INFO     expected significance: 6.678
