2024-06-05 12:47:58 DEBUG    open file: /lustre/fs22/group/atlas/freder/hh/run/histograms/hists_for_cabinetry_tomatos_cls_5_400_unbound_shapesys_l1cvv1cv1.root
2024-06-05 12:47:58 INFO     opening config file /lustre/fs22/group/atlas/freder/hh/run/fit/tomatos_cls_5_400_unbound_shapesys_l1cvv1cv1/cabinetry_config.yaml
2024-06-05 12:47:58 INFO     the config contains:
2024-06-05 12:47:58 INFO       4 Sample(s)
2024-06-05 12:47:58 INFO       1 Regions(s)
2024-06-05 12:47:58 INFO       1 NormFactor(s)
2024-06-05 12:47:58 INFO       12 Systematic(s)
2024-06-05 12:47:58 DEBUG      in region tomatos_cls_5_400_unbound_shapesys_SR_xbb_2
2024-06-05 12:47:58 DEBUG        reading sample Data
2024-06-05 12:47:58 DEBUG          variation Nominal
2024-06-05 12:47:58 DEBUG    reading input histogram /lustre/fs22/group/atlas/freder/hh/run/histograms/hists_for_cabinetry_tomatos_cls_5_400_unbound_shapesys_l1cvv1cv1.root:SR_xbb_2/run2/tomatos_cls_5_400_unbound_shapesys_NOSYS
2024-06-05 12:47:58 DEBUG    open file: /lustre/fs22/group/atlas/freder/hh/run/histograms/hists_for_cabinetry_tomatos_cls_5_400_unbound_shapesys_l1cvv1cv1.root
2024-06-05 12:47:58 WARNING  tomatos_cls_5_400_unbound_shapesys_SR_xbb_2_Data has empty bins: [0 1 2 3 4]
2024-06-05 12:47:58 DEBUG    saving histogram to /lustre/fs22/group/atlas/freder/hh/run/fit/tomatos_cls_5_400_unbound_shapesys_l1cvv1cv1/histograms/tomatos_cls_5_400_unbound_shapesys_SR_xbb_2_Data.npz
2024-06-05 12:47:58 DEBUG        reading sample VBF Signal
2024-06-05 12:47:58 DEBUG          variation Nominal
2024-06-05 12:47:58 DEBUG    reading input histogram /lustre/fs22/group/atlas/freder/hh/run/histograms/hists_for_cabinetry_tomatos_cls_5_400_unbound_shapesys_l1cvv1cv1.root:SR_xbb_2/signal/tomatos_cls_5_400_unbound_shapesys_NOSYS
2024-06-05 12:47:58 DEBUG    open file: /lustre/fs22/group/atlas/freder/hh/run/histograms/hists_for_cabinetry_tomatos_cls_5_400_unbound_shapesys_l1cvv1cv1.root
2024-06-05 12:47:58 DEBUG    saving histogram to /lustre/fs22/group/atlas/freder/hh/run/fit/tomatos_cls_5_400_unbound_shapesys_l1cvv1cv1/histograms/tomatos_cls_5_400_unbound_shapesys_SR_xbb_2_VBF-Signal.npz
2024-06-05 12:47:58 DEBUG          variation scale_variations Up
2024-06-05 12:47:58 DEBUG    reading input histogram /lustre/fs22/group/atlas/freder/hh/run/histograms/hists_for_cabinetry_tomatos_cls_5_400_unbound_shapesys_l1cvv1cv1.root:SR_xbb_2/signal/scale_up
2024-06-05 12:47:58 DEBUG    open file: /lustre/fs22/group/atlas/freder/hh/run/histograms/hists_for_cabinetry_tomatos_cls_5_400_unbound_shapesys_l1cvv1cv1.root
2024-06-05 12:47:58 DEBUG    saving histogram to /lustre/fs22/group/atlas/freder/hh/run/fit/tomatos_cls_5_400_unbound_shapesys_l1cvv1cv1/histograms/tomatos_cls_5_400_unbound_shapesys_SR_xbb_2_VBF-Signal_scale_variations_Up.npz
2024-06-05 12:47:58 DEBUG          variation scale_variations Down
2024-06-05 12:47:58 DEBUG    reading input histogram /lustre/fs22/group/atlas/freder/hh/run/histograms/hists_for_cabinetry_tomatos_cls_5_400_unbound_shapesys_l1cvv1cv1.root:SR_xbb_2/signal/scale_down
2024-06-05 12:47:58 DEBUG    open file: /lustre/fs22/group/atlas/freder/hh/run/histograms/hists_for_cabinetry_tomatos_cls_5_400_unbound_shapesys_l1cvv1cv1.root
2024-06-05 12:47:58 DEBUG    saving histogram to /lustre/fs22/group/atlas/freder/hh/run/fit/tomatos_cls_5_400_unbound_shapesys_l1cvv1cv1/histograms/tomatos_cls_5_400_unbound_shapesys_SR_xbb_2_VBF-Signal_scale_variations_Down.npz
2024-06-05 12:47:58 DEBUG          variation stat_signal Up
2024-06-05 12:47:58 DEBUG    reading input histogram /lustre/fs22/group/atlas/freder/hh/run/histograms/hists_for_cabinetry_tomatos_cls_5_400_unbound_shapesys_l1cvv1cv1.root:SR_xbb_2/signal/stat_signal_up
2024-06-05 12:47:58 DEBUG    open file: /lustre/fs22/group/atlas/freder/hh/run/histograms/hists_for_cabinetry_tomatos_cls_5_400_unbound_shapesys_l1cvv1cv1.root
2024-06-05 12:47:58 DEBUG    saving histogram to /lustre/fs22/group/atlas/freder/hh/run/fit/tomatos_cls_5_400_unbound_shapesys_l1cvv1cv1/histograms/tomatos_cls_5_400_unbound_shapesys_SR_xbb_2_VBF-Signal_stat_signal_Up.npz
2024-06-05 12:47:58 DEBUG          variation stat_signal Down
2024-06-05 12:47:58 DEBUG    reading input histogram /lustre/fs22/group/atlas/freder/hh/run/histograms/hists_for_cabinetry_tomatos_cls_5_400_unbound_shapesys_l1cvv1cv1.root:SR_xbb_2/signal/stat_signal_down
2024-06-05 12:47:58 DEBUG    open file: /lustre/fs22/group/atlas/freder/hh/run/histograms/hists_for_cabinetry_tomatos_cls_5_400_unbound_shapesys_l1cvv1cv1.root
2024-06-05 12:47:58 DEBUG    saving histogram to /lustre/fs22/group/atlas/freder/hh/run/fit/tomatos_cls_5_400_unbound_shapesys_l1cvv1cv1/histograms/tomatos_cls_5_400_unbound_shapesys_SR_xbb_2_VBF-Signal_stat_signal_Down.npz
2024-06-05 12:47:58 DEBUG          variation tomatos_cls_5_400_unbound_shapesys_JET_EtaIntercalibration_Modelling Up
2024-06-05 12:47:58 DEBUG    reading input histogram /lustre/fs22/group/atlas/freder/hh/run/histograms/hists_for_cabinetry_tomatos_cls_5_400_unbound_shapesys_l1cvv1cv1.root:SR_xbb_2/signal/tomatos_cls_5_400_unbound_shapesys_JET_EtaIntercalibration_Modelling__1up
2024-06-05 12:47:58 DEBUG    open file: /lustre/fs22/group/atlas/freder/hh/run/histograms/hists_for_cabinetry_tomatos_cls_5_400_unbound_shapesys_l1cvv1cv1.root
2024-06-05 12:47:58 DEBUG    saving histogram to /lustre/fs22/group/atlas/freder/hh/run/fit/tomatos_cls_5_400_unbound_shapesys_l1cvv1cv1/histograms/tomatos_cls_5_400_unbound_shapesys_SR_xbb_2_VBF-Signal_tomatos_cls_5_400_unbound_shapesys_JET_EtaIntercalibration_Modelling_Up.npz
2024-06-05 12:47:58 DEBUG          variation tomatos_cls_5_400_unbound_shapesys_JET_EtaIntercalibration_Modelling Down
2024-06-05 12:47:58 DEBUG    reading input histogram /lustre/fs22/group/atlas/freder/hh/run/histograms/hists_for_cabinetry_tomatos_cls_5_400_unbound_shapesys_l1cvv1cv1.root:SR_xbb_2/signal/tomatos_cls_5_400_unbound_shapesys_JET_EtaIntercalibration_Modelling__1down
2024-06-05 12:47:58 DEBUG    open file: /lustre/fs22/group/atlas/freder/hh/run/histograms/hists_for_cabinetry_tomatos_cls_5_400_unbound_shapesys_l1cvv1cv1.root
2024-06-05 12:47:58 DEBUG    saving histogram to /lustre/fs22/group/atlas/freder/hh/run/fit/tomatos_cls_5_400_unbound_shapesys_l1cvv1cv1/histograms/tomatos_cls_5_400_unbound_shapesys_SR_xbb_2_VBF-Signal_tomatos_cls_5_400_unbound_shapesys_JET_EtaIntercalibration_Modelling_Down.npz
2024-06-05 12:47:58 DEBUG          variation tomatos_cls_5_400_unbound_shapesys_JET_EtaIntercalibration_NonClosure_PreRec Up
2024-06-05 12:47:58 DEBUG    reading input histogram /lustre/fs22/group/atlas/freder/hh/run/histograms/hists_for_cabinetry_tomatos_cls_5_400_unbound_shapesys_l1cvv1cv1.root:SR_xbb_2/signal/tomatos_cls_5_400_unbound_shapesys_JET_EtaIntercalibration_NonClosure_PreRec__1up
2024-06-05 12:47:58 DEBUG    open file: /lustre/fs22/group/atlas/freder/hh/run/histograms/hists_for_cabinetry_tomatos_cls_5_400_unbound_shapesys_l1cvv1cv1.root
2024-06-05 12:47:58 DEBUG    saving histogram to /lustre/fs22/group/atlas/freder/hh/run/fit/tomatos_cls_5_400_unbound_shapesys_l1cvv1cv1/histograms/tomatos_cls_5_400_unbound_shapesys_SR_xbb_2_VBF-Signal_tomatos_cls_5_400_unbound_shapesys_JET_EtaIntercalibration_NonClosure_PreRec_Up.npz
2024-06-05 12:47:58 DEBUG          variation tomatos_cls_5_400_unbound_shapesys_JET_EtaIntercalibration_NonClosure_PreRec Down
2024-06-05 12:47:58 DEBUG    reading input histogram /lustre/fs22/group/atlas/freder/hh/run/histograms/hists_for_cabinetry_tomatos_cls_5_400_unbound_shapesys_l1cvv1cv1.root:SR_xbb_2/signal/tomatos_cls_5_400_unbound_shapesys_JET_EtaIntercalibration_NonClosure_PreRec__1down
2024-06-05 12:47:58 DEBUG    open file: /lustre/fs22/group/atlas/freder/hh/run/histograms/hists_for_cabinetry_tomatos_cls_5_400_unbound_shapesys_l1cvv1cv1.root
2024-06-05 12:47:58 DEBUG    saving histogram to /lustre/fs22/group/atlas/freder/hh/run/fit/tomatos_cls_5_400_unbound_shapesys_l1cvv1cv1/histograms/tomatos_cls_5_400_unbound_shapesys_SR_xbb_2_VBF-Signal_tomatos_cls_5_400_unbound_shapesys_JET_EtaIntercalibration_NonClosure_PreRec_Down.npz
2024-06-05 12:47:58 DEBUG          variation tomatos_cls_5_400_unbound_shapesys_xbb_pt_bin_0 Up
2024-06-05 12:47:58 DEBUG    reading input histogram /lustre/fs22/group/atlas/freder/hh/run/histograms/hists_for_cabinetry_tomatos_cls_5_400_unbound_shapesys_l1cvv1cv1.root:SR_xbb_2/signal/tomatos_cls_5_400_unbound_shapesys_xbb_pt_bin_0__1up
2024-06-05 12:47:58 DEBUG    open file: /lustre/fs22/group/atlas/freder/hh/run/histograms/hists_for_cabinetry_tomatos_cls_5_400_unbound_shapesys_l1cvv1cv1.root
2024-06-05 12:47:58 DEBUG    saving histogram to /lustre/fs22/group/atlas/freder/hh/run/fit/tomatos_cls_5_400_unbound_shapesys_l1cvv1cv1/histograms/tomatos_cls_5_400_unbound_shapesys_SR_xbb_2_VBF-Signal_tomatos_cls_5_400_unbound_shapesys_xbb_pt_bin_0_Up.npz
2024-06-05 12:47:58 DEBUG          variation tomatos_cls_5_400_unbound_shapesys_xbb_pt_bin_0 Down
2024-06-05 12:47:58 DEBUG    reading input histogram /lustre/fs22/group/atlas/freder/hh/run/histograms/hists_for_cabinetry_tomatos_cls_5_400_unbound_shapesys_l1cvv1cv1.root:SR_xbb_2/signal/tomatos_cls_5_400_unbound_shapesys_xbb_pt_bin_0__1down
2024-06-05 12:47:58 DEBUG    open file: /lustre/fs22/group/atlas/freder/hh/run/histograms/hists_for_cabinetry_tomatos_cls_5_400_unbound_shapesys_l1cvv1cv1.root
2024-06-05 12:47:58 DEBUG    saving histogram to /lustre/fs22/group/atlas/freder/hh/run/fit/tomatos_cls_5_400_unbound_shapesys_l1cvv1cv1/histograms/tomatos_cls_5_400_unbound_shapesys_SR_xbb_2_VBF-Signal_tomatos_cls_5_400_unbound_shapesys_xbb_pt_bin_0_Down.npz
2024-06-05 12:47:58 DEBUG          variation tomatos_cls_5_400_unbound_shapesys_xbb_pt_bin_1 Up
2024-06-05 12:47:58 DEBUG    reading input histogram /lustre/fs22/group/atlas/freder/hh/run/histograms/hists_for_cabinetry_tomatos_cls_5_400_unbound_shapesys_l1cvv1cv1.root:SR_xbb_2/signal/tomatos_cls_5_400_unbound_shapesys_xbb_pt_bin_1__1up
2024-06-05 12:47:58 DEBUG    open file: /lustre/fs22/group/atlas/freder/hh/run/histograms/hists_for_cabinetry_tomatos_cls_5_400_unbound_shapesys_l1cvv1cv1.root
2024-06-05 12:47:58 DEBUG    saving histogram to /lustre/fs22/group/atlas/freder/hh/run/fit/tomatos_cls_5_400_unbound_shapesys_l1cvv1cv1/histograms/tomatos_cls_5_400_unbound_shapesys_SR_xbb_2_VBF-Signal_tomatos_cls_5_400_unbound_shapesys_xbb_pt_bin_1_Up.npz
2024-06-05 12:47:58 DEBUG          variation tomatos_cls_5_400_unbound_shapesys_xbb_pt_bin_1 Down
2024-06-05 12:47:58 DEBUG    reading input histogram /lustre/fs22/group/atlas/freder/hh/run/histograms/hists_for_cabinetry_tomatos_cls_5_400_unbound_shapesys_l1cvv1cv1.root:SR_xbb_2/signal/tomatos_cls_5_400_unbound_shapesys_xbb_pt_bin_1__1down
2024-06-05 12:47:58 DEBUG    open file: /lustre/fs22/group/atlas/freder/hh/run/histograms/hists_for_cabinetry_tomatos_cls_5_400_unbound_shapesys_l1cvv1cv1.root
2024-06-05 12:47:58 DEBUG    saving histogram to /lustre/fs22/group/atlas/freder/hh/run/fit/tomatos_cls_5_400_unbound_shapesys_l1cvv1cv1/histograms/tomatos_cls_5_400_unbound_shapesys_SR_xbb_2_VBF-Signal_tomatos_cls_5_400_unbound_shapesys_xbb_pt_bin_1_Down.npz
2024-06-05 12:47:58 DEBUG          variation tomatos_cls_5_400_unbound_shapesys_xbb_pt_bin_2 Up
2024-06-05 12:47:58 DEBUG    reading input histogram /lustre/fs22/group/atlas/freder/hh/run/histograms/hists_for_cabinetry_tomatos_cls_5_400_unbound_shapesys_l1cvv1cv1.root:SR_xbb_2/signal/tomatos_cls_5_400_unbound_shapesys_xbb_pt_bin_2__1up
2024-06-05 12:47:58 DEBUG    open file: /lustre/fs22/group/atlas/freder/hh/run/histograms/hists_for_cabinetry_tomatos_cls_5_400_unbound_shapesys_l1cvv1cv1.root
2024-06-05 12:47:58 DEBUG    saving histogram to /lustre/fs22/group/atlas/freder/hh/run/fit/tomatos_cls_5_400_unbound_shapesys_l1cvv1cv1/histograms/tomatos_cls_5_400_unbound_shapesys_SR_xbb_2_VBF-Signal_tomatos_cls_5_400_unbound_shapesys_xbb_pt_bin_2_Up.npz
2024-06-05 12:47:58 DEBUG          variation tomatos_cls_5_400_unbound_shapesys_xbb_pt_bin_2 Down
2024-06-05 12:47:58 DEBUG    reading input histogram /lustre/fs22/group/atlas/freder/hh/run/histograms/hists_for_cabinetry_tomatos_cls_5_400_unbound_shapesys_l1cvv1cv1.root:SR_xbb_2/signal/tomatos_cls_5_400_unbound_shapesys_xbb_pt_bin_2__1down
2024-06-05 12:47:58 DEBUG    open file: /lustre/fs22/group/atlas/freder/hh/run/histograms/hists_for_cabinetry_tomatos_cls_5_400_unbound_shapesys_l1cvv1cv1.root
2024-06-05 12:47:58 DEBUG    saving histogram to /lustre/fs22/group/atlas/freder/hh/run/fit/tomatos_cls_5_400_unbound_shapesys_l1cvv1cv1/histograms/tomatos_cls_5_400_unbound_shapesys_SR_xbb_2_VBF-Signal_tomatos_cls_5_400_unbound_shapesys_xbb_pt_bin_2_Down.npz
2024-06-05 12:47:58 DEBUG          variation tomatos_cls_5_400_unbound_shapesys_xbb_pt_bin_3 Up
2024-06-05 12:47:58 DEBUG    reading input histogram /lustre/fs22/group/atlas/freder/hh/run/histograms/hists_for_cabinetry_tomatos_cls_5_400_unbound_shapesys_l1cvv1cv1.root:SR_xbb_2/signal/tomatos_cls_5_400_unbound_shapesys_xbb_pt_bin_3__1up
2024-06-05 12:47:58 DEBUG    open file: /lustre/fs22/group/atlas/freder/hh/run/histograms/hists_for_cabinetry_tomatos_cls_5_400_unbound_shapesys_l1cvv1cv1.root
2024-06-05 12:47:58 DEBUG    saving histogram to /lustre/fs22/group/atlas/freder/hh/run/fit/tomatos_cls_5_400_unbound_shapesys_l1cvv1cv1/histograms/tomatos_cls_5_400_unbound_shapesys_SR_xbb_2_VBF-Signal_tomatos_cls_5_400_unbound_shapesys_xbb_pt_bin_3_Up.npz
2024-06-05 12:47:58 DEBUG          variation tomatos_cls_5_400_unbound_shapesys_xbb_pt_bin_3 Down
2024-06-05 12:47:58 DEBUG    reading input histogram /lustre/fs22/group/atlas/freder/hh/run/histograms/hists_for_cabinetry_tomatos_cls_5_400_unbound_shapesys_l1cvv1cv1.root:SR_xbb_2/signal/tomatos_cls_5_400_unbound_shapesys_xbb_pt_bin_3__1down
2024-06-05 12:47:58 DEBUG    open file: /lustre/fs22/group/atlas/freder/hh/run/histograms/hists_for_cabinetry_tomatos_cls_5_400_unbound_shapesys_l1cvv1cv1.root
2024-06-05 12:47:58 DEBUG    saving histogram to /lustre/fs22/group/atlas/freder/hh/run/fit/tomatos_cls_5_400_unbound_shapesys_l1cvv1cv1/histograms/tomatos_cls_5_400_unbound_shapesys_SR_xbb_2_VBF-Signal_tomatos_cls_5_400_unbound_shapesys_xbb_pt_bin_3_Down.npz
2024-06-05 12:47:58 DEBUG        reading sample ggF Signal
2024-06-05 12:47:58 DEBUG          variation Nominal
2024-06-05 12:47:58 DEBUG    reading input histogram /lustre/fs22/group/atlas/freder/hh/run/histograms/hists_for_cabinetry_tomatos_cls_5_400_unbound_shapesys_l1cvv1cv1.root:SR_xbb_2/ggf/tomatos_cls_5_400_unbound_shapesys_NOSYS
2024-06-05 12:47:58 DEBUG    open file: /lustre/fs22/group/atlas/freder/hh/run/histograms/hists_for_cabinetry_tomatos_cls_5_400_unbound_shapesys_l1cvv1cv1.root
2024-06-05 12:47:58 DEBUG    saving histogram to /lustre/fs22/group/atlas/freder/hh/run/fit/tomatos_cls_5_400_unbound_shapesys_l1cvv1cv1/histograms/tomatos_cls_5_400_unbound_shapesys_SR_xbb_2_ggF-Signal.npz
2024-06-05 12:47:58 DEBUG        reading sample Background
2024-06-05 12:47:58 DEBUG          variation Nominal
2024-06-05 12:47:58 DEBUG    reading input histogram /lustre/fs22/group/atlas/freder/hh/run/histograms/hists_for_cabinetry_tomatos_cls_5_400_unbound_shapesys_l1cvv1cv1.root:SR_xbb_2/bkg_estimate/tomatos_cls_5_400_unbound_shapesys_NOSYS
2024-06-05 12:47:58 DEBUG    open file: /lustre/fs22/group/atlas/freder/hh/run/histograms/hists_for_cabinetry_tomatos_cls_5_400_unbound_shapesys_l1cvv1cv1.root
2024-06-05 12:47:58 DEBUG    saving histogram to /lustre/fs22/group/atlas/freder/hh/run/fit/tomatos_cls_5_400_unbound_shapesys_l1cvv1cv1/histograms/tomatos_cls_5_400_unbound_shapesys_SR_xbb_2_Background.npz
2024-06-05 12:47:58 DEBUG          variation bkg_estimate_shape Up
2024-06-05 12:47:58 DEBUG    reading input histogram /lustre/fs22/group/atlas/freder/hh/run/histograms/hists_for_cabinetry_tomatos_cls_5_400_unbound_shapesys_l1cvv1cv1.root:SR_xbb_2/bkg_estimate/bkg_estimate_shape__1up
2024-06-05 12:47:58 DEBUG    open file: /lustre/fs22/group/atlas/freder/hh/run/histograms/hists_for_cabinetry_tomatos_cls_5_400_unbound_shapesys_l1cvv1cv1.root
2024-06-05 12:47:58 DEBUG    saving histogram to /lustre/fs22/group/atlas/freder/hh/run/fit/tomatos_cls_5_400_unbound_shapesys_l1cvv1cv1/histograms/tomatos_cls_5_400_unbound_shapesys_SR_xbb_2_Background_bkg_estimate_shape_Up.npz
2024-06-05 12:47:58 DEBUG          variation bkg_estimate_shape Down
2024-06-05 12:47:58 DEBUG    reading input histogram /lustre/fs22/group/atlas/freder/hh/run/histograms/hists_for_cabinetry_tomatos_cls_5_400_unbound_shapesys_l1cvv1cv1.root:SR_xbb_2/bkg_estimate/bkg_estimate_shape__1down
2024-06-05 12:47:58 DEBUG    open file: /lustre/fs22/group/atlas/freder/hh/run/histograms/hists_for_cabinetry_tomatos_cls_5_400_unbound_shapesys_l1cvv1cv1.root
2024-06-05 12:47:58 WARNING  tomatos_cls_5_400_unbound_shapesys_SR_xbb_2_Background_bkg_estimate_shape_Down has empty bins: [2]
2024-06-05 12:47:58 DEBUG    saving histogram to /lustre/fs22/group/atlas/freder/hh/run/fit/tomatos_cls_5_400_unbound_shapesys_l1cvv1cv1/histograms/tomatos_cls_5_400_unbound_shapesys_SR_xbb_2_Background_bkg_estimate_shape_Down.npz
2024-06-05 12:47:58 DEBUG          variation stat_bkg_estimate Up
2024-06-05 12:47:58 DEBUG    reading input histogram /lustre/fs22/group/atlas/freder/hh/run/histograms/hists_for_cabinetry_tomatos_cls_5_400_unbound_shapesys_l1cvv1cv1.root:SR_xbb_2/bkg_estimate/stat_bkg_estimate_up
2024-06-05 12:47:58 DEBUG    open file: /lustre/fs22/group/atlas/freder/hh/run/histograms/hists_for_cabinetry_tomatos_cls_5_400_unbound_shapesys_l1cvv1cv1.root
2024-06-05 12:47:58 DEBUG    saving histogram to /lustre/fs22/group/atlas/freder/hh/run/fit/tomatos_cls_5_400_unbound_shapesys_l1cvv1cv1/histograms/tomatos_cls_5_400_unbound_shapesys_SR_xbb_2_Background_stat_bkg_estimate_Up.npz
2024-06-05 12:47:58 DEBUG          variation stat_bkg_estimate Down
2024-06-05 12:47:58 DEBUG    reading input histogram /lustre/fs22/group/atlas/freder/hh/run/histograms/hists_for_cabinetry_tomatos_cls_5_400_unbound_shapesys_l1cvv1cv1.root:SR_xbb_2/bkg_estimate/stat_bkg_estimate_down
2024-06-05 12:47:58 DEBUG    open file: /lustre/fs22/group/atlas/freder/hh/run/histograms/hists_for_cabinetry_tomatos_cls_5_400_unbound_shapesys_l1cvv1cv1.root
2024-06-05 12:47:58 DEBUG    saving histogram to /lustre/fs22/group/atlas/freder/hh/run/fit/tomatos_cls_5_400_unbound_shapesys_l1cvv1cv1/histograms/tomatos_cls_5_400_unbound_shapesys_SR_xbb_2_Background_stat_bkg_estimate_Down.npz
2024-06-05 12:47:58 DEBUG      in region tomatos_cls_5_400_unbound_shapesys_SR_xbb_2
2024-06-05 12:47:58 DEBUG        reading sample Data
2024-06-05 12:47:58 DEBUG          variation Nominal
2024-06-05 12:47:58 WARNING  tomatos_cls_5_400_unbound_shapesys_SR_xbb_2_Data has empty bins: [0 1 2 3 4]
2024-06-05 12:47:58 DEBUG    saving histogram to /lustre/fs22/group/atlas/freder/hh/run/fit/tomatos_cls_5_400_unbound_shapesys_l1cvv1cv1/histograms/tomatos_cls_5_400_unbound_shapesys_SR_xbb_2_Data_modified.npz
2024-06-05 12:47:58 DEBUG        reading sample VBF Signal
2024-06-05 12:47:58 DEBUG          variation Nominal
2024-06-05 12:47:58 DEBUG    saving histogram to /lustre/fs22/group/atlas/freder/hh/run/fit/tomatos_cls_5_400_unbound_shapesys_l1cvv1cv1/histograms/tomatos_cls_5_400_unbound_shapesys_SR_xbb_2_VBF-Signal_modified.npz
2024-06-05 12:47:58 DEBUG          variation scale_variations Up
2024-06-05 12:47:58 DEBUG    saving histogram to /lustre/fs22/group/atlas/freder/hh/run/fit/tomatos_cls_5_400_unbound_shapesys_l1cvv1cv1/histograms/tomatos_cls_5_400_unbound_shapesys_SR_xbb_2_VBF-Signal_scale_variations_Up_modified.npz
2024-06-05 12:47:58 DEBUG          variation scale_variations Down
2024-06-05 12:47:58 DEBUG    saving histogram to /lustre/fs22/group/atlas/freder/hh/run/fit/tomatos_cls_5_400_unbound_shapesys_l1cvv1cv1/histograms/tomatos_cls_5_400_unbound_shapesys_SR_xbb_2_VBF-Signal_scale_variations_Down_modified.npz
2024-06-05 12:47:58 DEBUG          variation stat_signal Up
2024-06-05 12:47:58 DEBUG    saving histogram to /lustre/fs22/group/atlas/freder/hh/run/fit/tomatos_cls_5_400_unbound_shapesys_l1cvv1cv1/histograms/tomatos_cls_5_400_unbound_shapesys_SR_xbb_2_VBF-Signal_stat_signal_Up_modified.npz
2024-06-05 12:47:58 DEBUG          variation stat_signal Down
2024-06-05 12:47:58 DEBUG    saving histogram to /lustre/fs22/group/atlas/freder/hh/run/fit/tomatos_cls_5_400_unbound_shapesys_l1cvv1cv1/histograms/tomatos_cls_5_400_unbound_shapesys_SR_xbb_2_VBF-Signal_stat_signal_Down_modified.npz
2024-06-05 12:47:58 DEBUG          variation tomatos_cls_5_400_unbound_shapesys_JET_EtaIntercalibration_Modelling Up
2024-06-05 12:47:58 DEBUG    saving histogram to /lustre/fs22/group/atlas/freder/hh/run/fit/tomatos_cls_5_400_unbound_shapesys_l1cvv1cv1/histograms/tomatos_cls_5_400_unbound_shapesys_SR_xbb_2_VBF-Signal_tomatos_cls_5_400_unbound_shapesys_JET_EtaIntercalibration_Modelling_Up_modified.npz
2024-06-05 12:47:58 DEBUG          variation tomatos_cls_5_400_unbound_shapesys_JET_EtaIntercalibration_Modelling Down
2024-06-05 12:47:58 DEBUG    saving histogram to /lustre/fs22/group/atlas/freder/hh/run/fit/tomatos_cls_5_400_unbound_shapesys_l1cvv1cv1/histograms/tomatos_cls_5_400_unbound_shapesys_SR_xbb_2_VBF-Signal_tomatos_cls_5_400_unbound_shapesys_JET_EtaIntercalibration_Modelling_Down_modified.npz
2024-06-05 12:47:58 DEBUG          variation tomatos_cls_5_400_unbound_shapesys_JET_EtaIntercalibration_NonClosure_PreRec Up
2024-06-05 12:47:58 DEBUG    saving histogram to /lustre/fs22/group/atlas/freder/hh/run/fit/tomatos_cls_5_400_unbound_shapesys_l1cvv1cv1/histograms/tomatos_cls_5_400_unbound_shapesys_SR_xbb_2_VBF-Signal_tomatos_cls_5_400_unbound_shapesys_JET_EtaIntercalibration_NonClosure_PreRec_Up_modified.npz
2024-06-05 12:47:58 DEBUG          variation tomatos_cls_5_400_unbound_shapesys_JET_EtaIntercalibration_NonClosure_PreRec Down
2024-06-05 12:47:58 DEBUG    saving histogram to /lustre/fs22/group/atlas/freder/hh/run/fit/tomatos_cls_5_400_unbound_shapesys_l1cvv1cv1/histograms/tomatos_cls_5_400_unbound_shapesys_SR_xbb_2_VBF-Signal_tomatos_cls_5_400_unbound_shapesys_JET_EtaIntercalibration_NonClosure_PreRec_Down_modified.npz
2024-06-05 12:47:58 DEBUG          variation tomatos_cls_5_400_unbound_shapesys_xbb_pt_bin_0 Up
2024-06-05 12:47:58 DEBUG    saving histogram to /lustre/fs22/group/atlas/freder/hh/run/fit/tomatos_cls_5_400_unbound_shapesys_l1cvv1cv1/histograms/tomatos_cls_5_400_unbound_shapesys_SR_xbb_2_VBF-Signal_tomatos_cls_5_400_unbound_shapesys_xbb_pt_bin_0_Up_modified.npz
2024-06-05 12:47:58 DEBUG          variation tomatos_cls_5_400_unbound_shapesys_xbb_pt_bin_0 Down
2024-06-05 12:47:58 DEBUG    saving histogram to /lustre/fs22/group/atlas/freder/hh/run/fit/tomatos_cls_5_400_unbound_shapesys_l1cvv1cv1/histograms/tomatos_cls_5_400_unbound_shapesys_SR_xbb_2_VBF-Signal_tomatos_cls_5_400_unbound_shapesys_xbb_pt_bin_0_Down_modified.npz
2024-06-05 12:47:58 DEBUG          variation tomatos_cls_5_400_unbound_shapesys_xbb_pt_bin_1 Up
2024-06-05 12:47:58 DEBUG    saving histogram to /lustre/fs22/group/atlas/freder/hh/run/fit/tomatos_cls_5_400_unbound_shapesys_l1cvv1cv1/histograms/tomatos_cls_5_400_unbound_shapesys_SR_xbb_2_VBF-Signal_tomatos_cls_5_400_unbound_shapesys_xbb_pt_bin_1_Up_modified.npz
2024-06-05 12:47:58 DEBUG          variation tomatos_cls_5_400_unbound_shapesys_xbb_pt_bin_1 Down
2024-06-05 12:47:58 DEBUG    saving histogram to /lustre/fs22/group/atlas/freder/hh/run/fit/tomatos_cls_5_400_unbound_shapesys_l1cvv1cv1/histograms/tomatos_cls_5_400_unbound_shapesys_SR_xbb_2_VBF-Signal_tomatos_cls_5_400_unbound_shapesys_xbb_pt_bin_1_Down_modified.npz
2024-06-05 12:47:58 DEBUG          variation tomatos_cls_5_400_unbound_shapesys_xbb_pt_bin_2 Up
2024-06-05 12:47:58 DEBUG    saving histogram to /lustre/fs22/group/atlas/freder/hh/run/fit/tomatos_cls_5_400_unbound_shapesys_l1cvv1cv1/histograms/tomatos_cls_5_400_unbound_shapesys_SR_xbb_2_VBF-Signal_tomatos_cls_5_400_unbound_shapesys_xbb_pt_bin_2_Up_modified.npz
2024-06-05 12:47:58 DEBUG          variation tomatos_cls_5_400_unbound_shapesys_xbb_pt_bin_2 Down
2024-06-05 12:47:58 DEBUG    saving histogram to /lustre/fs22/group/atlas/freder/hh/run/fit/tomatos_cls_5_400_unbound_shapesys_l1cvv1cv1/histograms/tomatos_cls_5_400_unbound_shapesys_SR_xbb_2_VBF-Signal_tomatos_cls_5_400_unbound_shapesys_xbb_pt_bin_2_Down_modified.npz
2024-06-05 12:47:58 DEBUG          variation tomatos_cls_5_400_unbound_shapesys_xbb_pt_bin_3 Up
2024-06-05 12:47:58 DEBUG    saving histogram to /lustre/fs22/group/atlas/freder/hh/run/fit/tomatos_cls_5_400_unbound_shapesys_l1cvv1cv1/histograms/tomatos_cls_5_400_unbound_shapesys_SR_xbb_2_VBF-Signal_tomatos_cls_5_400_unbound_shapesys_xbb_pt_bin_3_Up_modified.npz
2024-06-05 12:47:58 DEBUG          variation tomatos_cls_5_400_unbound_shapesys_xbb_pt_bin_3 Down
2024-06-05 12:47:58 DEBUG    saving histogram to /lustre/fs22/group/atlas/freder/hh/run/fit/tomatos_cls_5_400_unbound_shapesys_l1cvv1cv1/histograms/tomatos_cls_5_400_unbound_shapesys_SR_xbb_2_VBF-Signal_tomatos_cls_5_400_unbound_shapesys_xbb_pt_bin_3_Down_modified.npz
2024-06-05 12:47:58 DEBUG        reading sample ggF Signal
2024-06-05 12:47:58 DEBUG          variation Nominal
2024-06-05 12:47:58 DEBUG    saving histogram to /lustre/fs22/group/atlas/freder/hh/run/fit/tomatos_cls_5_400_unbound_shapesys_l1cvv1cv1/histograms/tomatos_cls_5_400_unbound_shapesys_SR_xbb_2_ggF-Signal_modified.npz
2024-06-05 12:47:58 DEBUG        reading sample Background
2024-06-05 12:47:58 DEBUG          variation Nominal
2024-06-05 12:47:58 DEBUG    saving histogram to /lustre/fs22/group/atlas/freder/hh/run/fit/tomatos_cls_5_400_unbound_shapesys_l1cvv1cv1/histograms/tomatos_cls_5_400_unbound_shapesys_SR_xbb_2_Background_modified.npz
2024-06-05 12:47:58 DEBUG          variation bkg_estimate_shape Up
2024-06-05 12:47:58 DEBUG    saving histogram to /lustre/fs22/group/atlas/freder/hh/run/fit/tomatos_cls_5_400_unbound_shapesys_l1cvv1cv1/histograms/tomatos_cls_5_400_unbound_shapesys_SR_xbb_2_Background_bkg_estimate_shape_Up_modified.npz
2024-06-05 12:47:58 DEBUG          variation bkg_estimate_shape Down
2024-06-05 12:47:58 WARNING  tomatos_cls_5_400_unbound_shapesys_SR_xbb_2_Background_bkg_estimate_shape_Down has empty bins: [2]
2024-06-05 12:47:58 DEBUG    saving histogram to /lustre/fs22/group/atlas/freder/hh/run/fit/tomatos_cls_5_400_unbound_shapesys_l1cvv1cv1/histograms/tomatos_cls_5_400_unbound_shapesys_SR_xbb_2_Background_bkg_estimate_shape_Down_modified.npz
2024-06-05 12:47:58 DEBUG          variation stat_bkg_estimate Up
2024-06-05 12:47:58 DEBUG    saving histogram to /lustre/fs22/group/atlas/freder/hh/run/fit/tomatos_cls_5_400_unbound_shapesys_l1cvv1cv1/histograms/tomatos_cls_5_400_unbound_shapesys_SR_xbb_2_Background_stat_bkg_estimate_Up_modified.npz
2024-06-05 12:47:58 DEBUG          variation stat_bkg_estimate Down
2024-06-05 12:47:58 DEBUG    saving histogram to /lustre/fs22/group/atlas/freder/hh/run/fit/tomatos_cls_5_400_unbound_shapesys_l1cvv1cv1/histograms/tomatos_cls_5_400_unbound_shapesys_SR_xbb_2_Background_stat_bkg_estimate_Down_modified.npz
2024-06-05 12:47:58 INFO     visualizing systematic templates
2024-06-05 12:47:59 INFO     saving figure as figures/templates/tomatos_cls_5_400_unbound_shapesys_SR_xbb_2_VBF-Signal_scale_variations.pdf
2024-06-05 12:47:59 INFO     saving figure as figures/templates/tomatos_cls_5_400_unbound_shapesys_SR_xbb_2_VBF-Signal_stat_signal.pdf
2024-06-05 12:47:59 INFO     saving figure as figures/templates/tomatos_cls_5_400_unbound_shapesys_SR_xbb_2_VBF-Signal_tomatos_cls_5_400_unbound_shapesys_JET_EtaIntercalibration_Modelling.pdf
2024-06-05 12:48:00 INFO     saving figure as figures/templates/tomatos_cls_5_400_unbound_shapesys_SR_xbb_2_VBF-Signal_tomatos_cls_5_400_unbound_shapesys_JET_EtaIntercalibration_NonClosure_PreRec.pdf
2024-06-05 12:48:00 INFO     saving figure as figures/templates/tomatos_cls_5_400_unbound_shapesys_SR_xbb_2_VBF-Signal_tomatos_cls_5_400_unbound_shapesys_xbb_pt_bin_0.pdf
2024-06-05 12:48:01 INFO     saving figure as figures/templates/tomatos_cls_5_400_unbound_shapesys_SR_xbb_2_VBF-Signal_tomatos_cls_5_400_unbound_shapesys_xbb_pt_bin_1.pdf
2024-06-05 12:48:01 INFO     saving figure as figures/templates/tomatos_cls_5_400_unbound_shapesys_SR_xbb_2_VBF-Signal_tomatos_cls_5_400_unbound_shapesys_xbb_pt_bin_2.pdf
2024-06-05 12:48:01 INFO     saving figure as figures/templates/tomatos_cls_5_400_unbound_shapesys_SR_xbb_2_VBF-Signal_tomatos_cls_5_400_unbound_shapesys_xbb_pt_bin_3.pdf
2024-06-05 12:48:02 INFO     saving figure as figures/templates/tomatos_cls_5_400_unbound_shapesys_SR_xbb_2_Background_bkg_estimate_shape.pdf
2024-06-05 12:48:02 INFO     saving figure as figures/templates/tomatos_cls_5_400_unbound_shapesys_SR_xbb_2_Background_stat_bkg_estimate.pdf
2024-06-05 12:48:03 INFO     building workspace
2024-06-05 12:48:03 DEBUG    adding NormFactor signal_norm to sample VBF Signal in region tomatos_cls_5_400_unbound_shapesys_SR_xbb_2
2024-06-05 12:48:03 DEBUG    adding OverallSys branching_ratio_bb to sample VBF Signal in region tomatos_cls_5_400_unbound_shapesys_SR_xbb_2
2024-06-05 12:48:03 DEBUG    adding OverallSys and HistoSys scale_variations to sample VBF Signal in region tomatos_cls_5_400_unbound_shapesys_SR_xbb_2
2024-06-05 12:48:03 DEBUG    adding OverallSys and HistoSys stat_signal to sample VBF Signal in region tomatos_cls_5_400_unbound_shapesys_SR_xbb_2
2024-06-05 12:48:03 DEBUG    adding OverallSys and HistoSys tomatos_cls_5_400_unbound_shapesys_JET_EtaIntercalibration_Modelling to sample VBF Signal in region tomatos_cls_5_400_unbound_shapesys_SR_xbb_2
2024-06-05 12:48:03 DEBUG    adding OverallSys and HistoSys tomatos_cls_5_400_unbound_shapesys_JET_EtaIntercalibration_NonClosure_PreRec to sample VBF Signal in region tomatos_cls_5_400_unbound_shapesys_SR_xbb_2
2024-06-05 12:48:03 DEBUG    adding OverallSys and HistoSys tomatos_cls_5_400_unbound_shapesys_xbb_pt_bin_0 to sample VBF Signal in region tomatos_cls_5_400_unbound_shapesys_SR_xbb_2
2024-06-05 12:48:03 DEBUG    adding OverallSys and HistoSys tomatos_cls_5_400_unbound_shapesys_xbb_pt_bin_1 to sample VBF Signal in region tomatos_cls_5_400_unbound_shapesys_SR_xbb_2
2024-06-05 12:48:03 DEBUG    adding OverallSys and HistoSys tomatos_cls_5_400_unbound_shapesys_xbb_pt_bin_2 to sample VBF Signal in region tomatos_cls_5_400_unbound_shapesys_SR_xbb_2
2024-06-05 12:48:03 DEBUG    adding OverallSys and HistoSys tomatos_cls_5_400_unbound_shapesys_xbb_pt_bin_3 to sample VBF Signal in region tomatos_cls_5_400_unbound_shapesys_SR_xbb_2
2024-06-05 12:48:03 DEBUG    adding OverallSys bkg_estimate_norm to sample Background in region tomatos_cls_5_400_unbound_shapesys_SR_xbb_2
2024-06-05 12:48:03 DEBUG    adding OverallSys and HistoSys bkg_estimate_shape to sample Background in region tomatos_cls_5_400_unbound_shapesys_SR_xbb_2
2024-06-05 12:48:03 DEBUG    adding OverallSys and HistoSys stat_bkg_estimate to sample Background in region tomatos_cls_5_400_unbound_shapesys_SR_xbb_2
2024-06-05 12:48:03 INFO     Validating spec against schema: workspace.json
2024-06-05 12:48:03 DEBUG    saving workspace to workspaces/tomatos_cls_5_400_unbound_shapesys_l1cvv1cv1.json
2024-06-05 12:48:03 INFO     Validating spec against schema: workspace.json
2024-06-05 12:48:03 INFO     Validating spec against schema: model.json
2024-06-05 12:48:03 INFO     adding modifier bkg_estimate_shape (1 new nuisance parameters)
2024-06-05 12:48:03 INFO     adding modifier stat_bkg_estimate (1 new nuisance parameters)
2024-06-05 12:48:03 INFO     adding modifier scale_variations (1 new nuisance parameters)
2024-06-05 12:48:03 INFO     adding modifier stat_signal (1 new nuisance parameters)
2024-06-05 12:48:03 INFO     adding modifier tomatos_cls_5_400_unbound_shapesys_JET_EtaIntercalibration_Modelling (1 new nuisance parameters)
2024-06-05 12:48:03 INFO     adding modifier tomatos_cls_5_400_unbound_shapesys_JET_EtaIntercalibration_NonClosure_PreRec (1 new nuisance parameters)
2024-06-05 12:48:03 INFO     adding modifier tomatos_cls_5_400_unbound_shapesys_xbb_pt_bin_0 (1 new nuisance parameters)
2024-06-05 12:48:03 INFO     adding modifier tomatos_cls_5_400_unbound_shapesys_xbb_pt_bin_1 (1 new nuisance parameters)
2024-06-05 12:48:03 INFO     adding modifier tomatos_cls_5_400_unbound_shapesys_xbb_pt_bin_2 (1 new nuisance parameters)
2024-06-05 12:48:03 INFO     adding modifier tomatos_cls_5_400_unbound_shapesys_xbb_pt_bin_3 (1 new nuisance parameters)
2024-06-05 12:48:03 INFO     adding modifier signal_norm (1 new nuisance parameters)
2024-06-05 12:48:03 INFO     adding modifier bkg_estimate_norm (1 new nuisance parameters)
2024-06-05 12:48:03 INFO     adding modifier branching_ratio_bb (1 new nuisance parameters)
2024-06-05 12:48:03 INFO     saving figure as figures/modifier_grid.pdf
2024-06-05 12:48:03 INFO     performing maximum likelihood fit
2024-06-05 12:48:03 INFO     Migrad status:
┌─────────────────────────────────────────────────────────────────────────┐
│                                Migrad                                   │
├──────────────────────────────────┬──────────────────────────────────────┤
│ FCN = 33.19                      │              Nfcn = 334              │
│ EDM = 1.27e-17 (Goal: 0.002)     │                                      │
├──────────────────────────────────┼──────────────────────────────────────┤
│          Valid Minimum           │   Below EDM threshold (goal x 10)    │
├──────────────────────────────────┼──────────────────────────────────────┤
│     SOME parameters at limit     │           Below call limit           │
├──────────────────────────────────┼──────────────────────────────────────┤
│             Hesse ok             │         Covariance accurate          │
└──────────────────────────────────┴──────────────────────────────────────┘
2024-06-05 12:48:03 DEBUG    -2 log(L) = 33.188259 at best-fit point
2024-06-05 12:48:03 INFO     fit results (with symmetric uncertainties):
2024-06-05 12:48:03 INFO     bkg_estimate_shape                                                           =  0.0000 +/- 0.7219
2024-06-05 12:48:03 INFO     stat_bkg_estimate                                                            =  0.0000 +/- 0.9907
2024-06-05 12:48:03 INFO     scale_variations                                                             =  0.0000 +/- 0.9933
2024-06-05 12:48:03 INFO     stat_signal                                                                  =  0.0000 +/- 0.9933
2024-06-05 12:48:03 INFO     tomatos_cls_5_400_unbound_shapesys_JET_EtaIntercalibration_Modelling         =  0.0000 +/- 0.9933
2024-06-05 12:48:03 INFO     tomatos_cls_5_400_unbound_shapesys_JET_EtaIntercalibration_NonClosure_PreRec =  0.0000 +/- 0.9933
2024-06-05 12:48:03 INFO     tomatos_cls_5_400_unbound_shapesys_xbb_pt_bin_0                              =  0.0000 +/- 0.9933
2024-06-05 12:48:03 INFO     tomatos_cls_5_400_unbound_shapesys_xbb_pt_bin_1                              =  0.0000 +/- 0.9933
2024-06-05 12:48:03 INFO     tomatos_cls_5_400_unbound_shapesys_xbb_pt_bin_2                              =  0.0000 +/- 0.9933
2024-06-05 12:48:03 INFO     tomatos_cls_5_400_unbound_shapesys_xbb_pt_bin_3                              =  0.0000 +/- 0.9933
2024-06-05 12:48:03 INFO     signal_norm                                                                  =  1.0000 +/- 265.9864
2024-06-05 12:48:03 INFO     bkg_estimate_norm                                                            =  0.0000 +/- 0.9332
2024-06-05 12:48:03 INFO     branching_ratio_bb                                                           =  0.0000 +/- 0.9933
2024-06-05 12:48:03 INFO     calculating goodness-of-fit
2024-06-05 12:48:03 DEBUG    Delta NLL = 0.000000
2024-06-05 12:48:03 DEBUG    number of degrees of freedom: 4
2024-06-05 12:48:03 INFO     p-value for goodness-of-fit test: 100.00%
2024-06-05 12:48:03 INFO     saving figure as figures/pulls.pdf
2024-06-05 12:48:04 INFO     saving figure as figures/correlation_matrix.pdf
2024-06-05 12:48:04 DEBUG    total stdev is [[0.16617239078365253, 0.10511857164279464, 0.9300628316151435, 0.16648812284679, 1.5987149462394041]]
2024-06-05 12:48:04 DEBUG    total stdev per channel is [2.505750974790046]
2024-06-05 12:48:04 DEBUG    total stdev is [[4.717538873279983, 3.0296952426320813, 1.9024500839236589, 2.3410347474057955, 5.2515900489006695]]
2024-06-05 12:48:04 DEBUG    total stdev per channel is [17.050465086176878]
2024-06-05 12:48:04 INFO     saving figure as figures/tomatos_cls_5_400_unbound_shapesys_SR_xbb_2_prefit.pdf
2024-06-05 12:48:04 INFO     saving figure as figures/tomatos_cls_5_400_unbound_shapesys_SR_xbb_2_postfit.pdf
2024-06-05 12:48:05 INFO     yields per bin for pre-fit model prediction:
╒════════════╤═══════════════════════════════════════════════╤═════════════╤═════════════╤═════════════╤══════════════╕
│ sample     │ tomatos_cls_5_400_unbound_shapesys_SR_xbb_2   │             │             │             │              │
│            │ bin 1                                         │ bin 2       │ bin 3       │ bin 4       │ bin 5        │
╞════════════╪═══════════════════════════════════════════════╪═════════════╪═════════════╪═════════════╪══════════════╡
│ Background │ 0.20 ± 0.17                                   │ 0.41 ± 0.11 │ 0.63 ± 0.93 │ 1.20 ± 0.17 │ 16.39 ± 1.60 │
├────────────┼───────────────────────────────────────────────┼─────────────┼─────────────┼─────────────┼──────────────┤
│ VBF Signal │ 0.02 ± 0.01                                   │ 0.01 ± 0.00 │ 0.01 ± 0.00 │ 0.01 ± 0.00 │ 0.02 ± 0.01  │
├────────────┼───────────────────────────────────────────────┼─────────────┼─────────────┼─────────────┼──────────────┤
│ ggF Signal │ 0.07 ± 0.00                                   │ 0.09 ± 0.00 │ 0.07 ± 0.00 │ 0.06 ± 0.00 │ 0.17 ± 0.00  │
├────────────┼───────────────────────────────────────────────┼─────────────┼─────────────┼─────────────┼──────────────┤
│ total      │ 0.29 ± 0.17                                   │ 0.52 ± 0.11 │ 0.71 ± 0.93 │ 1.27 ± 0.17 │ 16.58 ± 1.60 │
├────────────┼───────────────────────────────────────────────┼─────────────┼─────────────┼─────────────┼──────────────┤
│ data       │ 0.29                                          │ 0.52        │ 0.71        │ 1.27        │ 16.58        │
╘════════════╧═══════════════════════════════════════════════╧═════════════╧═════════════╧═════════════╧══════════════╛
2024-06-05 12:48:05 INFO     saving table as tables/yields_per_bin_pre-fit.txt
2024-06-05 12:48:05 INFO     calculating 95% confidence level upper limit for signal_norm
2024-06-05 12:48:05 INFO     determining observed upper limit
2024-06-05 12:48:05 DEBUG    signal_norm = 0.0010, observed CLs = 1.0000
2024-06-05 12:48:05 DEBUG    signal_norm = 389.1599, observed CLs = 0.0002
2024-06-05 12:48:06 DEBUG    signal_norm = 369.7633, observed CLs = 0.0002
2024-06-05 12:48:06 DEBUG    signal_norm = 184.8821, observed CLs = 0.0086
2024-06-05 12:48:07 DEBUG    signal_norm = 92.4416, observed CLs = 0.0786
2024-06-05 12:48:07 DEBUG    signal_norm = 130.2129, observed CLs = 0.0305
2024-06-05 12:48:07 DEBUG    signal_norm = 114.9142, observed CLs = 0.0444
2024-06-05 12:48:08 DEBUG    signal_norm = 109.7982, observed CLs = 0.0505
2024-06-05 12:48:08 DEBUG    signal_norm = 110.2231, observed CLs = 0.0500
2024-06-05 12:48:09 DEBUG    signal_norm = 110.1975, observed CLs = 0.0500
2024-06-05 12:48:09 DEBUG    signal_norm = 110.1925, observed CLs = 0.0500
2024-06-05 12:48:09 INFO     successfully converged after 11 steps
2024-06-05 12:48:09 INFO     observed upper limit: 110.1975
2024-06-05 12:48:09 INFO     determining expected -2 sigma upper limit
2024-06-05 12:48:09 DEBUG    signal_norm = 0.0010, expected -2 sigma CLs = 1.0000 (cached)
2024-06-05 12:48:09 DEBUG    signal_norm = 92.4416, expected -2 sigma CLs = 0.0035 (cached)
2024-06-05 12:48:10 DEBUG    signal_norm = 88.1297, expected -2 sigma CLs = 0.0043
2024-06-05 12:48:10 DEBUG    signal_norm = 44.0653, expected -2 sigma CLs = 0.0462
2024-06-05 12:48:10 DEBUG    signal_norm = 40.2532, expected -2 sigma CLs = 0.0581
2024-06-05 12:48:11 DEBUG    signal_norm = 42.8517, expected -2 sigma CLs = 0.0497
2024-06-05 12:48:11 DEBUG    signal_norm = 42.7450, expected -2 sigma CLs = 0.0500
2024-06-05 12:48:12 DEBUG    signal_norm = 42.7500, expected -2 sigma CLs = 0.0500
2024-06-05 12:48:12 INFO     successfully converged after 8 steps
2024-06-05 12:48:12 INFO     expected -2 sigma upper limit: 42.7450
2024-06-05 12:48:12 INFO     determining expected -1 sigma upper limit
2024-06-05 12:48:12 DEBUG    signal_norm = 44.0653, expected -1 sigma CLs = 0.1196 (cached)
2024-06-05 12:48:12 DEBUG    signal_norm = 88.1297, expected -1 sigma CLs = 0.0204 (cached)
2024-06-05 12:48:12 DEBUG    signal_norm = 74.9900, expected -1 sigma CLs = 0.0337
2024-06-05 12:48:12 DEBUG    signal_norm = 61.8818, expected -1 sigma CLs = 0.0567
2024-06-05 12:48:13 DEBUG    signal_norm = 65.6905, expected -1 sigma CLs = 0.0486
2024-06-05 12:48:13 DEBUG    signal_norm = 65.0354, expected -1 sigma CLs = 0.0499
2024-06-05 12:48:14 DEBUG    signal_norm = 64.9886, expected -1 sigma CLs = 0.0500
2024-06-05 12:48:14 DEBUG    signal_norm = 64.9936, expected -1 sigma CLs = 0.0500
2024-06-05 12:48:14 INFO     successfully converged after 8 steps
2024-06-05 12:48:14 INFO     expected -1 sigma upper limit: 64.9886
2024-06-05 12:48:14 INFO     determining expected upper limit
2024-06-05 12:48:14 DEBUG    signal_norm = 92.4416, expected CLs = 0.0759 (cached)
2024-06-05 12:48:14 DEBUG    signal_norm = 109.7982, expected CLs = 0.0487 (cached)
2024-06-05 12:48:14 DEBUG    signal_norm = 108.9467, expected CLs = 0.0497
2024-06-05 12:48:15 DEBUG    signal_norm = 108.7235, expected CLs = 0.0500
2024-06-05 12:48:15 DEBUG    signal_norm = 108.7285, expected CLs = 0.0500
2024-06-05 12:48:15 INFO     successfully converged after 5 steps
2024-06-05 12:48:15 INFO     expected upper limit: 108.7235
2024-06-05 12:48:15 INFO     determining expected +1 sigma upper limit
2024-06-05 12:48:15 DEBUG    signal_norm = 184.8821, expected +1 sigma CLs = 0.0598 (cached)
2024-06-05 12:48:15 DEBUG    signal_norm = 369.7633, expected +1 sigma CLs = 0.0042 (cached)
2024-06-05 12:48:16 DEBUG    signal_norm = 217.5857, expected +1 sigma CLs = 0.0363
2024-06-05 12:48:16 DEBUG    signal_norm = 198.5573, expected +1 sigma CLs = 0.0485
2024-06-05 12:48:17 DEBUG    signal_norm = 196.7306, expected +1 sigma CLs = 0.0499
2024-06-05 12:48:17 DEBUG    signal_norm = 196.5460, expected +1 sigma CLs = 0.0500
2024-06-05 12:48:17 DEBUG    signal_norm = 196.5510, expected +1 sigma CLs = 0.0500
2024-06-05 12:48:17 INFO     successfully converged after 7 steps
2024-06-05 12:48:17 INFO     expected +1 sigma upper limit: 196.5460
2024-06-05 12:48:17 INFO     determining expected +2 sigma upper limit
2024-06-05 12:48:17 DEBUG    signal_norm = 217.5857, expected +2 sigma CLs = 0.1958 (cached)
2024-06-05 12:48:17 DEBUG    signal_norm = 369.7633, expected +2 sigma CLs = 0.0460 (cached)
2024-06-05 12:48:18 DEBUG    signal_norm = 365.6896, expected +2 sigma CLs = 0.0478
2024-06-05 12:48:18 DEBUG    signal_norm = 360.7138, expected +2 sigma CLs = 0.0501
2024-06-05 12:48:19 DEBUG    signal_norm = 360.8323, expected +2 sigma CLs = 0.0500
2024-06-05 12:48:19 DEBUG    signal_norm = 360.8273, expected +2 sigma CLs = 0.0500
2024-06-05 12:48:19 INFO     successfully converged after 6 steps
2024-06-05 12:48:19 INFO     expected +2 sigma upper limit: 360.8273
2024-06-05 12:48:19 INFO     total of 45 steps to calculate all limits
2024-06-05 12:48:19 INFO     summary of 95% confidence level upper limits:
2024-06-05 12:48:19 INFO     observed         : 110.1975
2024-06-05 12:48:19 INFO     expected -2 sigma: 42.7450
2024-06-05 12:48:19 INFO     expected -1 sigma: 64.9886
2024-06-05 12:48:19 INFO     expected         : 108.7235
2024-06-05 12:48:19 INFO     expected +1 sigma: 196.5460
2024-06-05 12:48:19 INFO     expected +2 sigma: 360.8273
2024-06-05 12:48:19 INFO     saving figure as figures/limit.pdf
2024-06-05 12:48:20 INFO     calculating discovery significance for signal_norm
2024-06-05 12:48:20 INFO     observed p-value: 48.545%
2024-06-05 12:48:20 INFO     observed significance: 0.036
2024-06-05 12:48:20 INFO     expected p-value: 48.545%
2024-06-05 12:48:20 INFO     expected significance: 0.036
