2024-06-05 12:46:12 DEBUG    open file: /lustre/fs22/group/atlas/freder/hh/run/histograms/hists_for_cabinetry_m_hh_5_l1cvv1cv1.root
2024-06-05 12:46:12 INFO     opening config file /lustre/fs22/group/atlas/freder/hh/run/fit/m_hh_5_l1cvv1cv1/cabinetry_config.yaml
2024-06-05 12:46:12 INFO     the config contains:
2024-06-05 12:46:12 INFO       4 Sample(s)
2024-06-05 12:46:12 INFO       1 Regions(s)
2024-06-05 12:46:12 INFO       1 NormFactor(s)
2024-06-05 12:46:12 INFO       12 Systematic(s)
2024-06-05 12:46:12 DEBUG      in region m_hh_5_SR_xbb_2
2024-06-05 12:46:12 DEBUG        reading sample Data
2024-06-05 12:46:12 DEBUG          variation Nominal
2024-06-05 12:46:12 DEBUG    reading input histogram /lustre/fs22/group/atlas/freder/hh/run/histograms/hists_for_cabinetry_m_hh_5_l1cvv1cv1.root:SR_xbb_2/run2/m_hh_5_NOSYS
2024-06-05 12:46:12 DEBUG    open file: /lustre/fs22/group/atlas/freder/hh/run/histograms/hists_for_cabinetry_m_hh_5_l1cvv1cv1.root
2024-06-05 12:46:12 WARNING  m_hh_5_SR_xbb_2_Data has empty bins: [0 1 2 3 4]
2024-06-05 12:46:12 DEBUG    saving histogram to /lustre/fs22/group/atlas/freder/hh/run/fit/m_hh_5_l1cvv1cv1/histograms/m_hh_5_SR_xbb_2_Data.npz
2024-06-05 12:46:12 DEBUG        reading sample VBF Signal
2024-06-05 12:46:12 DEBUG          variation Nominal
2024-06-05 12:46:12 DEBUG    reading input histogram /lustre/fs22/group/atlas/freder/hh/run/histograms/hists_for_cabinetry_m_hh_5_l1cvv1cv1.root:SR_xbb_2/signal/m_hh_5_NOSYS
2024-06-05 12:46:12 DEBUG    open file: /lustre/fs22/group/atlas/freder/hh/run/histograms/hists_for_cabinetry_m_hh_5_l1cvv1cv1.root
2024-06-05 12:46:12 DEBUG    saving histogram to /lustre/fs22/group/atlas/freder/hh/run/fit/m_hh_5_l1cvv1cv1/histograms/m_hh_5_SR_xbb_2_VBF-Signal.npz
2024-06-05 12:46:12 DEBUG          variation scale_variations Up
2024-06-05 12:46:12 DEBUG    reading input histogram /lustre/fs22/group/atlas/freder/hh/run/histograms/hists_for_cabinetry_m_hh_5_l1cvv1cv1.root:SR_xbb_2/signal/scale_up
2024-06-05 12:46:12 DEBUG    open file: /lustre/fs22/group/atlas/freder/hh/run/histograms/hists_for_cabinetry_m_hh_5_l1cvv1cv1.root
2024-06-05 12:46:12 DEBUG    saving histogram to /lustre/fs22/group/atlas/freder/hh/run/fit/m_hh_5_l1cvv1cv1/histograms/m_hh_5_SR_xbb_2_VBF-Signal_scale_variations_Up.npz
2024-06-05 12:46:12 DEBUG          variation scale_variations Down
2024-06-05 12:46:12 DEBUG    reading input histogram /lustre/fs22/group/atlas/freder/hh/run/histograms/hists_for_cabinetry_m_hh_5_l1cvv1cv1.root:SR_xbb_2/signal/scale_down
2024-06-05 12:46:12 DEBUG    open file: /lustre/fs22/group/atlas/freder/hh/run/histograms/hists_for_cabinetry_m_hh_5_l1cvv1cv1.root
2024-06-05 12:46:12 DEBUG    saving histogram to /lustre/fs22/group/atlas/freder/hh/run/fit/m_hh_5_l1cvv1cv1/histograms/m_hh_5_SR_xbb_2_VBF-Signal_scale_variations_Down.npz
2024-06-05 12:46:12 DEBUG          variation stat_signal Up
2024-06-05 12:46:12 DEBUG    reading input histogram /lustre/fs22/group/atlas/freder/hh/run/histograms/hists_for_cabinetry_m_hh_5_l1cvv1cv1.root:SR_xbb_2/signal/stat_signal_up
2024-06-05 12:46:12 DEBUG    open file: /lustre/fs22/group/atlas/freder/hh/run/histograms/hists_for_cabinetry_m_hh_5_l1cvv1cv1.root
2024-06-05 12:46:12 DEBUG    saving histogram to /lustre/fs22/group/atlas/freder/hh/run/fit/m_hh_5_l1cvv1cv1/histograms/m_hh_5_SR_xbb_2_VBF-Signal_stat_signal_Up.npz
2024-06-05 12:46:12 DEBUG          variation stat_signal Down
2024-06-05 12:46:12 DEBUG    reading input histogram /lustre/fs22/group/atlas/freder/hh/run/histograms/hists_for_cabinetry_m_hh_5_l1cvv1cv1.root:SR_xbb_2/signal/stat_signal_down
2024-06-05 12:46:12 DEBUG    open file: /lustre/fs22/group/atlas/freder/hh/run/histograms/hists_for_cabinetry_m_hh_5_l1cvv1cv1.root
2024-06-05 12:46:12 DEBUG    saving histogram to /lustre/fs22/group/atlas/freder/hh/run/fit/m_hh_5_l1cvv1cv1/histograms/m_hh_5_SR_xbb_2_VBF-Signal_stat_signal_Down.npz
2024-06-05 12:46:12 DEBUG          variation m_hh_5_JET_EtaIntercalibration_Modelling Up
2024-06-05 12:46:12 DEBUG    reading input histogram /lustre/fs22/group/atlas/freder/hh/run/histograms/hists_for_cabinetry_m_hh_5_l1cvv1cv1.root:SR_xbb_2/signal/m_hh_5_JET_EtaIntercalibration_Modelling__1up
2024-06-05 12:46:12 DEBUG    open file: /lustre/fs22/group/atlas/freder/hh/run/histograms/hists_for_cabinetry_m_hh_5_l1cvv1cv1.root
2024-06-05 12:46:12 DEBUG    saving histogram to /lustre/fs22/group/atlas/freder/hh/run/fit/m_hh_5_l1cvv1cv1/histograms/m_hh_5_SR_xbb_2_VBF-Signal_m_hh_5_JET_EtaIntercalibration_Modelling_Up.npz
2024-06-05 12:46:12 DEBUG          variation m_hh_5_JET_EtaIntercalibration_Modelling Down
2024-06-05 12:46:12 DEBUG    reading input histogram /lustre/fs22/group/atlas/freder/hh/run/histograms/hists_for_cabinetry_m_hh_5_l1cvv1cv1.root:SR_xbb_2/signal/m_hh_5_JET_EtaIntercalibration_Modelling__1down
2024-06-05 12:46:12 DEBUG    open file: /lustre/fs22/group/atlas/freder/hh/run/histograms/hists_for_cabinetry_m_hh_5_l1cvv1cv1.root
2024-06-05 12:46:12 DEBUG    saving histogram to /lustre/fs22/group/atlas/freder/hh/run/fit/m_hh_5_l1cvv1cv1/histograms/m_hh_5_SR_xbb_2_VBF-Signal_m_hh_5_JET_EtaIntercalibration_Modelling_Down.npz
2024-06-05 12:46:12 DEBUG          variation m_hh_5_JET_EtaIntercalibration_NonClosure_PreRec Up
2024-06-05 12:46:12 DEBUG    reading input histogram /lustre/fs22/group/atlas/freder/hh/run/histograms/hists_for_cabinetry_m_hh_5_l1cvv1cv1.root:SR_xbb_2/signal/m_hh_5_JET_EtaIntercalibration_NonClosure_PreRec__1up
2024-06-05 12:46:12 DEBUG    open file: /lustre/fs22/group/atlas/freder/hh/run/histograms/hists_for_cabinetry_m_hh_5_l1cvv1cv1.root
2024-06-05 12:46:12 DEBUG    saving histogram to /lustre/fs22/group/atlas/freder/hh/run/fit/m_hh_5_l1cvv1cv1/histograms/m_hh_5_SR_xbb_2_VBF-Signal_m_hh_5_JET_EtaIntercalibration_NonClosure_PreRec_Up.npz
2024-06-05 12:46:12 DEBUG          variation m_hh_5_JET_EtaIntercalibration_NonClosure_PreRec Down
2024-06-05 12:46:12 DEBUG    reading input histogram /lustre/fs22/group/atlas/freder/hh/run/histograms/hists_for_cabinetry_m_hh_5_l1cvv1cv1.root:SR_xbb_2/signal/m_hh_5_JET_EtaIntercalibration_NonClosure_PreRec__1down
2024-06-05 12:46:12 DEBUG    open file: /lustre/fs22/group/atlas/freder/hh/run/histograms/hists_for_cabinetry_m_hh_5_l1cvv1cv1.root
2024-06-05 12:46:12 DEBUG    saving histogram to /lustre/fs22/group/atlas/freder/hh/run/fit/m_hh_5_l1cvv1cv1/histograms/m_hh_5_SR_xbb_2_VBF-Signal_m_hh_5_JET_EtaIntercalibration_NonClosure_PreRec_Down.npz
2024-06-05 12:46:12 DEBUG          variation m_hh_5_xbb_pt_bin_0 Up
2024-06-05 12:46:12 DEBUG    reading input histogram /lustre/fs22/group/atlas/freder/hh/run/histograms/hists_for_cabinetry_m_hh_5_l1cvv1cv1.root:SR_xbb_2/signal/m_hh_5_xbb_pt_bin_0__1up
2024-06-05 12:46:12 DEBUG    open file: /lustre/fs22/group/atlas/freder/hh/run/histograms/hists_for_cabinetry_m_hh_5_l1cvv1cv1.root
2024-06-05 12:46:12 DEBUG    saving histogram to /lustre/fs22/group/atlas/freder/hh/run/fit/m_hh_5_l1cvv1cv1/histograms/m_hh_5_SR_xbb_2_VBF-Signal_m_hh_5_xbb_pt_bin_0_Up.npz
2024-06-05 12:46:12 DEBUG          variation m_hh_5_xbb_pt_bin_0 Down
2024-06-05 12:46:12 DEBUG    reading input histogram /lustre/fs22/group/atlas/freder/hh/run/histograms/hists_for_cabinetry_m_hh_5_l1cvv1cv1.root:SR_xbb_2/signal/m_hh_5_xbb_pt_bin_0__1down
2024-06-05 12:46:12 DEBUG    open file: /lustre/fs22/group/atlas/freder/hh/run/histograms/hists_for_cabinetry_m_hh_5_l1cvv1cv1.root
2024-06-05 12:46:12 DEBUG    saving histogram to /lustre/fs22/group/atlas/freder/hh/run/fit/m_hh_5_l1cvv1cv1/histograms/m_hh_5_SR_xbb_2_VBF-Signal_m_hh_5_xbb_pt_bin_0_Down.npz
2024-06-05 12:46:12 DEBUG          variation m_hh_5_xbb_pt_bin_1 Up
2024-06-05 12:46:12 DEBUG    reading input histogram /lustre/fs22/group/atlas/freder/hh/run/histograms/hists_for_cabinetry_m_hh_5_l1cvv1cv1.root:SR_xbb_2/signal/m_hh_5_xbb_pt_bin_1__1up
2024-06-05 12:46:12 DEBUG    open file: /lustre/fs22/group/atlas/freder/hh/run/histograms/hists_for_cabinetry_m_hh_5_l1cvv1cv1.root
2024-06-05 12:46:12 DEBUG    saving histogram to /lustre/fs22/group/atlas/freder/hh/run/fit/m_hh_5_l1cvv1cv1/histograms/m_hh_5_SR_xbb_2_VBF-Signal_m_hh_5_xbb_pt_bin_1_Up.npz
2024-06-05 12:46:12 DEBUG          variation m_hh_5_xbb_pt_bin_1 Down
2024-06-05 12:46:12 DEBUG    reading input histogram /lustre/fs22/group/atlas/freder/hh/run/histograms/hists_for_cabinetry_m_hh_5_l1cvv1cv1.root:SR_xbb_2/signal/m_hh_5_xbb_pt_bin_1__1down
2024-06-05 12:46:12 DEBUG    open file: /lustre/fs22/group/atlas/freder/hh/run/histograms/hists_for_cabinetry_m_hh_5_l1cvv1cv1.root
2024-06-05 12:46:12 DEBUG    saving histogram to /lustre/fs22/group/atlas/freder/hh/run/fit/m_hh_5_l1cvv1cv1/histograms/m_hh_5_SR_xbb_2_VBF-Signal_m_hh_5_xbb_pt_bin_1_Down.npz
2024-06-05 12:46:12 DEBUG          variation m_hh_5_xbb_pt_bin_2 Up
2024-06-05 12:46:12 DEBUG    reading input histogram /lustre/fs22/group/atlas/freder/hh/run/histograms/hists_for_cabinetry_m_hh_5_l1cvv1cv1.root:SR_xbb_2/signal/m_hh_5_xbb_pt_bin_2__1up
2024-06-05 12:46:12 DEBUG    open file: /lustre/fs22/group/atlas/freder/hh/run/histograms/hists_for_cabinetry_m_hh_5_l1cvv1cv1.root
2024-06-05 12:46:12 DEBUG    saving histogram to /lustre/fs22/group/atlas/freder/hh/run/fit/m_hh_5_l1cvv1cv1/histograms/m_hh_5_SR_xbb_2_VBF-Signal_m_hh_5_xbb_pt_bin_2_Up.npz
2024-06-05 12:46:12 DEBUG          variation m_hh_5_xbb_pt_bin_2 Down
2024-06-05 12:46:12 DEBUG    reading input histogram /lustre/fs22/group/atlas/freder/hh/run/histograms/hists_for_cabinetry_m_hh_5_l1cvv1cv1.root:SR_xbb_2/signal/m_hh_5_xbb_pt_bin_2__1down
2024-06-05 12:46:12 DEBUG    open file: /lustre/fs22/group/atlas/freder/hh/run/histograms/hists_for_cabinetry_m_hh_5_l1cvv1cv1.root
2024-06-05 12:46:12 DEBUG    saving histogram to /lustre/fs22/group/atlas/freder/hh/run/fit/m_hh_5_l1cvv1cv1/histograms/m_hh_5_SR_xbb_2_VBF-Signal_m_hh_5_xbb_pt_bin_2_Down.npz
2024-06-05 12:46:12 DEBUG          variation m_hh_5_xbb_pt_bin_3 Up
2024-06-05 12:46:12 DEBUG    reading input histogram /lustre/fs22/group/atlas/freder/hh/run/histograms/hists_for_cabinetry_m_hh_5_l1cvv1cv1.root:SR_xbb_2/signal/m_hh_5_xbb_pt_bin_3__1up
2024-06-05 12:46:12 DEBUG    open file: /lustre/fs22/group/atlas/freder/hh/run/histograms/hists_for_cabinetry_m_hh_5_l1cvv1cv1.root
2024-06-05 12:46:12 DEBUG    saving histogram to /lustre/fs22/group/atlas/freder/hh/run/fit/m_hh_5_l1cvv1cv1/histograms/m_hh_5_SR_xbb_2_VBF-Signal_m_hh_5_xbb_pt_bin_3_Up.npz
2024-06-05 12:46:12 DEBUG          variation m_hh_5_xbb_pt_bin_3 Down
2024-06-05 12:46:12 DEBUG    reading input histogram /lustre/fs22/group/atlas/freder/hh/run/histograms/hists_for_cabinetry_m_hh_5_l1cvv1cv1.root:SR_xbb_2/signal/m_hh_5_xbb_pt_bin_3__1down
2024-06-05 12:46:12 DEBUG    open file: /lustre/fs22/group/atlas/freder/hh/run/histograms/hists_for_cabinetry_m_hh_5_l1cvv1cv1.root
2024-06-05 12:46:12 DEBUG    saving histogram to /lustre/fs22/group/atlas/freder/hh/run/fit/m_hh_5_l1cvv1cv1/histograms/m_hh_5_SR_xbb_2_VBF-Signal_m_hh_5_xbb_pt_bin_3_Down.npz
2024-06-05 12:46:12 DEBUG        reading sample ggF Signal
2024-06-05 12:46:12 DEBUG          variation Nominal
2024-06-05 12:46:12 DEBUG    reading input histogram /lustre/fs22/group/atlas/freder/hh/run/histograms/hists_for_cabinetry_m_hh_5_l1cvv1cv1.root:SR_xbb_2/ggf/m_hh_5_NOSYS
2024-06-05 12:46:12 DEBUG    open file: /lustre/fs22/group/atlas/freder/hh/run/histograms/hists_for_cabinetry_m_hh_5_l1cvv1cv1.root
2024-06-05 12:46:12 WARNING  m_hh_5_SR_xbb_2_ggF-Signal has empty bins: [4]
2024-06-05 12:46:12 DEBUG    saving histogram to /lustre/fs22/group/atlas/freder/hh/run/fit/m_hh_5_l1cvv1cv1/histograms/m_hh_5_SR_xbb_2_ggF-Signal.npz
2024-06-05 12:46:12 DEBUG        reading sample Background
2024-06-05 12:46:12 DEBUG          variation Nominal
2024-06-05 12:46:12 DEBUG    reading input histogram /lustre/fs22/group/atlas/freder/hh/run/histograms/hists_for_cabinetry_m_hh_5_l1cvv1cv1.root:SR_xbb_2/bkg_estimate/m_hh_5_NOSYS
2024-06-05 12:46:12 DEBUG    open file: /lustre/fs22/group/atlas/freder/hh/run/histograms/hists_for_cabinetry_m_hh_5_l1cvv1cv1.root
2024-06-05 12:46:12 DEBUG    saving histogram to /lustre/fs22/group/atlas/freder/hh/run/fit/m_hh_5_l1cvv1cv1/histograms/m_hh_5_SR_xbb_2_Background.npz
2024-06-05 12:46:12 DEBUG          variation bkg_estimate_shape Up
2024-06-05 12:46:12 DEBUG    reading input histogram /lustre/fs22/group/atlas/freder/hh/run/histograms/hists_for_cabinetry_m_hh_5_l1cvv1cv1.root:SR_xbb_2/bkg_estimate/bkg_estimate_shape__1up
2024-06-05 12:46:12 DEBUG    open file: /lustre/fs22/group/atlas/freder/hh/run/histograms/hists_for_cabinetry_m_hh_5_l1cvv1cv1.root
2024-06-05 12:46:12 DEBUG    saving histogram to /lustre/fs22/group/atlas/freder/hh/run/fit/m_hh_5_l1cvv1cv1/histograms/m_hh_5_SR_xbb_2_Background_bkg_estimate_shape_Up.npz
2024-06-05 12:46:12 DEBUG          variation bkg_estimate_shape Down
2024-06-05 12:46:12 DEBUG    reading input histogram /lustre/fs22/group/atlas/freder/hh/run/histograms/hists_for_cabinetry_m_hh_5_l1cvv1cv1.root:SR_xbb_2/bkg_estimate/bkg_estimate_shape__1down
2024-06-05 12:46:12 DEBUG    open file: /lustre/fs22/group/atlas/freder/hh/run/histograms/hists_for_cabinetry_m_hh_5_l1cvv1cv1.root
2024-06-05 12:46:12 WARNING  m_hh_5_SR_xbb_2_Background_bkg_estimate_shape_Down has empty bins: [0 3 4]
2024-06-05 12:46:12 DEBUG    saving histogram to /lustre/fs22/group/atlas/freder/hh/run/fit/m_hh_5_l1cvv1cv1/histograms/m_hh_5_SR_xbb_2_Background_bkg_estimate_shape_Down.npz
2024-06-05 12:46:12 DEBUG          variation stat_bkg_estimate Up
2024-06-05 12:46:12 DEBUG    reading input histogram /lustre/fs22/group/atlas/freder/hh/run/histograms/hists_for_cabinetry_m_hh_5_l1cvv1cv1.root:SR_xbb_2/bkg_estimate/stat_bkg_estimate_up
2024-06-05 12:46:12 DEBUG    open file: /lustre/fs22/group/atlas/freder/hh/run/histograms/hists_for_cabinetry_m_hh_5_l1cvv1cv1.root
2024-06-05 12:46:12 DEBUG    saving histogram to /lustre/fs22/group/atlas/freder/hh/run/fit/m_hh_5_l1cvv1cv1/histograms/m_hh_5_SR_xbb_2_Background_stat_bkg_estimate_Up.npz
2024-06-05 12:46:12 DEBUG          variation stat_bkg_estimate Down
2024-06-05 12:46:12 DEBUG    reading input histogram /lustre/fs22/group/atlas/freder/hh/run/histograms/hists_for_cabinetry_m_hh_5_l1cvv1cv1.root:SR_xbb_2/bkg_estimate/stat_bkg_estimate_down
2024-06-05 12:46:12 DEBUG    open file: /lustre/fs22/group/atlas/freder/hh/run/histograms/hists_for_cabinetry_m_hh_5_l1cvv1cv1.root
2024-06-05 12:46:12 DEBUG    saving histogram to /lustre/fs22/group/atlas/freder/hh/run/fit/m_hh_5_l1cvv1cv1/histograms/m_hh_5_SR_xbb_2_Background_stat_bkg_estimate_Down.npz
2024-06-05 12:46:12 DEBUG      in region m_hh_5_SR_xbb_2
2024-06-05 12:46:12 DEBUG        reading sample Data
2024-06-05 12:46:12 DEBUG          variation Nominal
2024-06-05 12:46:12 WARNING  m_hh_5_SR_xbb_2_Data has empty bins: [0 1 2 3 4]
2024-06-05 12:46:12 DEBUG    saving histogram to /lustre/fs22/group/atlas/freder/hh/run/fit/m_hh_5_l1cvv1cv1/histograms/m_hh_5_SR_xbb_2_Data_modified.npz
2024-06-05 12:46:12 DEBUG        reading sample VBF Signal
2024-06-05 12:46:12 DEBUG          variation Nominal
2024-06-05 12:46:12 DEBUG    saving histogram to /lustre/fs22/group/atlas/freder/hh/run/fit/m_hh_5_l1cvv1cv1/histograms/m_hh_5_SR_xbb_2_VBF-Signal_modified.npz
2024-06-05 12:46:12 DEBUG          variation scale_variations Up
2024-06-05 12:46:12 DEBUG    saving histogram to /lustre/fs22/group/atlas/freder/hh/run/fit/m_hh_5_l1cvv1cv1/histograms/m_hh_5_SR_xbb_2_VBF-Signal_scale_variations_Up_modified.npz
2024-06-05 12:46:12 DEBUG          variation scale_variations Down
2024-06-05 12:46:12 DEBUG    saving histogram to /lustre/fs22/group/atlas/freder/hh/run/fit/m_hh_5_l1cvv1cv1/histograms/m_hh_5_SR_xbb_2_VBF-Signal_scale_variations_Down_modified.npz
2024-06-05 12:46:12 DEBUG          variation stat_signal Up
2024-06-05 12:46:12 DEBUG    saving histogram to /lustre/fs22/group/atlas/freder/hh/run/fit/m_hh_5_l1cvv1cv1/histograms/m_hh_5_SR_xbb_2_VBF-Signal_stat_signal_Up_modified.npz
2024-06-05 12:46:12 DEBUG          variation stat_signal Down
2024-06-05 12:46:12 DEBUG    saving histogram to /lustre/fs22/group/atlas/freder/hh/run/fit/m_hh_5_l1cvv1cv1/histograms/m_hh_5_SR_xbb_2_VBF-Signal_stat_signal_Down_modified.npz
2024-06-05 12:46:12 DEBUG          variation m_hh_5_JET_EtaIntercalibration_Modelling Up
2024-06-05 12:46:12 DEBUG    saving histogram to /lustre/fs22/group/atlas/freder/hh/run/fit/m_hh_5_l1cvv1cv1/histograms/m_hh_5_SR_xbb_2_VBF-Signal_m_hh_5_JET_EtaIntercalibration_Modelling_Up_modified.npz
2024-06-05 12:46:12 DEBUG          variation m_hh_5_JET_EtaIntercalibration_Modelling Down
2024-06-05 12:46:12 DEBUG    saving histogram to /lustre/fs22/group/atlas/freder/hh/run/fit/m_hh_5_l1cvv1cv1/histograms/m_hh_5_SR_xbb_2_VBF-Signal_m_hh_5_JET_EtaIntercalibration_Modelling_Down_modified.npz
2024-06-05 12:46:12 DEBUG          variation m_hh_5_JET_EtaIntercalibration_NonClosure_PreRec Up
2024-06-05 12:46:12 DEBUG    saving histogram to /lustre/fs22/group/atlas/freder/hh/run/fit/m_hh_5_l1cvv1cv1/histograms/m_hh_5_SR_xbb_2_VBF-Signal_m_hh_5_JET_EtaIntercalibration_NonClosure_PreRec_Up_modified.npz
2024-06-05 12:46:12 DEBUG          variation m_hh_5_JET_EtaIntercalibration_NonClosure_PreRec Down
2024-06-05 12:46:12 DEBUG    saving histogram to /lustre/fs22/group/atlas/freder/hh/run/fit/m_hh_5_l1cvv1cv1/histograms/m_hh_5_SR_xbb_2_VBF-Signal_m_hh_5_JET_EtaIntercalibration_NonClosure_PreRec_Down_modified.npz
2024-06-05 12:46:12 DEBUG          variation m_hh_5_xbb_pt_bin_0 Up
2024-06-05 12:46:12 DEBUG    saving histogram to /lustre/fs22/group/atlas/freder/hh/run/fit/m_hh_5_l1cvv1cv1/histograms/m_hh_5_SR_xbb_2_VBF-Signal_m_hh_5_xbb_pt_bin_0_Up_modified.npz
2024-06-05 12:46:12 DEBUG          variation m_hh_5_xbb_pt_bin_0 Down
2024-06-05 12:46:12 DEBUG    saving histogram to /lustre/fs22/group/atlas/freder/hh/run/fit/m_hh_5_l1cvv1cv1/histograms/m_hh_5_SR_xbb_2_VBF-Signal_m_hh_5_xbb_pt_bin_0_Down_modified.npz
2024-06-05 12:46:12 DEBUG          variation m_hh_5_xbb_pt_bin_1 Up
2024-06-05 12:46:12 DEBUG    saving histogram to /lustre/fs22/group/atlas/freder/hh/run/fit/m_hh_5_l1cvv1cv1/histograms/m_hh_5_SR_xbb_2_VBF-Signal_m_hh_5_xbb_pt_bin_1_Up_modified.npz
2024-06-05 12:46:12 DEBUG          variation m_hh_5_xbb_pt_bin_1 Down
2024-06-05 12:46:12 DEBUG    saving histogram to /lustre/fs22/group/atlas/freder/hh/run/fit/m_hh_5_l1cvv1cv1/histograms/m_hh_5_SR_xbb_2_VBF-Signal_m_hh_5_xbb_pt_bin_1_Down_modified.npz
2024-06-05 12:46:12 DEBUG          variation m_hh_5_xbb_pt_bin_2 Up
2024-06-05 12:46:12 DEBUG    saving histogram to /lustre/fs22/group/atlas/freder/hh/run/fit/m_hh_5_l1cvv1cv1/histograms/m_hh_5_SR_xbb_2_VBF-Signal_m_hh_5_xbb_pt_bin_2_Up_modified.npz
2024-06-05 12:46:12 DEBUG          variation m_hh_5_xbb_pt_bin_2 Down
2024-06-05 12:46:12 DEBUG    saving histogram to /lustre/fs22/group/atlas/freder/hh/run/fit/m_hh_5_l1cvv1cv1/histograms/m_hh_5_SR_xbb_2_VBF-Signal_m_hh_5_xbb_pt_bin_2_Down_modified.npz
2024-06-05 12:46:12 DEBUG          variation m_hh_5_xbb_pt_bin_3 Up
2024-06-05 12:46:12 DEBUG    saving histogram to /lustre/fs22/group/atlas/freder/hh/run/fit/m_hh_5_l1cvv1cv1/histograms/m_hh_5_SR_xbb_2_VBF-Signal_m_hh_5_xbb_pt_bin_3_Up_modified.npz
2024-06-05 12:46:12 DEBUG          variation m_hh_5_xbb_pt_bin_3 Down
2024-06-05 12:46:12 DEBUG    saving histogram to /lustre/fs22/group/atlas/freder/hh/run/fit/m_hh_5_l1cvv1cv1/histograms/m_hh_5_SR_xbb_2_VBF-Signal_m_hh_5_xbb_pt_bin_3_Down_modified.npz
2024-06-05 12:46:12 DEBUG        reading sample ggF Signal
2024-06-05 12:46:12 DEBUG          variation Nominal
2024-06-05 12:46:12 WARNING  m_hh_5_SR_xbb_2_ggF-Signal has empty bins: [4]
2024-06-05 12:46:12 DEBUG    saving histogram to /lustre/fs22/group/atlas/freder/hh/run/fit/m_hh_5_l1cvv1cv1/histograms/m_hh_5_SR_xbb_2_ggF-Signal_modified.npz
2024-06-05 12:46:12 DEBUG        reading sample Background
2024-06-05 12:46:12 DEBUG          variation Nominal
2024-06-05 12:46:12 DEBUG    saving histogram to /lustre/fs22/group/atlas/freder/hh/run/fit/m_hh_5_l1cvv1cv1/histograms/m_hh_5_SR_xbb_2_Background_modified.npz
2024-06-05 12:46:12 DEBUG          variation bkg_estimate_shape Up
2024-06-05 12:46:12 DEBUG    saving histogram to /lustre/fs22/group/atlas/freder/hh/run/fit/m_hh_5_l1cvv1cv1/histograms/m_hh_5_SR_xbb_2_Background_bkg_estimate_shape_Up_modified.npz
2024-06-05 12:46:12 DEBUG          variation bkg_estimate_shape Down
2024-06-05 12:46:12 WARNING  m_hh_5_SR_xbb_2_Background_bkg_estimate_shape_Down has empty bins: [0 3 4]
2024-06-05 12:46:12 DEBUG    saving histogram to /lustre/fs22/group/atlas/freder/hh/run/fit/m_hh_5_l1cvv1cv1/histograms/m_hh_5_SR_xbb_2_Background_bkg_estimate_shape_Down_modified.npz
2024-06-05 12:46:12 DEBUG          variation stat_bkg_estimate Up
2024-06-05 12:46:12 DEBUG    saving histogram to /lustre/fs22/group/atlas/freder/hh/run/fit/m_hh_5_l1cvv1cv1/histograms/m_hh_5_SR_xbb_2_Background_stat_bkg_estimate_Up_modified.npz
2024-06-05 12:46:12 DEBUG          variation stat_bkg_estimate Down
2024-06-05 12:46:12 DEBUG    saving histogram to /lustre/fs22/group/atlas/freder/hh/run/fit/m_hh_5_l1cvv1cv1/histograms/m_hh_5_SR_xbb_2_Background_stat_bkg_estimate_Down_modified.npz
2024-06-05 12:46:12 INFO     visualizing systematic templates
2024-06-05 12:46:12 INFO     saving figure as figures/templates/m_hh_5_SR_xbb_2_VBF-Signal_scale_variations.pdf
2024-06-05 12:46:13 INFO     saving figure as figures/templates/m_hh_5_SR_xbb_2_VBF-Signal_stat_signal.pdf
2024-06-05 12:46:14 INFO     saving figure as figures/templates/m_hh_5_SR_xbb_2_VBF-Signal_m_hh_5_JET_EtaIntercalibration_Modelling.pdf
2024-06-05 12:46:14 INFO     saving figure as figures/templates/m_hh_5_SR_xbb_2_VBF-Signal_m_hh_5_JET_EtaIntercalibration_NonClosure_PreRec.pdf
2024-06-05 12:46:14 INFO     saving figure as figures/templates/m_hh_5_SR_xbb_2_VBF-Signal_m_hh_5_xbb_pt_bin_0.pdf
2024-06-05 12:46:15 INFO     saving figure as figures/templates/m_hh_5_SR_xbb_2_VBF-Signal_m_hh_5_xbb_pt_bin_1.pdf
2024-06-05 12:46:15 INFO     saving figure as figures/templates/m_hh_5_SR_xbb_2_VBF-Signal_m_hh_5_xbb_pt_bin_2.pdf
2024-06-05 12:46:16 INFO     saving figure as figures/templates/m_hh_5_SR_xbb_2_VBF-Signal_m_hh_5_xbb_pt_bin_3.pdf
2024-06-05 12:46:16 INFO     saving figure as figures/templates/m_hh_5_SR_xbb_2_Background_bkg_estimate_shape.pdf
2024-06-05 12:46:17 INFO     saving figure as figures/templates/m_hh_5_SR_xbb_2_Background_stat_bkg_estimate.pdf
2024-06-05 12:46:17 INFO     building workspace
2024-06-05 12:46:17 DEBUG    adding NormFactor signal_norm to sample VBF Signal in region m_hh_5_SR_xbb_2
2024-06-05 12:46:17 DEBUG    adding OverallSys branching_ratio_bb to sample VBF Signal in region m_hh_5_SR_xbb_2
2024-06-05 12:46:17 DEBUG    adding OverallSys and HistoSys scale_variations to sample VBF Signal in region m_hh_5_SR_xbb_2
2024-06-05 12:46:17 DEBUG    adding OverallSys and HistoSys stat_signal to sample VBF Signal in region m_hh_5_SR_xbb_2
2024-06-05 12:46:17 DEBUG    adding OverallSys and HistoSys m_hh_5_JET_EtaIntercalibration_Modelling to sample VBF Signal in region m_hh_5_SR_xbb_2
2024-06-05 12:46:17 DEBUG    adding OverallSys and HistoSys m_hh_5_JET_EtaIntercalibration_NonClosure_PreRec to sample VBF Signal in region m_hh_5_SR_xbb_2
2024-06-05 12:46:17 DEBUG    adding OverallSys and HistoSys m_hh_5_xbb_pt_bin_0 to sample VBF Signal in region m_hh_5_SR_xbb_2
2024-06-05 12:46:17 DEBUG    adding OverallSys and HistoSys m_hh_5_xbb_pt_bin_1 to sample VBF Signal in region m_hh_5_SR_xbb_2
2024-06-05 12:46:17 DEBUG    adding OverallSys and HistoSys m_hh_5_xbb_pt_bin_2 to sample VBF Signal in region m_hh_5_SR_xbb_2
2024-06-05 12:46:17 DEBUG    adding OverallSys and HistoSys m_hh_5_xbb_pt_bin_3 to sample VBF Signal in region m_hh_5_SR_xbb_2
2024-06-05 12:46:17 DEBUG    adding OverallSys bkg_estimate_norm to sample Background in region m_hh_5_SR_xbb_2
2024-06-05 12:46:17 DEBUG    adding OverallSys and HistoSys bkg_estimate_shape to sample Background in region m_hh_5_SR_xbb_2
2024-06-05 12:46:17 DEBUG    adding OverallSys and HistoSys stat_bkg_estimate to sample Background in region m_hh_5_SR_xbb_2
2024-06-05 12:46:17 INFO     Validating spec against schema: workspace.json
2024-06-05 12:46:17 DEBUG    saving workspace to workspaces/m_hh_5_l1cvv1cv1.json
2024-06-05 12:46:17 INFO     Validating spec against schema: workspace.json
2024-06-05 12:46:17 INFO     Validating spec against schema: model.json
2024-06-05 12:46:17 INFO     adding modifier bkg_estimate_shape (1 new nuisance parameters)
2024-06-05 12:46:17 INFO     adding modifier stat_bkg_estimate (1 new nuisance parameters)
2024-06-05 12:46:17 INFO     adding modifier m_hh_5_JET_EtaIntercalibration_Modelling (1 new nuisance parameters)
2024-06-05 12:46:17 INFO     adding modifier m_hh_5_JET_EtaIntercalibration_NonClosure_PreRec (1 new nuisance parameters)
2024-06-05 12:46:17 INFO     adding modifier m_hh_5_xbb_pt_bin_0 (1 new nuisance parameters)
2024-06-05 12:46:17 INFO     adding modifier m_hh_5_xbb_pt_bin_1 (1 new nuisance parameters)
2024-06-05 12:46:17 INFO     adding modifier m_hh_5_xbb_pt_bin_2 (1 new nuisance parameters)
2024-06-05 12:46:17 INFO     adding modifier m_hh_5_xbb_pt_bin_3 (1 new nuisance parameters)
2024-06-05 12:46:17 INFO     adding modifier scale_variations (1 new nuisance parameters)
2024-06-05 12:46:17 INFO     adding modifier stat_signal (1 new nuisance parameters)
2024-06-05 12:46:17 INFO     adding modifier signal_norm (1 new nuisance parameters)
2024-06-05 12:46:17 INFO     adding modifier bkg_estimate_norm (1 new nuisance parameters)
2024-06-05 12:46:17 INFO     adding modifier branching_ratio_bb (1 new nuisance parameters)
2024-06-05 12:46:17 INFO     saving figure as figures/modifier_grid.pdf
2024-06-05 12:46:17 INFO     performing maximum likelihood fit
2024-06-05 12:46:17 INFO     Migrad status:
┌─────────────────────────────────────────────────────────────────────────┐
│                                Migrad                                   │
├──────────────────────────────────┬──────────────────────────────────────┤
│ FCN = 29.44                      │              Nfcn = 334              │
│ EDM = 2.09e-17 (Goal: 0.002)     │                                      │
├──────────────────────────────────┼──────────────────────────────────────┤
│          Valid Minimum           │   Below EDM threshold (goal x 10)    │
├──────────────────────────────────┼──────────────────────────────────────┤
│     SOME parameters at limit     │           Below call limit           │
├──────────────────────────────────┼──────────────────────────────────────┤
│             Hesse ok             │         Covariance accurate          │
└──────────────────────────────────┴──────────────────────────────────────┘
2024-06-05 12:46:17 DEBUG    -2 log(L) = 29.438624 at best-fit point
2024-06-05 12:46:17 INFO     fit results (with symmetric uncertainties):
2024-06-05 12:46:17 INFO     bkg_estimate_shape                               =  0.0000 +/- 0.6107
2024-06-05 12:46:17 INFO     stat_bkg_estimate                                =  0.0000 +/- 0.9912
2024-06-05 12:46:17 INFO     m_hh_5_JET_EtaIntercalibration_Modelling         =  0.0000 +/- 0.9933
2024-06-05 12:46:17 INFO     m_hh_5_JET_EtaIntercalibration_NonClosure_PreRec =  0.0000 +/- 0.9933
2024-06-05 12:46:17 INFO     m_hh_5_xbb_pt_bin_0                              =  0.0000 +/- 0.9933
2024-06-05 12:46:17 INFO     m_hh_5_xbb_pt_bin_1                              =  0.0000 +/- 0.9933
2024-06-05 12:46:17 INFO     m_hh_5_xbb_pt_bin_2                              =  0.0000 +/- 0.9933
2024-06-05 12:46:17 INFO     m_hh_5_xbb_pt_bin_3                              =  0.0000 +/- 0.9933
2024-06-05 12:46:17 INFO     scale_variations                                 =  0.0000 +/- 0.9933
2024-06-05 12:46:17 INFO     stat_signal                                      =  0.0000 +/- 0.9933
2024-06-05 12:46:17 INFO     signal_norm                                      =  1.0000 +/- 2589.7267
2024-06-05 12:46:17 INFO     bkg_estimate_norm                                =  0.0000 +/- 0.9919
2024-06-05 12:46:17 INFO     branching_ratio_bb                               =  0.0000 +/- 0.9933
2024-06-05 12:46:17 INFO     calculating goodness-of-fit
2024-06-05 12:46:17 DEBUG    Delta NLL = 0.000000
2024-06-05 12:46:17 DEBUG    number of degrees of freedom: 4
2024-06-05 12:46:17 INFO     p-value for goodness-of-fit test: 100.00%
2024-06-05 12:46:17 INFO     saving figure as figures/pulls.pdf
2024-06-05 12:46:18 INFO     saving figure as figures/correlation_matrix.pdf
2024-06-05 12:46:18 DEBUG    total stdev is [[1.6763975765699848, 0.4394624782132694, 0.137594324502053, 0.12652080849632502, 0.05177477879693284]]
2024-06-05 12:46:18 DEBUG    total stdev per channel is [2.2660348646380437]
2024-06-05 12:46:18 DEBUG    total stdev is [[20.656061209762427, 40.58278420170954, 12.278291320411437, 3.265625651658147, 0.6236070385066476]]
2024-06-05 12:46:18 DEBUG    total stdev per channel is [77.39286338350743]
2024-06-05 12:46:18 INFO     saving figure as figures/m_hh_5_SR_xbb_2_prefit.pdf
2024-06-05 12:46:18 INFO     saving figure as figures/m_hh_5_SR_xbb_2_postfit.pdf
2024-06-05 12:46:19 INFO     yields per bin for pre-fit model prediction:
╒════════════╤═══════════════════╤═════════════╤═════════════╤═════════════╤═════════════╕
│ sample     │ m_hh_5_SR_xbb_2   │             │             │             │             │
│            │ bin 1             │ bin 2       │ bin 3       │ bin 4       │ bin 5       │
╞════════════╪═══════════════════╪═════════════╪═════════════╪═════════════╪═════════════╡
│ Background │ 1.39 ± 1.68       │ 1.93 ± 0.44 │ 0.49 ± 0.14 │ 0.12 ± 0.13 │ 0.05 ± 0.05 │
├────────────┼───────────────────┼─────────────┼─────────────┼─────────────┼─────────────┤
│ VBF Signal │ 0.01 ± 0.00       │ 0.02 ± 0.01 │ 0.00 ± 0.00 │ 0.00 ± 0.00 │ 0.00 ± 0.00 │
├────────────┼───────────────────┼─────────────┼─────────────┼─────────────┼─────────────┤
│ ggF Signal │ 0.05 ± 0.00       │ 0.05 ± 0.00 │ 0.01 ± 0.00 │ 0.00 ± 0.00 │ 0.00 ± 0.00 │
├────────────┼───────────────────┼─────────────┼─────────────┼─────────────┼─────────────┤
│ total      │ 1.45 ± 1.68       │ 2.00 ± 0.44 │ 0.50 ± 0.14 │ 0.12 ± 0.13 │ 0.05 ± 0.05 │
├────────────┼───────────────────┼─────────────┼─────────────┼─────────────┼─────────────┤
│ data       │ 1.45              │ 2.00        │ 0.50        │ 0.12        │ 0.05        │
╘════════════╧═══════════════════╧═════════════╧═════════════╧═════════════╧═════════════╛
2024-06-05 12:46:19 INFO     saving table as tables/yields_per_bin_pre-fit.txt
2024-06-05 12:46:19 INFO     calculating 95% confidence level upper limit for signal_norm
2024-06-05 12:46:19 INFO     determining observed upper limit
2024-06-05 12:46:19 DEBUG    signal_norm = 0.0010, observed CLs = 1.0000
2024-06-05 12:46:20 DEBUG    signal_norm = 3891.5989, observed CLs = 0.0000
2024-06-05 12:46:20 DEBUG    signal_norm = 3697.0190, observed CLs = 0.0000
2024-06-05 12:46:21 DEBUG    signal_norm = 1848.5100, observed CLs = 0.0000
2024-06-05 12:46:21 DEBUG    signal_norm = 924.2555, observed CLs = 0.0001
2024-06-05 12:46:22 DEBUG    signal_norm = 462.1282, observed CLs = 0.0044
2024-06-05 12:46:22 DEBUG    signal_norm = 231.0646, observed CLs = 0.0582
2024-06-05 12:46:23 DEBUG    signal_norm = 266.3949, observed CLs = 0.0382
2024-06-05 12:46:23 DEBUG    signal_norm = 245.5482, observed CLs = 0.0489
2024-06-05 12:46:24 DEBUG    signal_norm = 243.8425, observed CLs = 0.0499
2024-06-05 12:46:24 DEBUG    signal_norm = 243.6967, observed CLs = 0.0500
2024-06-05 12:46:24 DEBUG    signal_norm = 243.7017, observed CLs = 0.0500
2024-06-05 12:46:24 INFO     successfully converged after 12 steps
2024-06-05 12:46:24 INFO     observed upper limit: 243.6967
2024-06-05 12:46:24 INFO     determining expected -2 sigma upper limit
2024-06-05 12:46:24 DEBUG    signal_norm = 0.0010, expected -2 sigma CLs = 1.0000 (cached)
2024-06-05 12:46:24 DEBUG    signal_norm = 231.0646, expected -2 sigma CLs = 0.0021 (cached)
2024-06-05 12:46:25 DEBUG    signal_norm = 219.9759, expected -2 sigma CLs = 0.0027
2024-06-05 12:46:25 DEBUG    signal_norm = 109.9884, expected -2 sigma CLs = 0.0401
2024-06-05 12:46:26 DEBUG    signal_norm = 82.1132, expected -2 sigma CLs = 0.0866
2024-06-05 12:46:26 DEBUG    signal_norm = 104.0406, expected -2 sigma CLs = 0.0471
2024-06-05 12:46:26 DEBUG    signal_norm = 101.7520, expected -2 sigma CLs = 0.0501
2024-06-05 12:46:27 DEBUG    signal_norm = 101.8454, expected -2 sigma CLs = 0.0500
2024-06-05 12:46:27 DEBUG    signal_norm = 101.8404, expected -2 sigma CLs = 0.0500
2024-06-05 12:46:27 INFO     successfully converged after 9 steps
2024-06-05 12:46:27 INFO     expected -2 sigma upper limit: 101.8404
2024-06-05 12:46:27 INFO     determining expected -1 sigma upper limit
2024-06-05 12:46:27 DEBUG    signal_norm = 109.9884, expected -1 sigma CLs = 0.1078 (cached)
2024-06-05 12:46:27 DEBUG    signal_norm = 219.9759, expected -1 sigma CLs = 0.0142 (cached)
2024-06-05 12:46:28 DEBUG    signal_norm = 177.9132, expected -1 sigma CLs = 0.0298
2024-06-05 12:46:28 DEBUG    signal_norm = 137.6896, expected -1 sigma CLs = 0.0630
2024-06-05 12:46:29 DEBUG    signal_norm = 153.4712, expected -1 sigma CLs = 0.0468
2024-06-05 12:46:29 DEBUG    signal_norm = 150.3451, expected -1 sigma CLs = 0.0496
2024-06-05 12:46:29 DEBUG    signal_norm = 149.9199, expected -1 sigma CLs = 0.0500
2024-06-05 12:46:30 DEBUG    signal_norm = 149.9249, expected -1 sigma CLs = 0.0500
2024-06-05 12:46:30 INFO     successfully converged after 8 steps
2024-06-05 12:46:30 INFO     expected -1 sigma upper limit: 149.9199
2024-06-05 12:46:30 INFO     determining expected upper limit
2024-06-05 12:46:30 DEBUG    signal_norm = 231.0646, expected CLs = 0.0574 (cached)
2024-06-05 12:46:30 DEBUG    signal_norm = 243.6967, expected CLs = 0.0493 (cached)
2024-06-05 12:46:30 DEBUG    signal_norm = 242.5471, expected CLs = 0.0499
2024-06-05 12:46:31 DEBUG    signal_norm = 242.4588, expected CLs = 0.0500
2024-06-05 12:46:31 DEBUG    signal_norm = 242.4638, expected CLs = 0.0500
2024-06-05 12:46:31 INFO     successfully converged after 5 steps
2024-06-05 12:46:31 INFO     expected upper limit: 242.4588
2024-06-05 12:46:31 INFO     determining expected +1 sigma upper limit
2024-06-05 12:46:31 DEBUG    signal_norm = 266.3949, expected +1 sigma CLs = 0.1666 (cached)
2024-06-05 12:46:31 DEBUG    signal_norm = 462.1282, expected +1 sigma CLs = 0.0379 (cached)
2024-06-05 12:46:32 DEBUG    signal_norm = 443.6749, expected +1 sigma CLs = 0.0434
