2024-06-05 12:45:40 DEBUG    open file: /lustre/fs22/group/atlas/freder/hh/run/histograms/hists_for_cabinetry_m_hh_5_l1cvv0cv1.root
2024-06-05 12:45:40 INFO     opening config file /lustre/fs22/group/atlas/freder/hh/run/fit/m_hh_5_l1cvv0cv1/cabinetry_config.yaml
2024-06-05 12:45:40 INFO     the config contains:
2024-06-05 12:45:40 INFO       4 Sample(s)
2024-06-05 12:45:40 INFO       1 Regions(s)
2024-06-05 12:45:40 INFO       1 NormFactor(s)
2024-06-05 12:45:40 INFO       12 Systematic(s)
2024-06-05 12:45:40 DEBUG      in region m_hh_5_SR_xbb_2
2024-06-05 12:45:40 DEBUG        reading sample Data
2024-06-05 12:45:40 DEBUG          variation Nominal
2024-06-05 12:45:40 DEBUG    reading input histogram /lustre/fs22/group/atlas/freder/hh/run/histograms/hists_for_cabinetry_m_hh_5_l1cvv0cv1.root:SR_xbb_2/run2/m_hh_5_NOSYS
2024-06-05 12:45:40 DEBUG    open file: /lustre/fs22/group/atlas/freder/hh/run/histograms/hists_for_cabinetry_m_hh_5_l1cvv0cv1.root
2024-06-05 12:45:40 WARNING  m_hh_5_SR_xbb_2_Data has empty bins: [0 1 2 3 4]
2024-06-05 12:45:40 DEBUG    saving histogram to /lustre/fs22/group/atlas/freder/hh/run/fit/m_hh_5_l1cvv0cv1/histograms/m_hh_5_SR_xbb_2_Data.npz
2024-06-05 12:45:40 DEBUG        reading sample VBF Signal
2024-06-05 12:45:40 DEBUG          variation Nominal
2024-06-05 12:45:40 DEBUG    reading input histogram /lustre/fs22/group/atlas/freder/hh/run/histograms/hists_for_cabinetry_m_hh_5_l1cvv0cv1.root:SR_xbb_2/signal/m_hh_5_NOSYS
2024-06-05 12:45:40 DEBUG    open file: /lustre/fs22/group/atlas/freder/hh/run/histograms/hists_for_cabinetry_m_hh_5_l1cvv0cv1.root
2024-06-05 12:45:40 DEBUG    saving histogram to /lustre/fs22/group/atlas/freder/hh/run/fit/m_hh_5_l1cvv0cv1/histograms/m_hh_5_SR_xbb_2_VBF-Signal.npz
2024-06-05 12:45:40 DEBUG          variation scale_variations Up
2024-06-05 12:45:40 DEBUG    reading input histogram /lustre/fs22/group/atlas/freder/hh/run/histograms/hists_for_cabinetry_m_hh_5_l1cvv0cv1.root:SR_xbb_2/signal/scale_up
2024-06-05 12:45:40 DEBUG    open file: /lustre/fs22/group/atlas/freder/hh/run/histograms/hists_for_cabinetry_m_hh_5_l1cvv0cv1.root
2024-06-05 12:45:40 DEBUG    saving histogram to /lustre/fs22/group/atlas/freder/hh/run/fit/m_hh_5_l1cvv0cv1/histograms/m_hh_5_SR_xbb_2_VBF-Signal_scale_variations_Up.npz
2024-06-05 12:45:40 DEBUG          variation scale_variations Down
2024-06-05 12:45:40 DEBUG    reading input histogram /lustre/fs22/group/atlas/freder/hh/run/histograms/hists_for_cabinetry_m_hh_5_l1cvv0cv1.root:SR_xbb_2/signal/scale_down
2024-06-05 12:45:40 DEBUG    open file: /lustre/fs22/group/atlas/freder/hh/run/histograms/hists_for_cabinetry_m_hh_5_l1cvv0cv1.root
2024-06-05 12:45:40 DEBUG    saving histogram to /lustre/fs22/group/atlas/freder/hh/run/fit/m_hh_5_l1cvv0cv1/histograms/m_hh_5_SR_xbb_2_VBF-Signal_scale_variations_Down.npz
2024-06-05 12:45:40 DEBUG          variation stat_signal Up
2024-06-05 12:45:40 DEBUG    reading input histogram /lustre/fs22/group/atlas/freder/hh/run/histograms/hists_for_cabinetry_m_hh_5_l1cvv0cv1.root:SR_xbb_2/signal/stat_signal_up
2024-06-05 12:45:40 DEBUG    open file: /lustre/fs22/group/atlas/freder/hh/run/histograms/hists_for_cabinetry_m_hh_5_l1cvv0cv1.root
2024-06-05 12:45:40 DEBUG    saving histogram to /lustre/fs22/group/atlas/freder/hh/run/fit/m_hh_5_l1cvv0cv1/histograms/m_hh_5_SR_xbb_2_VBF-Signal_stat_signal_Up.npz
2024-06-05 12:45:40 DEBUG          variation stat_signal Down
2024-06-05 12:45:40 DEBUG    reading input histogram /lustre/fs22/group/atlas/freder/hh/run/histograms/hists_for_cabinetry_m_hh_5_l1cvv0cv1.root:SR_xbb_2/signal/stat_signal_down
2024-06-05 12:45:40 DEBUG    open file: /lustre/fs22/group/atlas/freder/hh/run/histograms/hists_for_cabinetry_m_hh_5_l1cvv0cv1.root
2024-06-05 12:45:40 DEBUG    saving histogram to /lustre/fs22/group/atlas/freder/hh/run/fit/m_hh_5_l1cvv0cv1/histograms/m_hh_5_SR_xbb_2_VBF-Signal_stat_signal_Down.npz
2024-06-05 12:45:40 DEBUG          variation m_hh_5_JET_EtaIntercalibration_Modelling Up
2024-06-05 12:45:40 DEBUG    reading input histogram /lustre/fs22/group/atlas/freder/hh/run/histograms/hists_for_cabinetry_m_hh_5_l1cvv0cv1.root:SR_xbb_2/signal/m_hh_5_JET_EtaIntercalibration_Modelling__1up
2024-06-05 12:45:40 DEBUG    open file: /lustre/fs22/group/atlas/freder/hh/run/histograms/hists_for_cabinetry_m_hh_5_l1cvv0cv1.root
2024-06-05 12:45:40 DEBUG    saving histogram to /lustre/fs22/group/atlas/freder/hh/run/fit/m_hh_5_l1cvv0cv1/histograms/m_hh_5_SR_xbb_2_VBF-Signal_m_hh_5_JET_EtaIntercalibration_Modelling_Up.npz
2024-06-05 12:45:40 DEBUG          variation m_hh_5_JET_EtaIntercalibration_Modelling Down
2024-06-05 12:45:40 DEBUG    reading input histogram /lustre/fs22/group/atlas/freder/hh/run/histograms/hists_for_cabinetry_m_hh_5_l1cvv0cv1.root:SR_xbb_2/signal/m_hh_5_JET_EtaIntercalibration_Modelling__1down
2024-06-05 12:45:40 DEBUG    open file: /lustre/fs22/group/atlas/freder/hh/run/histograms/hists_for_cabinetry_m_hh_5_l1cvv0cv1.root
2024-06-05 12:45:40 DEBUG    saving histogram to /lustre/fs22/group/atlas/freder/hh/run/fit/m_hh_5_l1cvv0cv1/histograms/m_hh_5_SR_xbb_2_VBF-Signal_m_hh_5_JET_EtaIntercalibration_Modelling_Down.npz
2024-06-05 12:45:40 DEBUG          variation m_hh_5_JET_EtaIntercalibration_NonClosure_PreRec Up
2024-06-05 12:45:40 DEBUG    reading input histogram /lustre/fs22/group/atlas/freder/hh/run/histograms/hists_for_cabinetry_m_hh_5_l1cvv0cv1.root:SR_xbb_2/signal/m_hh_5_JET_EtaIntercalibration_NonClosure_PreRec__1up
2024-06-05 12:45:40 DEBUG    open file: /lustre/fs22/group/atlas/freder/hh/run/histograms/hists_for_cabinetry_m_hh_5_l1cvv0cv1.root
2024-06-05 12:45:40 DEBUG    saving histogram to /lustre/fs22/group/atlas/freder/hh/run/fit/m_hh_5_l1cvv0cv1/histograms/m_hh_5_SR_xbb_2_VBF-Signal_m_hh_5_JET_EtaIntercalibration_NonClosure_PreRec_Up.npz
2024-06-05 12:45:40 DEBUG          variation m_hh_5_JET_EtaIntercalibration_NonClosure_PreRec Down
2024-06-05 12:45:40 DEBUG    reading input histogram /lustre/fs22/group/atlas/freder/hh/run/histograms/hists_for_cabinetry_m_hh_5_l1cvv0cv1.root:SR_xbb_2/signal/m_hh_5_JET_EtaIntercalibration_NonClosure_PreRec__1down
2024-06-05 12:45:40 DEBUG    open file: /lustre/fs22/group/atlas/freder/hh/run/histograms/hists_for_cabinetry_m_hh_5_l1cvv0cv1.root
2024-06-05 12:45:40 DEBUG    saving histogram to /lustre/fs22/group/atlas/freder/hh/run/fit/m_hh_5_l1cvv0cv1/histograms/m_hh_5_SR_xbb_2_VBF-Signal_m_hh_5_JET_EtaIntercalibration_NonClosure_PreRec_Down.npz
2024-06-05 12:45:40 DEBUG          variation m_hh_5_xbb_pt_bin_0 Up
2024-06-05 12:45:40 DEBUG    reading input histogram /lustre/fs22/group/atlas/freder/hh/run/histograms/hists_for_cabinetry_m_hh_5_l1cvv0cv1.root:SR_xbb_2/signal/m_hh_5_xbb_pt_bin_0__1up
2024-06-05 12:45:40 DEBUG    open file: /lustre/fs22/group/atlas/freder/hh/run/histograms/hists_for_cabinetry_m_hh_5_l1cvv0cv1.root
2024-06-05 12:45:40 DEBUG    saving histogram to /lustre/fs22/group/atlas/freder/hh/run/fit/m_hh_5_l1cvv0cv1/histograms/m_hh_5_SR_xbb_2_VBF-Signal_m_hh_5_xbb_pt_bin_0_Up.npz
2024-06-05 12:45:40 DEBUG          variation m_hh_5_xbb_pt_bin_0 Down
2024-06-05 12:45:40 DEBUG    reading input histogram /lustre/fs22/group/atlas/freder/hh/run/histograms/hists_for_cabinetry_m_hh_5_l1cvv0cv1.root:SR_xbb_2/signal/m_hh_5_xbb_pt_bin_0__1down
2024-06-05 12:45:40 DEBUG    open file: /lustre/fs22/group/atlas/freder/hh/run/histograms/hists_for_cabinetry_m_hh_5_l1cvv0cv1.root
2024-06-05 12:45:40 DEBUG    saving histogram to /lustre/fs22/group/atlas/freder/hh/run/fit/m_hh_5_l1cvv0cv1/histograms/m_hh_5_SR_xbb_2_VBF-Signal_m_hh_5_xbb_pt_bin_0_Down.npz
2024-06-05 12:45:40 DEBUG          variation m_hh_5_xbb_pt_bin_1 Up
2024-06-05 12:45:40 DEBUG    reading input histogram /lustre/fs22/group/atlas/freder/hh/run/histograms/hists_for_cabinetry_m_hh_5_l1cvv0cv1.root:SR_xbb_2/signal/m_hh_5_xbb_pt_bin_1__1up
2024-06-05 12:45:40 DEBUG    open file: /lustre/fs22/group/atlas/freder/hh/run/histograms/hists_for_cabinetry_m_hh_5_l1cvv0cv1.root
2024-06-05 12:45:40 DEBUG    saving histogram to /lustre/fs22/group/atlas/freder/hh/run/fit/m_hh_5_l1cvv0cv1/histograms/m_hh_5_SR_xbb_2_VBF-Signal_m_hh_5_xbb_pt_bin_1_Up.npz
2024-06-05 12:45:40 DEBUG          variation m_hh_5_xbb_pt_bin_1 Down
2024-06-05 12:45:40 DEBUG    reading input histogram /lustre/fs22/group/atlas/freder/hh/run/histograms/hists_for_cabinetry_m_hh_5_l1cvv0cv1.root:SR_xbb_2/signal/m_hh_5_xbb_pt_bin_1__1down
2024-06-05 12:45:40 DEBUG    open file: /lustre/fs22/group/atlas/freder/hh/run/histograms/hists_for_cabinetry_m_hh_5_l1cvv0cv1.root
2024-06-05 12:45:40 DEBUG    saving histogram to /lustre/fs22/group/atlas/freder/hh/run/fit/m_hh_5_l1cvv0cv1/histograms/m_hh_5_SR_xbb_2_VBF-Signal_m_hh_5_xbb_pt_bin_1_Down.npz
2024-06-05 12:45:40 DEBUG          variation m_hh_5_xbb_pt_bin_2 Up
2024-06-05 12:45:40 DEBUG    reading input histogram /lustre/fs22/group/atlas/freder/hh/run/histograms/hists_for_cabinetry_m_hh_5_l1cvv0cv1.root:SR_xbb_2/signal/m_hh_5_xbb_pt_bin_2__1up
2024-06-05 12:45:40 DEBUG    open file: /lustre/fs22/group/atlas/freder/hh/run/histograms/hists_for_cabinetry_m_hh_5_l1cvv0cv1.root
2024-06-05 12:45:40 DEBUG    saving histogram to /lustre/fs22/group/atlas/freder/hh/run/fit/m_hh_5_l1cvv0cv1/histograms/m_hh_5_SR_xbb_2_VBF-Signal_m_hh_5_xbb_pt_bin_2_Up.npz
2024-06-05 12:45:40 DEBUG          variation m_hh_5_xbb_pt_bin_2 Down
2024-06-05 12:45:40 DEBUG    reading input histogram /lustre/fs22/group/atlas/freder/hh/run/histograms/hists_for_cabinetry_m_hh_5_l1cvv0cv1.root:SR_xbb_2/signal/m_hh_5_xbb_pt_bin_2__1down
2024-06-05 12:45:40 DEBUG    open file: /lustre/fs22/group/atlas/freder/hh/run/histograms/hists_for_cabinetry_m_hh_5_l1cvv0cv1.root
2024-06-05 12:45:40 DEBUG    saving histogram to /lustre/fs22/group/atlas/freder/hh/run/fit/m_hh_5_l1cvv0cv1/histograms/m_hh_5_SR_xbb_2_VBF-Signal_m_hh_5_xbb_pt_bin_2_Down.npz
2024-06-05 12:45:40 DEBUG          variation m_hh_5_xbb_pt_bin_3 Up
2024-06-05 12:45:40 DEBUG    reading input histogram /lustre/fs22/group/atlas/freder/hh/run/histograms/hists_for_cabinetry_m_hh_5_l1cvv0cv1.root:SR_xbb_2/signal/m_hh_5_xbb_pt_bin_3__1up
2024-06-05 12:45:40 DEBUG    open file: /lustre/fs22/group/atlas/freder/hh/run/histograms/hists_for_cabinetry_m_hh_5_l1cvv0cv1.root
2024-06-05 12:45:40 DEBUG    saving histogram to /lustre/fs22/group/atlas/freder/hh/run/fit/m_hh_5_l1cvv0cv1/histograms/m_hh_5_SR_xbb_2_VBF-Signal_m_hh_5_xbb_pt_bin_3_Up.npz
2024-06-05 12:45:40 DEBUG          variation m_hh_5_xbb_pt_bin_3 Down
2024-06-05 12:45:40 DEBUG    reading input histogram /lustre/fs22/group/atlas/freder/hh/run/histograms/hists_for_cabinetry_m_hh_5_l1cvv0cv1.root:SR_xbb_2/signal/m_hh_5_xbb_pt_bin_3__1down
2024-06-05 12:45:40 DEBUG    open file: /lustre/fs22/group/atlas/freder/hh/run/histograms/hists_for_cabinetry_m_hh_5_l1cvv0cv1.root
2024-06-05 12:45:40 DEBUG    saving histogram to /lustre/fs22/group/atlas/freder/hh/run/fit/m_hh_5_l1cvv0cv1/histograms/m_hh_5_SR_xbb_2_VBF-Signal_m_hh_5_xbb_pt_bin_3_Down.npz
2024-06-05 12:45:40 DEBUG        reading sample ggF Signal
2024-06-05 12:45:40 DEBUG          variation Nominal
2024-06-05 12:45:40 DEBUG    reading input histogram /lustre/fs22/group/atlas/freder/hh/run/histograms/hists_for_cabinetry_m_hh_5_l1cvv0cv1.root:SR_xbb_2/ggf/m_hh_5_NOSYS
2024-06-05 12:45:40 DEBUG    open file: /lustre/fs22/group/atlas/freder/hh/run/histograms/hists_for_cabinetry_m_hh_5_l1cvv0cv1.root
2024-06-05 12:45:40 WARNING  m_hh_5_SR_xbb_2_ggF-Signal has empty bins: [4]
2024-06-05 12:45:40 DEBUG    saving histogram to /lustre/fs22/group/atlas/freder/hh/run/fit/m_hh_5_l1cvv0cv1/histograms/m_hh_5_SR_xbb_2_ggF-Signal.npz
2024-06-05 12:45:40 DEBUG        reading sample Background
2024-06-05 12:45:40 DEBUG          variation Nominal
2024-06-05 12:45:40 DEBUG    reading input histogram /lustre/fs22/group/atlas/freder/hh/run/histograms/hists_for_cabinetry_m_hh_5_l1cvv0cv1.root:SR_xbb_2/bkg_estimate/m_hh_5_NOSYS
2024-06-05 12:45:40 DEBUG    open file: /lustre/fs22/group/atlas/freder/hh/run/histograms/hists_for_cabinetry_m_hh_5_l1cvv0cv1.root
2024-06-05 12:45:40 DEBUG    saving histogram to /lustre/fs22/group/atlas/freder/hh/run/fit/m_hh_5_l1cvv0cv1/histograms/m_hh_5_SR_xbb_2_Background.npz
2024-06-05 12:45:41 DEBUG          variation bkg_estimate_shape Up
2024-06-05 12:45:41 DEBUG    reading input histogram /lustre/fs22/group/atlas/freder/hh/run/histograms/hists_for_cabinetry_m_hh_5_l1cvv0cv1.root:SR_xbb_2/bkg_estimate/bkg_estimate_shape__1up
2024-06-05 12:45:41 DEBUG    open file: /lustre/fs22/group/atlas/freder/hh/run/histograms/hists_for_cabinetry_m_hh_5_l1cvv0cv1.root
2024-06-05 12:45:41 DEBUG    saving histogram to /lustre/fs22/group/atlas/freder/hh/run/fit/m_hh_5_l1cvv0cv1/histograms/m_hh_5_SR_xbb_2_Background_bkg_estimate_shape_Up.npz
2024-06-05 12:45:41 DEBUG          variation bkg_estimate_shape Down
2024-06-05 12:45:41 DEBUG    reading input histogram /lustre/fs22/group/atlas/freder/hh/run/histograms/hists_for_cabinetry_m_hh_5_l1cvv0cv1.root:SR_xbb_2/bkg_estimate/bkg_estimate_shape__1down
2024-06-05 12:45:41 DEBUG    open file: /lustre/fs22/group/atlas/freder/hh/run/histograms/hists_for_cabinetry_m_hh_5_l1cvv0cv1.root
2024-06-05 12:45:41 WARNING  m_hh_5_SR_xbb_2_Background_bkg_estimate_shape_Down has empty bins: [0 3 4]
2024-06-05 12:45:41 DEBUG    saving histogram to /lustre/fs22/group/atlas/freder/hh/run/fit/m_hh_5_l1cvv0cv1/histograms/m_hh_5_SR_xbb_2_Background_bkg_estimate_shape_Down.npz
2024-06-05 12:45:41 DEBUG          variation stat_bkg_estimate Up
2024-06-05 12:45:41 DEBUG    reading input histogram /lustre/fs22/group/atlas/freder/hh/run/histograms/hists_for_cabinetry_m_hh_5_l1cvv0cv1.root:SR_xbb_2/bkg_estimate/stat_bkg_estimate_up
2024-06-05 12:45:41 DEBUG    open file: /lustre/fs22/group/atlas/freder/hh/run/histograms/hists_for_cabinetry_m_hh_5_l1cvv0cv1.root
2024-06-05 12:45:41 DEBUG    saving histogram to /lustre/fs22/group/atlas/freder/hh/run/fit/m_hh_5_l1cvv0cv1/histograms/m_hh_5_SR_xbb_2_Background_stat_bkg_estimate_Up.npz
2024-06-05 12:45:41 DEBUG          variation stat_bkg_estimate Down
2024-06-05 12:45:41 DEBUG    reading input histogram /lustre/fs22/group/atlas/freder/hh/run/histograms/hists_for_cabinetry_m_hh_5_l1cvv0cv1.root:SR_xbb_2/bkg_estimate/stat_bkg_estimate_down
2024-06-05 12:45:41 DEBUG    open file: /lustre/fs22/group/atlas/freder/hh/run/histograms/hists_for_cabinetry_m_hh_5_l1cvv0cv1.root
2024-06-05 12:45:41 DEBUG    saving histogram to /lustre/fs22/group/atlas/freder/hh/run/fit/m_hh_5_l1cvv0cv1/histograms/m_hh_5_SR_xbb_2_Background_stat_bkg_estimate_Down.npz
2024-06-05 12:45:41 DEBUG      in region m_hh_5_SR_xbb_2
2024-06-05 12:45:41 DEBUG        reading sample Data
2024-06-05 12:45:41 DEBUG          variation Nominal
2024-06-05 12:45:41 WARNING  m_hh_5_SR_xbb_2_Data has empty bins: [0 1 2 3 4]
2024-06-05 12:45:41 DEBUG    saving histogram to /lustre/fs22/group/atlas/freder/hh/run/fit/m_hh_5_l1cvv0cv1/histograms/m_hh_5_SR_xbb_2_Data_modified.npz
2024-06-05 12:45:41 DEBUG        reading sample VBF Signal
2024-06-05 12:45:41 DEBUG          variation Nominal
2024-06-05 12:45:41 DEBUG    saving histogram to /lustre/fs22/group/atlas/freder/hh/run/fit/m_hh_5_l1cvv0cv1/histograms/m_hh_5_SR_xbb_2_VBF-Signal_modified.npz
2024-06-05 12:45:41 DEBUG          variation scale_variations Up
2024-06-05 12:45:41 DEBUG    saving histogram to /lustre/fs22/group/atlas/freder/hh/run/fit/m_hh_5_l1cvv0cv1/histograms/m_hh_5_SR_xbb_2_VBF-Signal_scale_variations_Up_modified.npz
2024-06-05 12:45:41 DEBUG          variation scale_variations Down
2024-06-05 12:45:41 DEBUG    saving histogram to /lustre/fs22/group/atlas/freder/hh/run/fit/m_hh_5_l1cvv0cv1/histograms/m_hh_5_SR_xbb_2_VBF-Signal_scale_variations_Down_modified.npz
2024-06-05 12:45:41 DEBUG          variation stat_signal Up
2024-06-05 12:45:41 DEBUG    saving histogram to /lustre/fs22/group/atlas/freder/hh/run/fit/m_hh_5_l1cvv0cv1/histograms/m_hh_5_SR_xbb_2_VBF-Signal_stat_signal_Up_modified.npz
2024-06-05 12:45:41 DEBUG          variation stat_signal Down
2024-06-05 12:45:41 DEBUG    saving histogram to /lustre/fs22/group/atlas/freder/hh/run/fit/m_hh_5_l1cvv0cv1/histograms/m_hh_5_SR_xbb_2_VBF-Signal_stat_signal_Down_modified.npz
2024-06-05 12:45:41 DEBUG          variation m_hh_5_JET_EtaIntercalibration_Modelling Up
2024-06-05 12:45:41 DEBUG    saving histogram to /lustre/fs22/group/atlas/freder/hh/run/fit/m_hh_5_l1cvv0cv1/histograms/m_hh_5_SR_xbb_2_VBF-Signal_m_hh_5_JET_EtaIntercalibration_Modelling_Up_modified.npz
2024-06-05 12:45:41 DEBUG          variation m_hh_5_JET_EtaIntercalibration_Modelling Down
2024-06-05 12:45:41 DEBUG    saving histogram to /lustre/fs22/group/atlas/freder/hh/run/fit/m_hh_5_l1cvv0cv1/histograms/m_hh_5_SR_xbb_2_VBF-Signal_m_hh_5_JET_EtaIntercalibration_Modelling_Down_modified.npz
2024-06-05 12:45:41 DEBUG          variation m_hh_5_JET_EtaIntercalibration_NonClosure_PreRec Up
2024-06-05 12:45:41 DEBUG    saving histogram to /lustre/fs22/group/atlas/freder/hh/run/fit/m_hh_5_l1cvv0cv1/histograms/m_hh_5_SR_xbb_2_VBF-Signal_m_hh_5_JET_EtaIntercalibration_NonClosure_PreRec_Up_modified.npz
2024-06-05 12:45:41 DEBUG          variation m_hh_5_JET_EtaIntercalibration_NonClosure_PreRec Down
2024-06-05 12:45:41 DEBUG    saving histogram to /lustre/fs22/group/atlas/freder/hh/run/fit/m_hh_5_l1cvv0cv1/histograms/m_hh_5_SR_xbb_2_VBF-Signal_m_hh_5_JET_EtaIntercalibration_NonClosure_PreRec_Down_modified.npz
2024-06-05 12:45:41 DEBUG          variation m_hh_5_xbb_pt_bin_0 Up
2024-06-05 12:45:41 DEBUG    saving histogram to /lustre/fs22/group/atlas/freder/hh/run/fit/m_hh_5_l1cvv0cv1/histograms/m_hh_5_SR_xbb_2_VBF-Signal_m_hh_5_xbb_pt_bin_0_Up_modified.npz
2024-06-05 12:45:41 DEBUG          variation m_hh_5_xbb_pt_bin_0 Down
2024-06-05 12:45:41 DEBUG    saving histogram to /lustre/fs22/group/atlas/freder/hh/run/fit/m_hh_5_l1cvv0cv1/histograms/m_hh_5_SR_xbb_2_VBF-Signal_m_hh_5_xbb_pt_bin_0_Down_modified.npz
2024-06-05 12:45:41 DEBUG          variation m_hh_5_xbb_pt_bin_1 Up
2024-06-05 12:45:41 DEBUG    saving histogram to /lustre/fs22/group/atlas/freder/hh/run/fit/m_hh_5_l1cvv0cv1/histograms/m_hh_5_SR_xbb_2_VBF-Signal_m_hh_5_xbb_pt_bin_1_Up_modified.npz
2024-06-05 12:45:41 DEBUG          variation m_hh_5_xbb_pt_bin_1 Down
2024-06-05 12:45:41 DEBUG    saving histogram to /lustre/fs22/group/atlas/freder/hh/run/fit/m_hh_5_l1cvv0cv1/histograms/m_hh_5_SR_xbb_2_VBF-Signal_m_hh_5_xbb_pt_bin_1_Down_modified.npz
2024-06-05 12:45:41 DEBUG          variation m_hh_5_xbb_pt_bin_2 Up
2024-06-05 12:45:41 DEBUG    saving histogram to /lustre/fs22/group/atlas/freder/hh/run/fit/m_hh_5_l1cvv0cv1/histograms/m_hh_5_SR_xbb_2_VBF-Signal_m_hh_5_xbb_pt_bin_2_Up_modified.npz
2024-06-05 12:45:41 DEBUG          variation m_hh_5_xbb_pt_bin_2 Down
2024-06-05 12:45:41 DEBUG    saving histogram to /lustre/fs22/group/atlas/freder/hh/run/fit/m_hh_5_l1cvv0cv1/histograms/m_hh_5_SR_xbb_2_VBF-Signal_m_hh_5_xbb_pt_bin_2_Down_modified.npz
2024-06-05 12:45:41 DEBUG          variation m_hh_5_xbb_pt_bin_3 Up
2024-06-05 12:45:41 DEBUG    saving histogram to /lustre/fs22/group/atlas/freder/hh/run/fit/m_hh_5_l1cvv0cv1/histograms/m_hh_5_SR_xbb_2_VBF-Signal_m_hh_5_xbb_pt_bin_3_Up_modified.npz
2024-06-05 12:45:41 DEBUG          variation m_hh_5_xbb_pt_bin_3 Down
2024-06-05 12:45:41 DEBUG    saving histogram to /lustre/fs22/group/atlas/freder/hh/run/fit/m_hh_5_l1cvv0cv1/histograms/m_hh_5_SR_xbb_2_VBF-Signal_m_hh_5_xbb_pt_bin_3_Down_modified.npz
2024-06-05 12:45:41 DEBUG        reading sample ggF Signal
2024-06-05 12:45:41 DEBUG          variation Nominal
2024-06-05 12:45:41 WARNING  m_hh_5_SR_xbb_2_ggF-Signal has empty bins: [4]
2024-06-05 12:45:41 DEBUG    saving histogram to /lustre/fs22/group/atlas/freder/hh/run/fit/m_hh_5_l1cvv0cv1/histograms/m_hh_5_SR_xbb_2_ggF-Signal_modified.npz
2024-06-05 12:45:41 DEBUG        reading sample Background
2024-06-05 12:45:41 DEBUG          variation Nominal
2024-06-05 12:45:41 DEBUG    saving histogram to /lustre/fs22/group/atlas/freder/hh/run/fit/m_hh_5_l1cvv0cv1/histograms/m_hh_5_SR_xbb_2_Background_modified.npz
2024-06-05 12:45:41 DEBUG          variation bkg_estimate_shape Up
2024-06-05 12:45:41 DEBUG    saving histogram to /lustre/fs22/group/atlas/freder/hh/run/fit/m_hh_5_l1cvv0cv1/histograms/m_hh_5_SR_xbb_2_Background_bkg_estimate_shape_Up_modified.npz
2024-06-05 12:45:41 DEBUG          variation bkg_estimate_shape Down
2024-06-05 12:45:41 WARNING  m_hh_5_SR_xbb_2_Background_bkg_estimate_shape_Down has empty bins: [0 3 4]
2024-06-05 12:45:41 DEBUG    saving histogram to /lustre/fs22/group/atlas/freder/hh/run/fit/m_hh_5_l1cvv0cv1/histograms/m_hh_5_SR_xbb_2_Background_bkg_estimate_shape_Down_modified.npz
2024-06-05 12:45:41 DEBUG          variation stat_bkg_estimate Up
2024-06-05 12:45:41 DEBUG    saving histogram to /lustre/fs22/group/atlas/freder/hh/run/fit/m_hh_5_l1cvv0cv1/histograms/m_hh_5_SR_xbb_2_Background_stat_bkg_estimate_Up_modified.npz
2024-06-05 12:45:41 DEBUG          variation stat_bkg_estimate Down
2024-06-05 12:45:41 DEBUG    saving histogram to /lustre/fs22/group/atlas/freder/hh/run/fit/m_hh_5_l1cvv0cv1/histograms/m_hh_5_SR_xbb_2_Background_stat_bkg_estimate_Down_modified.npz
2024-06-05 12:45:41 INFO     visualizing systematic templates
2024-06-05 12:45:41 INFO     saving figure as figures/templates/m_hh_5_SR_xbb_2_VBF-Signal_scale_variations.pdf
2024-06-05 12:45:42 INFO     saving figure as figures/templates/m_hh_5_SR_xbb_2_VBF-Signal_stat_signal.pdf
2024-06-05 12:45:42 INFO     saving figure as figures/templates/m_hh_5_SR_xbb_2_VBF-Signal_m_hh_5_JET_EtaIntercalibration_Modelling.pdf
2024-06-05 12:45:43 INFO     saving figure as figures/templates/m_hh_5_SR_xbb_2_VBF-Signal_m_hh_5_JET_EtaIntercalibration_NonClosure_PreRec.pdf
2024-06-05 12:45:43 INFO     saving figure as figures/templates/m_hh_5_SR_xbb_2_VBF-Signal_m_hh_5_xbb_pt_bin_0.pdf
2024-06-05 12:45:44 INFO     saving figure as figures/templates/m_hh_5_SR_xbb_2_VBF-Signal_m_hh_5_xbb_pt_bin_1.pdf
2024-06-05 12:45:44 INFO     saving figure as figures/templates/m_hh_5_SR_xbb_2_VBF-Signal_m_hh_5_xbb_pt_bin_2.pdf
2024-06-05 12:45:44 INFO     saving figure as figures/templates/m_hh_5_SR_xbb_2_VBF-Signal_m_hh_5_xbb_pt_bin_3.pdf
2024-06-05 12:45:45 INFO     saving figure as figures/templates/m_hh_5_SR_xbb_2_Background_bkg_estimate_shape.pdf
2024-06-05 12:45:45 INFO     saving figure as figures/templates/m_hh_5_SR_xbb_2_Background_stat_bkg_estimate.pdf
2024-06-05 12:45:46 INFO     building workspace
2024-06-05 12:45:46 DEBUG    adding NormFactor signal_norm to sample VBF Signal in region m_hh_5_SR_xbb_2
2024-06-05 12:45:46 DEBUG    adding OverallSys branching_ratio_bb to sample VBF Signal in region m_hh_5_SR_xbb_2
2024-06-05 12:45:46 DEBUG    adding OverallSys and HistoSys scale_variations to sample VBF Signal in region m_hh_5_SR_xbb_2
2024-06-05 12:45:46 DEBUG    adding OverallSys and HistoSys stat_signal to sample VBF Signal in region m_hh_5_SR_xbb_2
2024-06-05 12:45:46 DEBUG    adding OverallSys and HistoSys m_hh_5_JET_EtaIntercalibration_Modelling to sample VBF Signal in region m_hh_5_SR_xbb_2
2024-06-05 12:45:46 DEBUG    adding OverallSys and HistoSys m_hh_5_JET_EtaIntercalibration_NonClosure_PreRec to sample VBF Signal in region m_hh_5_SR_xbb_2
2024-06-05 12:45:46 DEBUG    adding OverallSys and HistoSys m_hh_5_xbb_pt_bin_0 to sample VBF Signal in region m_hh_5_SR_xbb_2
2024-06-05 12:45:46 DEBUG    adding OverallSys and HistoSys m_hh_5_xbb_pt_bin_1 to sample VBF Signal in region m_hh_5_SR_xbb_2
2024-06-05 12:45:46 DEBUG    adding OverallSys and HistoSys m_hh_5_xbb_pt_bin_2 to sample VBF Signal in region m_hh_5_SR_xbb_2
2024-06-05 12:45:46 DEBUG    adding OverallSys and HistoSys m_hh_5_xbb_pt_bin_3 to sample VBF Signal in region m_hh_5_SR_xbb_2
2024-06-05 12:45:46 DEBUG    adding OverallSys bkg_estimate_norm to sample Background in region m_hh_5_SR_xbb_2
2024-06-05 12:45:46 DEBUG    adding OverallSys and HistoSys bkg_estimate_shape to sample Background in region m_hh_5_SR_xbb_2
2024-06-05 12:45:46 DEBUG    adding OverallSys and HistoSys stat_bkg_estimate to sample Background in region m_hh_5_SR_xbb_2
2024-06-05 12:45:46 INFO     Validating spec against schema: workspace.json
2024-06-05 12:45:46 DEBUG    saving workspace to workspaces/m_hh_5_l1cvv0cv1.json
2024-06-05 12:45:46 INFO     Validating spec against schema: workspace.json
2024-06-05 12:45:46 INFO     Validating spec against schema: model.json
2024-06-05 12:45:46 INFO     adding modifier bkg_estimate_shape (1 new nuisance parameters)
2024-06-05 12:45:46 INFO     adding modifier stat_bkg_estimate (1 new nuisance parameters)
2024-06-05 12:45:46 INFO     adding modifier m_hh_5_JET_EtaIntercalibration_Modelling (1 new nuisance parameters)
2024-06-05 12:45:46 INFO     adding modifier m_hh_5_JET_EtaIntercalibration_NonClosure_PreRec (1 new nuisance parameters)
2024-06-05 12:45:46 INFO     adding modifier m_hh_5_xbb_pt_bin_0 (1 new nuisance parameters)
2024-06-05 12:45:46 INFO     adding modifier m_hh_5_xbb_pt_bin_1 (1 new nuisance parameters)
2024-06-05 12:45:46 INFO     adding modifier m_hh_5_xbb_pt_bin_2 (1 new nuisance parameters)
2024-06-05 12:45:46 INFO     adding modifier m_hh_5_xbb_pt_bin_3 (1 new nuisance parameters)
2024-06-05 12:45:46 INFO     adding modifier scale_variations (1 new nuisance parameters)
2024-06-05 12:45:46 INFO     adding modifier stat_signal (1 new nuisance parameters)
2024-06-05 12:45:46 INFO     adding modifier signal_norm (1 new nuisance parameters)
2024-06-05 12:45:46 INFO     adding modifier bkg_estimate_norm (1 new nuisance parameters)
2024-06-05 12:45:46 INFO     adding modifier branching_ratio_bb (1 new nuisance parameters)
2024-06-05 12:45:46 INFO     saving figure as figures/modifier_grid.pdf
2024-06-05 12:45:46 INFO     performing maximum likelihood fit
2024-06-05 12:45:46 INFO     Migrad status:
┌─────────────────────────────────────────────────────────────────────────┐
│                                Migrad                                   │
├──────────────────────────────────┬──────────────────────────────────────┤
│ FCN = 37.97                      │              Nfcn = 352              │
│ EDM = 1.74e-18 (Goal: 0.002)     │                                      │
├──────────────────────────────────┼──────────────────────────────────────┤
│          Valid Minimum           │   Below EDM threshold (goal x 10)    │
├──────────────────────────────────┼──────────────────────────────────────┤
│      No parameters at limit      │           Below call limit           │
├──────────────────────────────────┼──────────────────────────────────────┤
│             Hesse ok             │         Covariance accurate          │
└──────────────────────────────────┴──────────────────────────────────────┘
2024-06-05 12:45:46 DEBUG    -2 log(L) = 37.972072 at best-fit point
2024-06-05 12:45:46 INFO     fit results (with symmetric uncertainties):
2024-06-05 12:45:46 INFO     bkg_estimate_shape                               =  0.0000 +/- 0.8002
2024-06-05 12:45:46 INFO     stat_bkg_estimate                                =  0.0000 +/- 0.9932
2024-06-05 12:45:46 INFO     m_hh_5_JET_EtaIntercalibration_Modelling         =  0.0000 +/- 0.9933
2024-06-05 12:45:46 INFO     m_hh_5_JET_EtaIntercalibration_NonClosure_PreRec =  0.0000 +/- 0.9933
2024-06-05 12:45:46 INFO     m_hh_5_xbb_pt_bin_0                              =  0.0000 +/- 0.9685
2024-06-05 12:45:46 INFO     m_hh_5_xbb_pt_bin_1                              =  0.0000 +/- 0.9787
2024-06-05 12:45:46 INFO     m_hh_5_xbb_pt_bin_2                              =  0.0000 +/- 0.9556
2024-06-05 12:45:46 INFO     m_hh_5_xbb_pt_bin_3                              =  0.0000 +/- 0.8192
2024-06-05 12:45:46 INFO     scale_variations                                 =  0.0000 +/- 0.9898
2024-06-05 12:45:46 INFO     stat_signal                                      =  0.0000 +/- 0.9931
2024-06-05 12:45:46 INFO     signal_norm                                      =  1.0000 +/- 0.4678
2024-06-05 12:45:46 INFO     bkg_estimate_norm                                =  0.0000 +/- 0.9907
2024-06-05 12:45:46 INFO     branching_ratio_bb                               =  0.0000 +/- 0.9933
2024-06-05 12:45:46 INFO     calculating goodness-of-fit
2024-06-05 12:45:46 DEBUG    Delta NLL = 0.000000
2024-06-05 12:45:46 DEBUG    number of degrees of freedom: 4
2024-06-05 12:45:46 INFO     p-value for goodness-of-fit test: 100.00%
2024-06-05 12:45:46 INFO     saving figure as figures/pulls.pdf
2024-06-05 12:45:46 INFO     saving figure as figures/correlation_matrix.pdf
2024-06-05 12:45:47 DEBUG    total stdev is [[1.9811885237232212, 3.5238078764100345, 2.8906817055842158, 1.399257902809517, 0.5651696446967678]]
2024-06-05 12:45:47 DEBUG    total stdev per channel is [8.612060506452815]
2024-06-05 12:45:47 DEBUG    total stdev is [[1.393443004042795, 2.6194035571290066, 1.4898739928377098, 0.7182042244924539, 0.290079262630273]]
2024-06-05 12:45:47 DEBUG    total stdev per channel is [4.9273076843773245]
2024-06-05 12:45:47 INFO     saving figure as figures/m_hh_5_SR_xbb_2_prefit.pdf
2024-06-05 12:45:47 INFO     saving figure as figures/m_hh_5_SR_xbb_2_postfit.pdf
2024-06-05 12:45:47 INFO     yields per bin for pre-fit model prediction:
╒════════════╤═══════════════════╤══════════════╤═════════════╤═════════════╤═════════════╕
│ sample     │ m_hh_5_SR_xbb_2   │              │             │             │             │
│            │ bin 1             │ bin 2        │ bin 3       │ bin 4       │ bin 5       │
╞════════════╪═══════════════════╪══════════════╪═════════════╪═════════════╪═════════════╡
│ Background │ 1.39 ± 1.68       │ 1.93 ± 0.44  │ 0.49 ± 0.14 │ 0.12 ± 0.13 │ 0.05 ± 0.05 │
├────────────┼───────────────────┼──────────────┼─────────────┼─────────────┼─────────────┤
│ VBF Signal │ 2.65 ± 1.06       │ 9.46 ± 3.50  │ 5.26 ± 2.89 │ 2.28 ± 1.39 │ 0.88 ± 0.56 │
├────────────┼───────────────────┼──────────────┼─────────────┼─────────────┼─────────────┤
│ ggF Signal │ 0.05 ± 0.00       │ 0.05 ± 0.00  │ 0.01 ± 0.00 │ 0.00 ± 0.00 │ 0.00 ± 0.00 │
├────────────┼───────────────────┼──────────────┼─────────────┼─────────────┼─────────────┤
│ total      │ 4.09 ± 1.98       │ 11.45 ± 3.52 │ 5.76 ± 2.89 │ 2.41 ± 1.40 │ 0.93 ± 0.57 │
├────────────┼───────────────────┼──────────────┼─────────────┼─────────────┼─────────────┤
│ data       │ 4.09              │ 11.45        │ 5.76        │ 2.41        │ 0.93        │
╘════════════╧═══════════════════╧══════════════╧═════════════╧═════════════╧═════════════╛
2024-06-05 12:45:47 INFO     saving table as tables/yields_per_bin_pre-fit.txt
2024-06-05 12:45:47 INFO     calculating 95% confidence level upper limit for signal_norm
2024-06-05 12:45:47 INFO     determining observed upper limit
2024-06-05 12:45:48 DEBUG    signal_norm = 0.0010, observed CLs = 1.0000
2024-06-05 12:45:49 DEBUG    signal_norm = 10.1506, observed CLs = 0.0000
2024-06-05 12:45:49 DEBUG    signal_norm = 9.6431, observed CLs = 0.0000
2024-06-05 12:45:50 DEBUG    signal_norm = 4.8220, observed CLs = 0.0003
2024-06-05 12:45:50 DEBUG    signal_norm = 2.4115, observed CLs = 0.0306
2024-06-05 12:45:51 DEBUG    signal_norm = 1.2063, observed CLs = 0.3457
2024-06-05 12:45:52 DEBUG    signal_norm = 2.3372, observed CLs = 0.0356
2024-06-05 12:45:52 DEBUG    signal_norm = 2.1325, observed CLs = 0.0540
2024-06-05 12:45:53 DEBUG    signal_norm = 2.1767, observed CLs = 0.0493
2024-06-05 12:45:53 DEBUG    signal_norm = 2.1703, observed CLs = 0.0500
2024-06-05 12:45:54 DEBUG    signal_norm = 2.1653, observed CLs = 0.0505
2024-06-05 12:45:54 INFO     successfully converged after 11 steps
2024-06-05 12:45:54 INFO     observed upper limit: 2.1703
2024-06-05 12:45:54 INFO     determining expected -2 sigma upper limit
2024-06-05 12:45:54 DEBUG    signal_norm = 0.0010, expected -2 sigma CLs = 1.0000 (cached)
2024-06-05 12:45:54 DEBUG    signal_norm = 1.2063, expected -2 sigma CLs = 0.0000 (cached)
2024-06-05 12:45:54 DEBUG    signal_norm = 1.1460, expected -2 sigma CLs = 0.0000
2024-06-05 12:45:55 DEBUG    signal_norm = 0.5735, expected -2 sigma CLs = 0.0005
2024-06-05 12:45:55 DEBUG    signal_norm = 0.2873, expected -2 sigma CLs = 0.0108
